INFO:robo.solver.bayesian_optimization:Evaluate: [1.21162440e-01 1.74510280e+00 5.28022986e-01 1.45092083e+02
 1.94729657e+00 6.93623786e+03]
INFO:robo.solver.bayesian_optimization:Configuration achieved a performance of -2.651099 in 0.000504 seconds
INFO:robo.solver.bayesian_optimization:Evaluate: [4.19276151e-01 2.16506515e+00 1.33427635e-01 1.92533393e+02
 1.68909910e+00 1.60272915e+03]
INFO:robo.solver.bayesian_optimization:Configuration achieved a performance of -5.346742 in 0.000291 seconds
INFO:robo.solver.bayesian_optimization:Evaluate: [8.82131790e-01 4.08239564e-01 7.98558500e-01 1.69807216e+02
 1.28334943e+00 8.78877416e+03]
INFO:robo.solver.bayesian_optimization:Configuration achieved a performance of -0.645731 in 0.000458 seconds
INFO:robo.solver.bayesian_optimization:Start iteration 3 ... 
INFO:robo.solver.bayesian_optimization:Train model...
INFO:robo.solver.bayesian_optimization:Time to train the model: 0.004607
INFO:robo.solver.bayesian_optimization:Maximize acquisition function...
INFO:robo.solver.bayesian_optimization:Time to maximize the acquisition function: 0.139415
INFO:robo.solver.bayesian_optimization:Optimization overhead was 0.144375 seconds
INFO:robo.solver.bayesian_optimization:Next candidate [3.17200531e-01 2.20105883e+00 3.44910442e-02 1.92631453e+02
 1.85874048e+00 1.60288040e+03]
INFO:robo.solver.bayesian_optimization:Configuration achieved a performance of -5.153779 
INFO:robo.solver.bayesian_optimization:Evaluation of this configuration took 0.000159 seconds
INFO:robo.solver.bayesian_optimization:Current incumbent [4.19276151e-01 2.16506515e+00 1.33427635e-01 1.92533393e+02
 1.68909910e+00 1.60272915e+03] with estimated performance -5.346742
INFO:robo.solver.bayesian_optimization:Start iteration 4 ... 
INFO:robo.solver.bayesian_optimization:Train model...
INFO:robo.solver.bayesian_optimization:Time to train the model: 0.004064
INFO:robo.solver.bayesian_optimization:Maximize acquisition function...
INFO:robo.solver.bayesian_optimization:Time to maximize the acquisition function: 0.140659
INFO:robo.solver.bayesian_optimization:Optimization overhead was 0.144991 seconds
INFO:robo.solver.bayesian_optimization:Next candidate [4.08250559e-01 2.29579098e+00 1.14722536e-02 1.92624251e+02
 1.60419844e+00 1.60273338e+03]
INFO:robo.solver.bayesian_optimization:Configuration achieved a performance of -5.362418 
INFO:robo.solver.bayesian_optimization:Evaluation of this configuration took 0.000153 seconds
INFO:robo.solver.bayesian_optimization:Current incumbent [4.08250559e-01 2.29579098e+00 1.14722536e-02 1.92624251e+02
 1.60419844e+00 1.60273338e+03] with estimated performance -5.362418
INFO:robo.solver.bayesian_optimization:Return [0.40825055888660294, 2.2957909773160528, 0.011472253644604358, 192.6242506292363, 1.6041984354720522, 1602.7333813685946] as incumbent with error -5.362418 
