DEBUG:robo.models.gaussian_process:GP Hyperparameters: [-1.09861229  0.          0.          0.          0.          0.
  0.         -6.90775528]
INFO:robo.solver.bayesian_optimization:Evaluate: [8.07191287e-01 9.67499795e-01 6.73542794e-01 1.80460675e+02
 1.41513098e+00 8.18939176e+03]
DEBUG:robo.models.gaussian_process:GP Hyperparameters: [-1.09861229 -0.2141946  -0.03304007 -0.39520375  5.19551289  0.3472221
  9.01059491 -6.90775528]
DEBUG:objective_function:F-score: 0.5238095238095238
INFO:robo.solver.bayesian_optimization:Configuration achieved a performance of 0.523810 in 0.007147 seconds
INFO:robo.solver.bayesian_optimization:Evaluate: [6.42971572e-01 2.07494540e+00 4.60249439e-01 1.54654647e+02
 1.78508606e+00 6.29768827e+03]
DEBUG:robo.models.gaussian_process:GP Hyperparameters: [-1.09861229 -0.44165477  0.72993484 -0.77598668  5.04119455  0.57946663
  8.7479379  -6.90775528]
DEBUG:objective_function:F-score: 0.5238095238095238
INFO:robo.solver.bayesian_optimization:Configuration achieved a performance of 0.523810 in 0.008883 seconds
INFO:robo.solver.bayesian_optimization:Evaluate: [6.68619915e-02 1.34021724e+00 3.01258843e-02 1.35175067e+02
 1.54401266e+00 2.96350876e+03]
DEBUG:robo.models.gaussian_process:GP Hyperparameters: [-1.09861229 -2.70512461  0.29283172 -3.50237053  4.90657073  0.43438465
  7.99412924 -6.90775528]
DEBUG:objective_function:F-score: 0.5238095238095238
INFO:robo.solver.bayesian_optimization:Configuration achieved a performance of 0.523810 in 0.015457 seconds
INFO:robo.solver.bayesian_optimization:Start iteration 3 ... 
INFO:robo.solver.bayesian_optimization:Train model...
DEBUG:robo.models.gaussian_process:GP Hyperparameters: [-1.09861229  0.          0.          0.          0.          0.
  0.         -6.90775528]
INFO:robo.solver.bayesian_optimization:Time to train the model: 0.011393
INFO:robo.solver.bayesian_optimization:Maximize acquisition function...
INFO:robo.solver.bayesian_optimization:Time to maximize the acquisition function: 0.107771
INFO:robo.solver.bayesian_optimization:Optimization overhead was 0.119663 seconds
INFO:robo.solver.bayesian_optimization:Next candidate [9.45411731e-02 1.47883792e-01 9.45451684e-01 1.31222795e+02
 1.90253795e+00 2.62011879e+03]
DEBUG:robo.models.gaussian_process:GP Hyperparameters: [-1.09861229 -2.35871985 -1.9113285  -0.05609249  4.87689661  0.64318876
  7.87097494 -6.90775528]
DEBUG:objective_function:F-score: 0.5238095238095238
INFO:robo.solver.bayesian_optimization:Configuration achieved a performance of 0.523810 
INFO:robo.solver.bayesian_optimization:Evaluation of this configuration took 0.009253 seconds
INFO:robo.solver.bayesian_optimization:Current incumbent [8.07191287e-01 9.67499795e-01 6.73542794e-01 1.80460675e+02
 1.41513098e+00 8.18939176e+03] with estimated performance 0.523810
INFO:robo.solver.bayesian_optimization:Start iteration 4 ... 
INFO:robo.solver.bayesian_optimization:Train model...
DEBUG:robo.models.gaussian_process:GP Hyperparameters: [-1.09861229  0.          0.          0.          0.          0.
  0.         -6.90775528]
INFO:robo.solver.bayesian_optimization:Time to train the model: 0.005132
INFO:robo.solver.bayesian_optimization:Maximize acquisition function...
INFO:robo.solver.bayesian_optimization:Time to maximize the acquisition function: 0.097320
INFO:robo.solver.bayesian_optimization:Optimization overhead was 0.102735 seconds
INFO:robo.solver.bayesian_optimization:Next candidate [7.37506257e-02 2.91015987e+00 9.72848500e-01 1.28975176e+02
 1.34122186e+00 1.02242618e+04]
DEBUG:robo.models.gaussian_process:GP Hyperparameters: [-1.09861229 -2.6070658   1.06820802 -0.02752691  4.85961995  0.29358103
  9.23251879 -6.90775528]
DEBUG:objective_function:F-score: 0.5238095238095238
INFO:robo.solver.bayesian_optimization:Configuration achieved a performance of 0.523810 
INFO:robo.solver.bayesian_optimization:Evaluation of this configuration took 0.008204 seconds
INFO:robo.solver.bayesian_optimization:Current incumbent [8.07191287e-01 9.67499795e-01 6.73542794e-01 1.80460675e+02
 1.41513098e+00 8.18939176e+03] with estimated performance 0.523810
INFO:robo.solver.bayesian_optimization:Start iteration 5 ... 
INFO:robo.solver.bayesian_optimization:Train model...
DEBUG:robo.models.gaussian_process:GP Hyperparameters: [-1.09861229  0.          0.          0.          0.          0.
  0.         -6.90775528]
INFO:robo.solver.bayesian_optimization:Time to train the model: 0.005816
INFO:robo.solver.bayesian_optimization:Maximize acquisition function...
INFO:robo.solver.bayesian_optimization:Time to maximize the acquisition function: 0.115577
INFO:robo.solver.bayesian_optimization:Optimization overhead was 0.121820 seconds
INFO:robo.solver.bayesian_optimization:Next candidate [9.97441811e-01 1.98596896e-02 2.11820972e-01 1.48922159e+02
 1.99782371e+00 9.55914280e+03]
DEBUG:robo.models.gaussian_process:GP Hyperparameters: [-1.09861229e+00 -2.56146641e-03 -3.91906325e+00 -1.55201383e+00
  5.00342374e+00  6.92058443e-01  9.16525334e+00 -6.90775528e+00]
DEBUG:objective_function:F-score: 0.5238095238095238
INFO:robo.solver.bayesian_optimization:Configuration achieved a performance of 0.523810 
INFO:robo.solver.bayesian_optimization:Evaluation of this configuration took 0.008411 seconds
INFO:robo.solver.bayesian_optimization:Current incumbent [8.07191287e-01 9.67499795e-01 6.73542794e-01 1.80460675e+02
 1.41513098e+00 8.18939176e+03] with estimated performance 0.523810
INFO:robo.solver.bayesian_optimization:Start iteration 6 ... 
INFO:robo.solver.bayesian_optimization:Train model...
DEBUG:robo.models.gaussian_process:GP Hyperparameters: [-1.09861229  0.          0.          0.          0.          0.
  0.         -6.90775528]
INFO:robo.solver.bayesian_optimization:Time to train the model: 0.005676
INFO:robo.solver.bayesian_optimization:Maximize acquisition function...
INFO:robo.solver.bayesian_optimization:Time to maximize the acquisition function: 0.130560
INFO:robo.solver.bayesian_optimization:Optimization overhead was 0.136499 seconds
INFO:robo.solver.bayesian_optimization:Next candidate [1.19521433e-01 5.52039598e-01 9.88268969e-01 1.89461017e+02
 1.82108260e+00 1.09227916e+04]
DEBUG:robo.models.gaussian_process:GP Hyperparameters: [-1.09861229 -2.12425956 -0.5941355  -0.01180038  5.24418329  0.59943116
  9.29860686 -6.90775528]
DEBUG:objective_function:F-score: 0.5238095238095238
INFO:robo.solver.bayesian_optimization:Configuration achieved a performance of 0.523810 
INFO:robo.solver.bayesian_optimization:Evaluation of this configuration took 0.007035 seconds
INFO:robo.solver.bayesian_optimization:Current incumbent [8.07191287e-01 9.67499795e-01 6.73542794e-01 1.80460675e+02
 1.41513098e+00 8.18939176e+03] with estimated performance 0.523810
INFO:robo.solver.bayesian_optimization:Start iteration 7 ... 
INFO:robo.solver.bayesian_optimization:Train model...
DEBUG:robo.models.gaussian_process:GP Hyperparameters: [-1.09861229  0.          0.          0.          0.          0.
  0.         -6.90775528]
INFO:robo.solver.bayesian_optimization:Time to train the model: 0.004272
INFO:robo.solver.bayesian_optimization:Maximize acquisition function...
INFO:robo.solver.bayesian_optimization:Time to maximize the acquisition function: 0.098296
INFO:robo.solver.bayesian_optimization:Optimization overhead was 0.102841 seconds
INFO:robo.solver.bayesian_optimization:Next candidate [6.43370657e-02 2.91175869e+00 9.28750223e-01 1.75708818e+02
 1.63798262e+00 1.72569479e+03]
DEBUG:robo.models.gaussian_process:GP Hyperparameters: [-1.09861229 -2.74361936  1.06875726 -0.07391544  5.16882818  0.49346538
  7.45338503 -6.90775528]
DEBUG:objective_function:F-score: 0.5238095238095238
INFO:robo.solver.bayesian_optimization:Configuration achieved a performance of 0.523810 
INFO:robo.solver.bayesian_optimization:Evaluation of this configuration took 0.007427 seconds
INFO:robo.solver.bayesian_optimization:Current incumbent [8.07191287e-01 9.67499795e-01 6.73542794e-01 1.80460675e+02
 1.41513098e+00 8.18939176e+03] with estimated performance 0.523810
INFO:robo.solver.bayesian_optimization:Start iteration 8 ... 
INFO:robo.solver.bayesian_optimization:Train model...
DEBUG:robo.models.gaussian_process:GP Hyperparameters: [-1.09861229  0.          0.          0.          0.          0.
  0.         -6.90775528]
INFO:robo.solver.bayesian_optimization:Time to train the model: 0.005181
INFO:robo.solver.bayesian_optimization:Maximize acquisition function...
INFO:robo.solver.bayesian_optimization:Time to maximize the acquisition function: 0.101890
INFO:robo.solver.bayesian_optimization:Optimization overhead was 0.107376 seconds
INFO:robo.solver.bayesian_optimization:Next candidate [9.21893367e-01 1.45628400e+00 9.70634526e-01 1.29680659e+02
 1.34798551e+00 1.91695564e+03]
DEBUG:robo.models.gaussian_process:GP Hyperparameters: [-1.09861229 -0.08132572  0.37588799 -0.02980527  4.86507496  0.29861127
  7.5584936  -6.90775528]
DEBUG:objective_function:F-score: 0.5238095238095238
INFO:robo.solver.bayesian_optimization:Configuration achieved a performance of 0.523810 
INFO:robo.solver.bayesian_optimization:Evaluation of this configuration took 0.007410 seconds
INFO:robo.solver.bayesian_optimization:Current incumbent [8.07191287e-01 9.67499795e-01 6.73542794e-01 1.80460675e+02
 1.41513098e+00 8.18939176e+03] with estimated performance 0.523810
INFO:robo.solver.bayesian_optimization:Start iteration 9 ... 
INFO:robo.solver.bayesian_optimization:Train model...
DEBUG:robo.models.gaussian_process:GP Hyperparameters: [-1.09861229  0.          0.          0.          0.          0.
  0.         -6.90775528]
INFO:robo.solver.bayesian_optimization:Time to train the model: 0.006057
INFO:robo.solver.bayesian_optimization:Maximize acquisition function...
INFO:robo.solver.bayesian_optimization:Time to maximize the acquisition function: 0.101311
INFO:robo.solver.bayesian_optimization:Optimization overhead was 0.107648 seconds
INFO:robo.solver.bayesian_optimization:Next candidate [1.00098319e-01 5.33229157e-01 1.68411057e-02 1.89907574e+02
 1.50067810e+00 1.00227969e+04]
DEBUG:robo.models.gaussian_process:GP Hyperparameters: [-1.09861229 -2.30160239 -0.62880401 -4.08393261  5.2465375   0.40591708
  9.21261747 -6.90775528]
DEBUG:objective_function:F-score: 0.5238095238095238
INFO:robo.solver.bayesian_optimization:Configuration achieved a performance of 0.523810 
INFO:robo.solver.bayesian_optimization:Evaluation of this configuration took 0.007421 seconds
INFO:robo.solver.bayesian_optimization:Current incumbent [8.07191287e-01 9.67499795e-01 6.73542794e-01 1.80460675e+02
 1.41513098e+00 8.18939176e+03] with estimated performance 0.523810
INFO:robo.solver.bayesian_optimization:Start iteration 10 ... 
INFO:robo.solver.bayesian_optimization:Train model...
DEBUG:robo.models.gaussian_process:GP Hyperparameters: [-1.09861229  0.          0.          0.          0.          0.
  0.         -6.90775528]
INFO:robo.solver.bayesian_optimization:Time to train the model: 0.005284
INFO:robo.solver.bayesian_optimization:Maximize acquisition function...
INFO:robo.solver.bayesian_optimization:Time to maximize the acquisition function: 0.104449
INFO:robo.solver.bayesian_optimization:Optimization overhead was 0.110010 seconds
INFO:robo.solver.bayesian_optimization:Next candidate [4.80275999e-01 2.78976212e+00 1.06595298e-02 1.87464550e+02
 1.25270612e+00 4.89113597e+03]
DEBUG:robo.models.gaussian_process:GP Hyperparameters: [-1.09861229 -0.73339434  1.02595633 -4.54130097  5.23358976  0.22530611
  8.49517986 -6.90775528]
DEBUG:objective_function:F-score: 0.5238095238095238
INFO:robo.solver.bayesian_optimization:Configuration achieved a performance of 0.523810 
INFO:robo.solver.bayesian_optimization:Evaluation of this configuration took 0.007306 seconds
INFO:robo.solver.bayesian_optimization:Current incumbent [8.07191287e-01 9.67499795e-01 6.73542794e-01 1.80460675e+02
 1.41513098e+00 8.18939176e+03] with estimated performance 0.523810
INFO:robo.solver.bayesian_optimization:Start iteration 11 ... 
INFO:robo.solver.bayesian_optimization:Train model...
DEBUG:robo.models.gaussian_process:GP Hyperparameters: [-1.09861229  0.          0.          0.          0.          0.
  0.         -6.90775528]
INFO:robo.solver.bayesian_optimization:Time to train the model: 0.005689
INFO:robo.solver.bayesian_optimization:Maximize acquisition function...
INFO:robo.solver.bayesian_optimization:Time to maximize the acquisition function: 0.107447
INFO:robo.solver.bayesian_optimization:Optimization overhead was 0.113449 seconds
INFO:robo.solver.bayesian_optimization:Next candidate [7.71133815e-01 1.37467361e-01 1.09070055e-01 1.25826757e+02
 1.43379244e+00 1.11530636e+04]
DEBUG:robo.models.gaussian_process:GP Hyperparameters: [-1.09861229 -0.25989336 -1.98436877 -2.21576489  4.83490602  0.36032299
  9.3194695  -6.90775528]
DEBUG:objective_function:F-score: 0.5238095238095238
INFO:robo.solver.bayesian_optimization:Configuration achieved a performance of 0.523810 
INFO:robo.solver.bayesian_optimization:Evaluation of this configuration took 0.007630 seconds
INFO:robo.solver.bayesian_optimization:Current incumbent [8.07191287e-01 9.67499795e-01 6.73542794e-01 1.80460675e+02
 1.41513098e+00 8.18939176e+03] with estimated performance 0.523810
INFO:robo.solver.bayesian_optimization:Start iteration 12 ... 
INFO:robo.solver.bayesian_optimization:Train model...
DEBUG:robo.models.gaussian_process:GP Hyperparameters: [-1.09861229  0.          0.          0.          0.          0.
  0.         -6.90775528]
INFO:robo.solver.bayesian_optimization:Time to train the model: 0.005421
INFO:robo.solver.bayesian_optimization:Maximize acquisition function...
INFO:robo.solver.bayesian_optimization:Time to maximize the acquisition function: 0.098983
INFO:robo.solver.bayesian_optimization:Optimization overhead was 0.104674 seconds
INFO:robo.solver.bayesian_optimization:Next candidate [2.98846942e-03 2.92712503e-02 7.21012239e-02 1.80865562e+02
 1.59208463e+00 1.82433450e+03]
DEBUG:robo.models.gaussian_process:GP Hyperparameters: [-1.09861229 -5.81299392 -3.53114946 -2.62968426  5.197754    0.46504424
  7.50897054 -6.90775528]
DEBUG:objective_function:F-score: 0.5238095238095238
INFO:robo.solver.bayesian_optimization:Configuration achieved a performance of 0.523810 
INFO:robo.solver.bayesian_optimization:Evaluation of this configuration took 0.008289 seconds
INFO:robo.solver.bayesian_optimization:Current incumbent [8.07191287e-01 9.67499795e-01 6.73542794e-01 1.80460675e+02
 1.41513098e+00 8.18939176e+03] with estimated performance 0.523810
INFO:robo.solver.bayesian_optimization:Start iteration 13 ... 
INFO:robo.solver.bayesian_optimization:Train model...
DEBUG:robo.models.gaussian_process:GP Hyperparameters: [-1.09861229  0.          0.          0.          0.          0.
  0.         -6.90775528]
INFO:robo.solver.bayesian_optimization:Time to train the model: 0.005453
INFO:robo.solver.bayesian_optimization:Maximize acquisition function...
INFO:robo.solver.bayesian_optimization:Time to maximize the acquisition function: 0.093705
INFO:robo.solver.bayesian_optimization:Optimization overhead was 0.099434 seconds
INFO:robo.solver.bayesian_optimization:Next candidate [9.56737087e-01 2.87180169e+00 8.93408804e-01 1.88613747e+02
 1.83764137e+00 7.63599483e+03]
DEBUG:robo.models.gaussian_process:GP Hyperparameters: [-1.09861229 -0.04422665  1.0549396  -0.11271102  5.23970126  0.60848289
  8.94062851 -6.90775528]
DEBUG:objective_function:F-score: 0.5238095238095238
INFO:robo.solver.bayesian_optimization:Configuration achieved a performance of 0.523810 
INFO:robo.solver.bayesian_optimization:Evaluation of this configuration took 0.007831 seconds
INFO:robo.solver.bayesian_optimization:Current incumbent [8.07191287e-01 9.67499795e-01 6.73542794e-01 1.80460675e+02
 1.41513098e+00 8.18939176e+03] with estimated performance 0.523810
INFO:robo.solver.bayesian_optimization:Start iteration 14 ... 
INFO:robo.solver.bayesian_optimization:Train model...
DEBUG:robo.models.gaussian_process:GP Hyperparameters: [-1.09861229  0.          0.          0.          0.          0.
  0.         -6.90775528]
INFO:robo.solver.bayesian_optimization:Time to train the model: 0.004811
INFO:robo.solver.bayesian_optimization:Maximize acquisition function...
INFO:robo.solver.bayesian_optimization:Time to maximize the acquisition function: 0.101854
INFO:robo.solver.bayesian_optimization:Optimization overhead was 0.106942 seconds
INFO:robo.solver.bayesian_optimization:Next candidate [8.16588279e-01 2.63415459e+00 4.00783509e-02 1.29249150e+02
 1.95763486e+00 2.88132555e+03]
DEBUG:robo.models.gaussian_process:GP Hyperparameters: [-1.09861229 -0.20262025  0.96856229 -3.21691897  4.86174193  0.67173704
  7.96600573 -6.90775528]
DEBUG:objective_function:F-score: 0.5238095238095238
INFO:robo.solver.bayesian_optimization:Configuration achieved a performance of 0.523810 
INFO:robo.solver.bayesian_optimization:Evaluation of this configuration took 0.007695 seconds
INFO:robo.solver.bayesian_optimization:Current incumbent [8.07191287e-01 9.67499795e-01 6.73542794e-01 1.80460675e+02
 1.41513098e+00 8.18939176e+03] with estimated performance 0.523810
INFO:robo.solver.bayesian_optimization:Start iteration 15 ... 
INFO:robo.solver.bayesian_optimization:Train model...
DEBUG:robo.models.gaussian_process:GP Hyperparameters: [-1.09861229  0.          0.          0.          0.          0.
  0.         -6.90775528]
INFO:robo.solver.bayesian_optimization:Time to train the model: 0.005006
INFO:robo.solver.bayesian_optimization:Maximize acquisition function...
INFO:robo.solver.bayesian_optimization:Time to maximize the acquisition function: 0.102448
INFO:robo.solver.bayesian_optimization:Optimization overhead was 0.107757 seconds
INFO:robo.solver.bayesian_optimization:Next candidate [2.55221453e-01 2.86671966e+00 5.43120536e-03 1.86502586e+02
 1.98671455e+00 2.67862019e+03]
DEBUG:robo.models.gaussian_process:GP Hyperparameters: [-1.09861229 -1.36562367  1.0531684  -5.21559419  5.22844511  0.6864823
  7.89305709 -6.90775528]
DEBUG:objective_function:F-score: 0.5238095238095238
INFO:robo.solver.bayesian_optimization:Configuration achieved a performance of 0.523810 
INFO:robo.solver.bayesian_optimization:Evaluation of this configuration took 0.008046 seconds
INFO:robo.solver.bayesian_optimization:Current incumbent [8.07191287e-01 9.67499795e-01 6.73542794e-01 1.80460675e+02
 1.41513098e+00 8.18939176e+03] with estimated performance 0.523810
INFO:robo.solver.bayesian_optimization:Start iteration 16 ... 
INFO:robo.solver.bayesian_optimization:Train model...
DEBUG:robo.models.gaussian_process:GP Hyperparameters: [-1.09861229  0.          0.          0.          0.          0.
  0.         -6.90775528]
INFO:robo.solver.bayesian_optimization:Time to train the model: 0.005550
INFO:robo.solver.bayesian_optimization:Maximize acquisition function...
INFO:robo.solver.bayesian_optimization:Time to maximize the acquisition function: 0.096528
INFO:robo.solver.bayesian_optimization:Optimization overhead was 0.102382 seconds
INFO:robo.solver.bayesian_optimization:Next candidate [4.80641538e-01 2.52874872e+00 1.24267354e-02 1.90792252e+02
 1.96249519e+00 1.10634302e+04]
DEBUG:robo.models.gaussian_process:GP Hyperparameters: [-1.09861229 -0.73263353  0.9277246  -4.38790505  5.25118515  0.67421672
  9.31140037 -6.90775528]
DEBUG:objective_function:F-score: 0.5238095238095238
INFO:robo.solver.bayesian_optimization:Configuration achieved a performance of 0.523810 
INFO:robo.solver.bayesian_optimization:Evaluation of this configuration took 0.007930 seconds
INFO:robo.solver.bayesian_optimization:Current incumbent [8.07191287e-01 9.67499795e-01 6.73542794e-01 1.80460675e+02
 1.41513098e+00 8.18939176e+03] with estimated performance 0.523810
INFO:robo.solver.bayesian_optimization:Start iteration 17 ... 
INFO:robo.solver.bayesian_optimization:Train model...
DEBUG:robo.models.gaussian_process:GP Hyperparameters: [-1.09861229  0.          0.          0.          0.          0.
  0.         -6.90775528]
INFO:robo.solver.bayesian_optimization:Time to train the model: 0.005694
INFO:robo.solver.bayesian_optimization:Maximize acquisition function...
INFO:robo.solver.bayesian_optimization:Time to maximize the acquisition function: 0.103544
INFO:robo.solver.bayesian_optimization:Optimization overhead was 0.109520 seconds
INFO:robo.solver.bayesian_optimization:Next candidate [9.47594675e-01 2.95643632e+00 2.66926306e-01 1.27752911e+02
 1.22290997e+00 1.11656434e+04]
DEBUG:robo.models.gaussian_process:GP Hyperparameters: [-1.09861229 -0.05382843  1.0839846  -1.32078266  4.85009802  0.20123324
  9.32059679 -6.90775528]
DEBUG:objective_function:F-score: 0.5238095238095238
INFO:robo.solver.bayesian_optimization:Configuration achieved a performance of 0.523810 
INFO:robo.solver.bayesian_optimization:Evaluation of this configuration took 0.008447 seconds
INFO:robo.solver.bayesian_optimization:Current incumbent [8.07191287e-01 9.67499795e-01 6.73542794e-01 1.80460675e+02
 1.41513098e+00 8.18939176e+03] with estimated performance 0.523810
INFO:robo.solver.bayesian_optimization:Start iteration 18 ... 
INFO:robo.solver.bayesian_optimization:Train model...
DEBUG:robo.models.gaussian_process:GP Hyperparameters: [-1.09861229  0.          0.          0.          0.          0.
  0.         -6.90775528]
INFO:robo.solver.bayesian_optimization:Time to train the model: 0.005182
INFO:robo.solver.bayesian_optimization:Maximize acquisition function...
INFO:robo.solver.bayesian_optimization:Time to maximize the acquisition function: 0.100249
INFO:robo.solver.bayesian_optimization:Optimization overhead was 0.105714 seconds
INFO:robo.solver.bayesian_optimization:Next candidate [1.97582274e-01 2.59156060e+00 1.91078732e-01 1.36326054e+02
 1.97356935e+00 1.08632244e+04]
DEBUG:robo.models.gaussian_process:GP Hyperparameters: [-1.09861229 -1.6216002   0.95226024 -1.65506973  4.91504947  0.67984376
  9.29313845 -6.90775528]
DEBUG:objective_function:F-score: 0.5238095238095238
INFO:robo.solver.bayesian_optimization:Configuration achieved a performance of 0.523810 
INFO:robo.solver.bayesian_optimization:Evaluation of this configuration took 0.007995 seconds
INFO:robo.solver.bayesian_optimization:Current incumbent [8.07191287e-01 9.67499795e-01 6.73542794e-01 1.80460675e+02
 1.41513098e+00 8.18939176e+03] with estimated performance 0.523810
INFO:robo.solver.bayesian_optimization:Start iteration 19 ... 
INFO:robo.solver.bayesian_optimization:Train model...
DEBUG:robo.models.gaussian_process:GP Hyperparameters: [-1.09861229  0.          0.          0.          0.          0.
  0.         -6.90775528]
INFO:robo.solver.bayesian_optimization:Time to train the model: 0.005141
INFO:robo.solver.bayesian_optimization:Maximize acquisition function...
INFO:robo.solver.bayesian_optimization:Time to maximize the acquisition function: 0.098020
INFO:robo.solver.bayesian_optimization:Optimization overhead was 0.103427 seconds
INFO:robo.solver.bayesian_optimization:Next candidate [1.59334158e-01 2.16996581e-01 9.19288490e-01 1.27246256e+02
 1.38103323e+00 1.08376451e+04]
DEBUG:robo.models.gaussian_process:GP Hyperparameters: [-1.09861229 -1.83675166 -1.52787368 -0.08415529  4.84612423  0.32283193
  9.29078101 -6.90775528]
DEBUG:objective_function:F-score: 0.5238095238095238
INFO:robo.solver.bayesian_optimization:Configuration achieved a performance of 0.523810 
INFO:robo.solver.bayesian_optimization:Evaluation of this configuration took 0.007602 seconds
INFO:robo.solver.bayesian_optimization:Current incumbent [8.07191287e-01 9.67499795e-01 6.73542794e-01 1.80460675e+02
 1.41513098e+00 8.18939176e+03] with estimated performance 0.523810
INFO:robo.solver.bayesian_optimization:Start iteration 20 ... 
INFO:robo.solver.bayesian_optimization:Train model...
DEBUG:robo.models.gaussian_process:GP Hyperparameters: [-1.09861229  0.          0.          0.          0.          0.
  0.         -6.90775528]
INFO:robo.solver.bayesian_optimization:Time to train the model: 0.005619
INFO:robo.solver.bayesian_optimization:Maximize acquisition function...
INFO:robo.solver.bayesian_optimization:Time to maximize the acquisition function: 0.108794
INFO:robo.solver.bayesian_optimization:Optimization overhead was 0.114699 seconds
INFO:robo.solver.bayesian_optimization:Next candidate [9.75429523e-01 2.59392151e-01 3.38567684e-01 1.26780199e+02
 1.99518036e+00 2.77715424e+03]
DEBUG:robo.models.gaussian_process:GP Hyperparameters: [-1.09861229 -0.02487737 -1.34941426 -1.08303125  4.84245487  0.69073445
  7.92918203 -6.90775528]
DEBUG:objective_function:F-score: 0.5238095238095238
INFO:robo.solver.bayesian_optimization:Configuration achieved a performance of 0.523810 
INFO:robo.solver.bayesian_optimization:Evaluation of this configuration took 0.007690 seconds
INFO:robo.solver.bayesian_optimization:Current incumbent [8.07191287e-01 9.67499795e-01 6.73542794e-01 1.80460675e+02
 1.41513098e+00 8.18939176e+03] with estimated performance 0.523810
INFO:robo.solver.bayesian_optimization:Start iteration 21 ... 
INFO:robo.solver.bayesian_optimization:Train model...
DEBUG:robo.models.gaussian_process:GP Hyperparameters: [-1.09861229  0.          0.          0.          0.          0.
  0.         -6.90775528]
INFO:robo.solver.bayesian_optimization:Time to train the model: 0.005516
INFO:robo.solver.bayesian_optimization:Maximize acquisition function...
INFO:robo.solver.bayesian_optimization:Time to maximize the acquisition function: 0.105606
INFO:robo.solver.bayesian_optimization:Optimization overhead was 0.111425 seconds
INFO:robo.solver.bayesian_optimization:Next candidate [9.71392050e-01 8.67783999e-01 9.24415922e-01 1.29378541e+02
 1.84689881e+00 1.04900028e+04]
DEBUG:robo.models.gaussian_process:GP Hyperparameters: [-1.09861229 -0.02902513 -0.14181244 -0.07859318  4.86274253  0.61350791
  9.25817797 -6.90775528]
DEBUG:objective_function:F-score: 0.5238095238095238
INFO:robo.solver.bayesian_optimization:Configuration achieved a performance of 0.523810 
INFO:robo.solver.bayesian_optimization:Evaluation of this configuration took 0.007582 seconds
INFO:robo.solver.bayesian_optimization:Current incumbent [8.07191287e-01 9.67499795e-01 6.73542794e-01 1.80460675e+02
 1.41513098e+00 8.18939176e+03] with estimated performance 0.523810
INFO:robo.solver.bayesian_optimization:Start iteration 22 ... 
INFO:robo.solver.bayesian_optimization:Train model...
DEBUG:robo.models.gaussian_process:GP Hyperparameters: [-1.09861229  0.          0.          0.          0.          0.
  0.         -6.90775528]
INFO:robo.solver.bayesian_optimization:Time to train the model: 0.005043
INFO:robo.solver.bayesian_optimization:Maximize acquisition function...
INFO:robo.solver.bayesian_optimization:Time to maximize the acquisition function: 0.103348
INFO:robo.solver.bayesian_optimization:Optimization overhead was 0.108677 seconds
INFO:robo.solver.bayesian_optimization:Next candidate [9.77730997e-01 1.05891692e+00 6.89403440e-02 1.91424080e+02
 1.81656193e+00 1.91990553e+03]
DEBUG:robo.models.gaussian_process:GP Hyperparameters: [-1.09861229 -0.0225207   0.05724661 -2.67451373  5.25449128  0.59694567
  7.56003126 -6.90775528]
DEBUG:objective_function:F-score: 0.5238095238095238
INFO:robo.solver.bayesian_optimization:Configuration achieved a performance of 0.523810 
INFO:robo.solver.bayesian_optimization:Evaluation of this configuration took 0.007665 seconds
INFO:robo.solver.bayesian_optimization:Current incumbent [8.07191287e-01 9.67499795e-01 6.73542794e-01 1.80460675e+02
 1.41513098e+00 8.18939176e+03] with estimated performance 0.523810
INFO:robo.solver.bayesian_optimization:Start iteration 23 ... 
INFO:robo.solver.bayesian_optimization:Train model...
DEBUG:robo.models.gaussian_process:GP Hyperparameters: [-1.09861229  0.          0.          0.          0.          0.
  0.         -6.90775528]
INFO:robo.solver.bayesian_optimization:Time to train the model: 0.005868
INFO:robo.solver.bayesian_optimization:Maximize acquisition function...
INFO:robo.solver.bayesian_optimization:Time to maximize the acquisition function: 0.100003
INFO:robo.solver.bayesian_optimization:Optimization overhead was 0.106143 seconds
INFO:robo.solver.bayesian_optimization:Next candidate [9.92759279e-01 6.48250398e-01 1.32983956e-02 1.86614838e+02
 1.27784212e+00 1.08381847e+04]
DEBUG:robo.models.gaussian_process:GP Hyperparameters: [-1.09861229e+00 -7.26706256e-03 -4.33478241e-01 -4.32011188e+00
  5.22904681e+00  2.45172814e-01  9.29083080e+00 -6.90775528e+00]
DEBUG:objective_function:F-score: 0.5238095238095238
INFO:robo.solver.bayesian_optimization:Configuration achieved a performance of 0.523810 
INFO:robo.solver.bayesian_optimization:Evaluation of this configuration took 0.008052 seconds
INFO:robo.solver.bayesian_optimization:Current incumbent [8.07191287e-01 9.67499795e-01 6.73542794e-01 1.80460675e+02
 1.41513098e+00 8.18939176e+03] with estimated performance 0.523810
INFO:robo.solver.bayesian_optimization:Start iteration 24 ... 
INFO:robo.solver.bayesian_optimization:Train model...
DEBUG:robo.models.gaussian_process:GP Hyperparameters: [-1.09861229  0.          0.          0.          0.          0.
  0.         -6.90775528]
INFO:robo.solver.bayesian_optimization:Time to train the model: 0.005248
INFO:robo.solver.bayesian_optimization:Maximize acquisition function...
INFO:robo.solver.bayesian_optimization:Time to maximize the acquisition function: 0.102664
INFO:robo.solver.bayesian_optimization:Optimization overhead was 0.108173 seconds
INFO:robo.solver.bayesian_optimization:Next candidate [6.75073332e-01 3.40167265e-01 9.53749483e-01 1.84996156e+02
 1.37431750e+00 2.59929236e+03]
DEBUG:robo.models.gaussian_process:GP Hyperparameters: [-1.09861229 -0.39293395 -1.07831783 -0.04735424  5.22033505  0.31795724
  7.86299452 -6.90775528]
DEBUG:objective_function:F-score: 0.5238095238095238
INFO:robo.solver.bayesian_optimization:Configuration achieved a performance of 0.523810 
INFO:robo.solver.bayesian_optimization:Evaluation of this configuration took 0.008230 seconds
INFO:robo.solver.bayesian_optimization:Current incumbent [8.07191287e-01 9.67499795e-01 6.73542794e-01 1.80460675e+02
 1.41513098e+00 8.18939176e+03] with estimated performance 0.523810
INFO:robo.solver.bayesian_optimization:Start iteration 25 ... 
INFO:robo.solver.bayesian_optimization:Train model...
DEBUG:robo.models.gaussian_process:GP Hyperparameters: [-1.09861229  0.          0.          0.          0.          0.
  0.         -6.90775528]
INFO:robo.solver.bayesian_optimization:Time to train the model: 0.005552
INFO:robo.solver.bayesian_optimization:Maximize acquisition function...
INFO:robo.solver.bayesian_optimization:Time to maximize the acquisition function: 0.101212
INFO:robo.solver.bayesian_optimization:Optimization overhead was 0.107076 seconds
INFO:robo.solver.bayesian_optimization:Next candidate [2.91346158e-02 2.82834968e+00 8.61934927e-01 1.90342454e+02
 1.46873017e+00 1.12615280e+04]
DEBUG:robo.models.gaussian_process:GP Hyperparameters: [-1.09861229 -3.53582827  1.03969339 -0.1485755   5.24882484  0.3843982
  9.32914759 -6.90775528]
DEBUG:objective_function:F-score: 0.5238095238095238
INFO:robo.solver.bayesian_optimization:Configuration achieved a performance of 0.523810 
INFO:robo.solver.bayesian_optimization:Evaluation of this configuration took 0.009074 seconds
INFO:robo.solver.bayesian_optimization:Current incumbent [8.07191287e-01 9.67499795e-01 6.73542794e-01 1.80460675e+02
 1.41513098e+00 8.18939176e+03] with estimated performance 0.523810
INFO:robo.solver.bayesian_optimization:Start iteration 26 ... 
INFO:robo.solver.bayesian_optimization:Train model...
DEBUG:robo.models.gaussian_process:GP Hyperparameters: [-1.09861229  0.          0.          0.          0.          0.
  0.         -6.90775528]
INFO:robo.solver.bayesian_optimization:Time to train the model: 0.006527
INFO:robo.solver.bayesian_optimization:Maximize acquisition function...
INFO:robo.solver.bayesian_optimization:Time to maximize the acquisition function: 0.123781
INFO:robo.solver.bayesian_optimization:Optimization overhead was 0.130622 seconds
INFO:robo.solver.bayesian_optimization:Next candidate [8.01800148e-01 4.73631818e-01 9.39937786e-01 1.87184814e+02
 2.00620744e+00 2.16429598e+03]
DEBUG:robo.models.gaussian_process:GP Hyperparameters: [-1.09861229 -0.22089589 -0.74732501 -0.06194159  5.23209644  0.6962461
  7.6798504  -6.90775528]
DEBUG:objective_function:F-score: 0.5238095238095238
INFO:robo.solver.bayesian_optimization:Configuration achieved a performance of 0.523810 
INFO:robo.solver.bayesian_optimization:Evaluation of this configuration took 0.009308 seconds
INFO:robo.solver.bayesian_optimization:Current incumbent [8.07191287e-01 9.67499795e-01 6.73542794e-01 1.80460675e+02
 1.41513098e+00 8.18939176e+03] with estimated performance 0.523810
INFO:robo.solver.bayesian_optimization:Start iteration 27 ... 
INFO:robo.solver.bayesian_optimization:Train model...
DEBUG:robo.models.gaussian_process:GP Hyperparameters: [-1.09861229  0.          0.          0.          0.          0.
  0.         -6.90775528]
INFO:robo.solver.bayesian_optimization:Time to train the model: 0.004374
INFO:robo.solver.bayesian_optimization:Maximize acquisition function...
INFO:robo.solver.bayesian_optimization:Time to maximize the acquisition function: 0.110039
INFO:robo.solver.bayesian_optimization:Optimization overhead was 0.114654 seconds
INFO:robo.solver.bayesian_optimization:Next candidate [9.37753204e-02 2.69890481e+00 1.72781990e-02 1.29745289e+02
 1.22900193e+00 8.46730204e+03]
DEBUG:robo.models.gaussian_process:GP Hyperparameters: [-1.09861229 -2.36685357  0.99284607 -4.05830974  4.86557321  0.2062024
  9.04396721 -6.90775528]
DEBUG:objective_function:F-score: 0.5238095238095238
INFO:robo.solver.bayesian_optimization:Configuration achieved a performance of 0.523810 
INFO:robo.solver.bayesian_optimization:Evaluation of this configuration took 0.007568 seconds
INFO:robo.solver.bayesian_optimization:Current incumbent [8.07191287e-01 9.67499795e-01 6.73542794e-01 1.80460675e+02
 1.41513098e+00 8.18939176e+03] with estimated performance 0.523810
INFO:robo.solver.bayesian_optimization:Start iteration 28 ... 
INFO:robo.solver.bayesian_optimization:Train model...
DEBUG:robo.models.gaussian_process:GP Hyperparameters: [-1.09861229  0.          0.          0.          0.          0.
  0.         -6.90775528]
INFO:robo.solver.bayesian_optimization:Time to train the model: 0.005286
INFO:robo.solver.bayesian_optimization:Maximize acquisition function...
INFO:robo.solver.bayesian_optimization:Time to maximize the acquisition function: 0.105939
INFO:robo.solver.bayesian_optimization:Optimization overhead was 0.111487 seconds
INFO:robo.solver.bayesian_optimization:Next candidate [7.63540885e-03 2.96382917e+00 7.55317863e-01 1.34238052e+02
 1.40732000e+00 2.23028382e+03]
DEBUG:robo.models.gaussian_process:GP Hyperparameters: [-1.09861229 -4.87495879  1.08648207 -0.28061661  4.89961473  0.34168719
  7.70988413 -6.90775528]
DEBUG:objective_function:F-score: 0.5238095238095238
INFO:robo.solver.bayesian_optimization:Configuration achieved a performance of 0.523810 
INFO:robo.solver.bayesian_optimization:Evaluation of this configuration took 0.006969 seconds
INFO:robo.solver.bayesian_optimization:Current incumbent [8.07191287e-01 9.67499795e-01 6.73542794e-01 1.80460675e+02
 1.41513098e+00 8.18939176e+03] with estimated performance 0.523810
INFO:robo.solver.bayesian_optimization:Start iteration 29 ... 
INFO:robo.solver.bayesian_optimization:Train model...
DEBUG:robo.models.gaussian_process:GP Hyperparameters: [-1.09861229  0.          0.          0.          0.          0.
  0.         -6.90775528]
INFO:robo.solver.bayesian_optimization:Time to train the model: 0.006037
INFO:robo.solver.bayesian_optimization:Maximize acquisition function...
INFO:robo.solver.bayesian_optimization:Time to maximize the acquisition function: 0.095305
INFO:robo.solver.bayesian_optimization:Optimization overhead was 0.101668 seconds
INFO:robo.solver.bayesian_optimization:Next candidate [9.80164702e-01 2.54679014e-01 1.35646799e-01 1.44586801e+02
 1.46384265e+00 2.58119448e+03]
DEBUG:robo.models.gaussian_process:GP Hyperparameters: [-1.09861229 -0.02003466 -1.36775129 -1.99770084  4.97388003  0.38106493
  7.85600755 -6.90775528]
DEBUG:objective_function:F-score: 0.5238095238095238
INFO:robo.solver.bayesian_optimization:Configuration achieved a performance of 0.523810 
INFO:robo.solver.bayesian_optimization:Evaluation of this configuration took 0.008368 seconds
INFO:robo.solver.bayesian_optimization:Current incumbent [8.07191287e-01 9.67499795e-01 6.73542794e-01 1.80460675e+02
 1.41513098e+00 8.18939176e+03] with estimated performance 0.523810
INFO:robo.solver.bayesian_optimization:Return [0.8071912870174385, 0.9674997950366828, 0.6735427935739913, 180.4606748975698, 1.415130984987963, 8189.391755088991] as incumbent with error 0.523810 
