INFO:robo.solver.bayesian_optimization:Evaluate: [8.83191817e-01 1.25889736e+00 3.77323509e-01 1.88278348e+02
 1.76679549e+00 2.12211244e+03]
INFO:robo.solver.bayesian_optimization:Configuration achieved a performance of -0.636387 in 0.000021 seconds
INFO:robo.solver.bayesian_optimization:Evaluate: [3.99640510e-01 3.63219786e-01 8.23623443e-01 1.27050162e+02
 1.72372093e+00 1.07602923e+04]
INFO:robo.solver.bayesian_optimization:Configuration achieved a performance of -5.368702 in 0.000011 seconds
INFO:robo.solver.bayesian_optimization:Evaluate: [1.39764845e-01 2.76888252e+00 1.63463941e-02 1.59588808e+02
 1.40933629e+00 7.70735505e+03]
INFO:robo.solver.bayesian_optimization:Configuration achieved a performance of -2.997517 in 0.000049 seconds
INFO:robo.solver.bayesian_optimization:Start iteration 3 ... 
INFO:robo.solver.bayesian_optimization:Train model...
INFO:robo.solver.bayesian_optimization:Time to train the model: 0.025933
INFO:robo.solver.bayesian_optimization:Maximize acquisition function...
INFO:robo.solver.bayesian_optimization:Time to maximize the acquisition function: 0.148496
INFO:robo.solver.bayesian_optimization:Optimization overhead was 0.174965 seconds
INFO:robo.solver.bayesian_optimization:Next candidate [2.11986798e-01 4.01319795e-01 9.91047654e-01 1.26946381e+02
 1.78396939e+00 1.07601563e+04]
INFO:robo.solver.bayesian_optimization:Configuration achieved a performance of -4.141200 
INFO:robo.solver.bayesian_optimization:Evaluation of this configuration took 0.000011 seconds
INFO:robo.solver.bayesian_optimization:Current incumbent [3.99640510e-01 3.63219786e-01 8.23623443e-01 1.27050162e+02
 1.72372093e+00 1.07602923e+04] with estimated performance -5.368702
INFO:robo.solver.bayesian_optimization:Start iteration 4 ... 
INFO:robo.solver.bayesian_optimization:Train model...
INFO:robo.solver.bayesian_optimization:Time to train the model: 0.005578
INFO:robo.solver.bayesian_optimization:Maximize acquisition function...
INFO:robo.solver.bayesian_optimization:Time to maximize the acquisition function: 0.126851
INFO:robo.solver.bayesian_optimization:Optimization overhead was 0.132747 seconds
INFO:robo.solver.bayesian_optimization:Next candidate [5.24119327e-01 3.10161837e-01 6.89243731e-01 1.27142768e+02
 1.67905418e+00 1.07604972e+04]
INFO:robo.solver.bayesian_optimization:Configuration achieved a performance of -4.804713 
INFO:robo.solver.bayesian_optimization:Evaluation of this configuration took 0.000024 seconds
INFO:robo.solver.bayesian_optimization:Current incumbent [3.99640510e-01 3.63219786e-01 8.23623443e-01 1.27050162e+02
 1.72372093e+00 1.07602923e+04] with estimated performance -5.368702
INFO:robo.solver.bayesian_optimization:Start iteration 5 ... 
INFO:robo.solver.bayesian_optimization:Train model...
INFO:robo.solver.bayesian_optimization:Time to train the model: 0.004813
INFO:robo.solver.bayesian_optimization:Maximize acquisition function...
INFO:robo.solver.bayesian_optimization:Time to maximize the acquisition function: 0.125359
INFO:robo.solver.bayesian_optimization:Optimization overhead was 0.130522 seconds
INFO:robo.solver.bayesian_optimization:Next candidate [5.44312621e-01 2.96384642e-01 9.56205652e-01 1.27118375e+02
 1.69134250e+00 1.07604916e+04]
INFO:robo.solver.bayesian_optimization:Configuration achieved a performance of -4.628693 
INFO:robo.solver.bayesian_optimization:Evaluation of this configuration took 0.000009 seconds
INFO:robo.solver.bayesian_optimization:Current incumbent [3.99640510e-01 3.63219786e-01 8.23623443e-01 1.27050162e+02
 1.72372093e+00 1.07602923e+04] with estimated performance -5.368702
INFO:robo.solver.bayesian_optimization:Start iteration 6 ... 
INFO:robo.solver.bayesian_optimization:Train model...
INFO:robo.solver.bayesian_optimization:Time to train the model: 0.004555
INFO:robo.solver.bayesian_optimization:Maximize acquisition function...
INFO:robo.solver.bayesian_optimization:Time to maximize the acquisition function: 0.127843
INFO:robo.solver.bayesian_optimization:Optimization overhead was 0.132699 seconds
INFO:robo.solver.bayesian_optimization:Next candidate [3.06778921e-01 5.13915120e-01 6.57034452e-01 1.27139740e+02
 1.72683830e+00 1.07603713e+04]
INFO:robo.solver.bayesian_optimization:Configuration achieved a performance of -5.090316 
INFO:robo.solver.bayesian_optimization:Evaluation of this configuration took 0.000010 seconds
INFO:robo.solver.bayesian_optimization:Current incumbent [3.99640510e-01 3.63219786e-01 8.23623443e-01 1.27050162e+02
 1.72372093e+00 1.07602923e+04] with estimated performance -5.368702
INFO:robo.solver.bayesian_optimization:Start iteration 7 ... 
INFO:robo.solver.bayesian_optimization:Train model...
INFO:robo.solver.bayesian_optimization:Time to train the model: 0.004620
INFO:robo.solver.bayesian_optimization:Maximize acquisition function...
INFO:robo.solver.bayesian_optimization:Time to maximize the acquisition function: 0.134016
INFO:robo.solver.bayesian_optimization:Optimization overhead was 0.138912 seconds
INFO:robo.solver.bayesian_optimization:Next candidate [4.47133143e-01 2.66892165e-01 7.75172582e-01 1.26978920e+02
 1.91290264e+00 1.07602576e+04]
INFO:robo.solver.bayesian_optimization:Configuration achieved a performance of -5.269987 
INFO:robo.solver.bayesian_optimization:Evaluation of this configuration took 0.000010 seconds
INFO:robo.solver.bayesian_optimization:Current incumbent [3.99640510e-01 3.63219786e-01 8.23623443e-01 1.27050162e+02
 1.72372093e+00 1.07602923e+04] with estimated performance -5.368702
INFO:robo.solver.bayesian_optimization:Start iteration 8 ... 
INFO:robo.solver.bayesian_optimization:Train model...
INFO:robo.solver.bayesian_optimization:Time to train the model: 0.004118
INFO:robo.solver.bayesian_optimization:Maximize acquisition function...
INFO:robo.solver.bayesian_optimization:Time to maximize the acquisition function: 0.143071
INFO:robo.solver.bayesian_optimization:Optimization overhead was 0.147450 seconds
INFO:robo.solver.bayesian_optimization:Next candidate [3.51977067e-01 2.04430861e-01 6.84842784e-01 1.27263046e+02
 1.79645289e+00 1.07603201e+04]
INFO:robo.solver.bayesian_optimization:Configuration achieved a performance of -5.306180 
INFO:robo.solver.bayesian_optimization:Evaluation of this configuration took 0.000010 seconds
INFO:robo.solver.bayesian_optimization:Current incumbent [3.99640510e-01 3.63219786e-01 8.23623443e-01 1.27050162e+02
 1.72372093e+00 1.07602923e+04] with estimated performance -5.368702
INFO:robo.solver.bayesian_optimization:Start iteration 9 ... 
INFO:robo.solver.bayesian_optimization:Train model...
INFO:robo.solver.bayesian_optimization:Time to train the model: 0.005455
INFO:robo.solver.bayesian_optimization:Maximize acquisition function...
INFO:robo.solver.bayesian_optimization:Time to maximize the acquisition function: 0.144784
INFO:robo.solver.bayesian_optimization:Optimization overhead was 0.150548 seconds
INFO:robo.solver.bayesian_optimization:Next candidate [4.49047777e-01 4.68339900e-01 7.42203815e-01 1.27037966e+02
 1.82386708e+00 1.07602344e+04]
INFO:robo.solver.bayesian_optimization:Configuration achieved a performance of -5.262808 
INFO:robo.solver.bayesian_optimization:Evaluation of this configuration took 0.000010 seconds
INFO:robo.solver.bayesian_optimization:Current incumbent [3.99640510e-01 3.63219786e-01 8.23623443e-01 1.27050162e+02
 1.72372093e+00 1.07602923e+04] with estimated performance -5.368702
INFO:robo.solver.bayesian_optimization:Start iteration 10 ... 
INFO:robo.solver.bayesian_optimization:Train model...
INFO:robo.solver.bayesian_optimization:Time to train the model: 0.004913
INFO:robo.solver.bayesian_optimization:Maximize acquisition function...
INFO:robo.solver.bayesian_optimization:Time to maximize the acquisition function: 0.143337
INFO:robo.solver.bayesian_optimization:Optimization overhead was 0.148539 seconds
INFO:robo.solver.bayesian_optimization:Next candidate [3.97608443e-01 1.27226837e-01 7.90247358e-01 1.27000424e+02
 1.81360006e+00 1.07603065e+04]
INFO:robo.solver.bayesian_optimization:Configuration achieved a performance of -5.369415 
INFO:robo.solver.bayesian_optimization:Evaluation of this configuration took 0.000009 seconds
INFO:robo.solver.bayesian_optimization:Current incumbent [3.97608443e-01 1.27226837e-01 7.90247358e-01 1.27000424e+02
 1.81360006e+00 1.07603065e+04] with estimated performance -5.369415
INFO:robo.solver.bayesian_optimization:Start iteration 11 ... 
INFO:robo.solver.bayesian_optimization:Train model...
INFO:robo.solver.bayesian_optimization:Time to train the model: 0.004383
INFO:robo.solver.bayesian_optimization:Maximize acquisition function...
INFO:robo.solver.bayesian_optimization:Time to maximize the acquisition function: 0.146297
INFO:robo.solver.bayesian_optimization:Optimization overhead was 0.150955 seconds
INFO:robo.solver.bayesian_optimization:Next candidate [3.76610279e-01 0.00000000e+00 7.49916617e-01 1.26844439e+02
 1.75276767e+00 1.07601648e+04]
INFO:robo.solver.bayesian_optimization:Configuration achieved a performance of -5.359316 
INFO:robo.solver.bayesian_optimization:Evaluation of this configuration took 0.000010 seconds
INFO:robo.solver.bayesian_optimization:Current incumbent [3.97608443e-01 1.27226837e-01 7.90247358e-01 1.27000424e+02
 1.81360006e+00 1.07603065e+04] with estimated performance -5.369415
INFO:robo.solver.bayesian_optimization:Start iteration 12 ... 
INFO:robo.solver.bayesian_optimization:Train model...
INFO:robo.solver.bayesian_optimization:Time to train the model: 0.005104
INFO:robo.solver.bayesian_optimization:Maximize acquisition function...
INFO:robo.solver.bayesian_optimization:Time to maximize the acquisition function: 0.193613
INFO:robo.solver.bayesian_optimization:Optimization overhead was 0.199083 seconds
INFO:robo.solver.bayesian_optimization:Next candidate [3.95008605e-01 9.85473101e-02 7.67337374e-01 1.27137655e+02
 1.80681471e+00 1.07603543e+04]
INFO:robo.solver.bayesian_optimization:Configuration achieved a performance of -5.369895 
INFO:robo.solver.bayesian_optimization:Evaluation of this configuration took 0.000010 seconds
INFO:robo.solver.bayesian_optimization:Current incumbent [3.95008605e-01 9.85473101e-02 7.67337374e-01 1.27137655e+02
 1.80681471e+00 1.07603543e+04] with estimated performance -5.369895
INFO:robo.solver.bayesian_optimization:Start iteration 13 ... 
INFO:robo.solver.bayesian_optimization:Train model...
INFO:robo.solver.bayesian_optimization:Time to train the model: 0.004614
INFO:robo.solver.bayesian_optimization:Maximize acquisition function...
INFO:robo.solver.bayesian_optimization:Time to maximize the acquisition function: 0.142435
INFO:robo.solver.bayesian_optimization:Optimization overhead was 0.147322 seconds
INFO:robo.solver.bayesian_optimization:Next candidate [3.60349415e-02 7.81989016e-01 9.64581594e-01 1.84899434e+02
 1.48140592e+00 1.11127301e+04]
INFO:robo.solver.bayesian_optimization:Configuration achieved a performance of -0.847043 
INFO:robo.solver.bayesian_optimization:Evaluation of this configuration took 0.000010 seconds
INFO:robo.solver.bayesian_optimization:Current incumbent [3.95008605e-01 9.85473101e-02 7.67337374e-01 1.27137655e+02
 1.80681471e+00 1.07603543e+04] with estimated performance -5.369895
INFO:robo.solver.bayesian_optimization:Start iteration 14 ... 
INFO:robo.solver.bayesian_optimization:Train model...
INFO:robo.solver.bayesian_optimization:Time to train the model: 0.004220
INFO:robo.solver.bayesian_optimization:Maximize acquisition function...
INFO:robo.solver.bayesian_optimization:Time to maximize the acquisition function: 0.139003
INFO:robo.solver.bayesian_optimization:Optimization overhead was 0.143507 seconds
INFO:robo.solver.bayesian_optimization:Next candidate [3.91089293e-01 7.44346396e-02 7.81053935e-01 1.27101078e+02
 1.80856434e+00 1.07602989e+04]
INFO:robo.solver.bayesian_optimization:Configuration achieved a performance of -5.369700 
INFO:robo.solver.bayesian_optimization:Evaluation of this configuration took 0.000011 seconds
INFO:robo.solver.bayesian_optimization:Current incumbent [3.95008605e-01 9.85473101e-02 7.67337374e-01 1.27137655e+02
 1.80681471e+00 1.07603543e+04] with estimated performance -5.369895
INFO:robo.solver.bayesian_optimization:Start iteration 15 ... 
INFO:robo.solver.bayesian_optimization:Train model...
INFO:robo.solver.bayesian_optimization:Time to train the model: 0.004836
INFO:robo.solver.bayesian_optimization:Maximize acquisition function...
INFO:robo.solver.bayesian_optimization:Time to maximize the acquisition function: 0.141227
INFO:robo.solver.bayesian_optimization:Optimization overhead was 0.146406 seconds
INFO:robo.solver.bayesian_optimization:Next candidate [1.66466177e-02 2.77935118e-01 4.89142803e-02 1.33169938e+02
 1.92493379e+00 1.61637710e+03]
INFO:robo.solver.bayesian_optimization:Configuration achieved a performance of -0.395974 
INFO:robo.solver.bayesian_optimization:Evaluation of this configuration took 0.000009 seconds
INFO:robo.solver.bayesian_optimization:Current incumbent [3.95008605e-01 9.85473101e-02 7.67337374e-01 1.27137655e+02
 1.80681471e+00 1.07603543e+04] with estimated performance -5.369895
INFO:robo.solver.bayesian_optimization:Start iteration 16 ... 
INFO:robo.solver.bayesian_optimization:Train model...
INFO:robo.solver.bayesian_optimization:Time to train the model: 0.005113
INFO:robo.solver.bayesian_optimization:Maximize acquisition function...
INFO:robo.solver.bayesian_optimization:Time to maximize the acquisition function: 0.149372
INFO:robo.solver.bayesian_optimization:Optimization overhead was 0.154777 seconds
INFO:robo.solver.bayesian_optimization:Next candidate [3.54504744e-01 2.46518228e-01 7.46629751e-01 1.27134846e+02
 1.78391389e+00 1.07604321e+04]
INFO:robo.solver.bayesian_optimization:Configuration achieved a performance of -5.313710 
INFO:robo.solver.bayesian_optimization:Evaluation of this configuration took 0.000010 seconds
INFO:robo.solver.bayesian_optimization:Current incumbent [3.95008605e-01 9.85473101e-02 7.67337374e-01 1.27137655e+02
 1.80681471e+00 1.07603543e+04] with estimated performance -5.369895
INFO:robo.solver.bayesian_optimization:Start iteration 17 ... 
INFO:robo.solver.bayesian_optimization:Train model...
INFO:robo.solver.bayesian_optimization:Time to train the model: 0.004664
INFO:robo.solver.bayesian_optimization:Maximize acquisition function...
INFO:robo.solver.bayesian_optimization:Time to maximize the acquisition function: 0.139589
INFO:robo.solver.bayesian_optimization:Optimization overhead was 0.144526 seconds
INFO:robo.solver.bayesian_optimization:Next candidate [4.91451453e-01 2.90797345e+00 9.53048235e-01 1.29608960e+02
 1.29964514e+00 1.02432140e+04]
INFO:robo.solver.bayesian_optimization:Configuration achieved a performance of -5.044545 
INFO:robo.solver.bayesian_optimization:Evaluation of this configuration took 0.000010 seconds
INFO:robo.solver.bayesian_optimization:Current incumbent [3.95008605e-01 9.85473101e-02 7.67337374e-01 1.27137655e+02
 1.80681471e+00 1.07603543e+04] with estimated performance -5.369895
INFO:robo.solver.bayesian_optimization:Start iteration 18 ... 
INFO:robo.solver.bayesian_optimization:Train model...
INFO:robo.solver.bayesian_optimization:Time to train the model: 0.004732
INFO:robo.solver.bayesian_optimization:Maximize acquisition function...
INFO:robo.solver.bayesian_optimization:Time to maximize the acquisition function: 0.134935
INFO:robo.solver.bayesian_optimization:Optimization overhead was 0.146555 seconds
INFO:robo.solver.bayesian_optimization:Next candidate [1.84428142e-01 2.83303425e+00 6.37921924e-01 1.26202028e+02
 1.51281675e+00 9.89862939e+03]
INFO:robo.solver.bayesian_optimization:Configuration achieved a performance of -3.744724 
INFO:robo.solver.bayesian_optimization:Evaluation of this configuration took 0.000016 seconds
INFO:robo.solver.bayesian_optimization:Current incumbent [3.95008605e-01 9.85473101e-02 7.67337374e-01 1.27137655e+02
 1.80681471e+00 1.07603543e+04] with estimated performance -5.369895
INFO:robo.solver.bayesian_optimization:Start iteration 19 ... 
INFO:robo.solver.bayesian_optimization:Train model...
INFO:robo.solver.bayesian_optimization:Time to train the model: 0.005590
INFO:robo.solver.bayesian_optimization:Maximize acquisition function...
INFO:robo.solver.bayesian_optimization:Time to maximize the acquisition function: 0.141529
INFO:robo.solver.bayesian_optimization:Optimization overhead was 0.147486 seconds
INFO:robo.solver.bayesian_optimization:Next candidate [9.87329456e-01 2.99592801e+00 8.36429269e-01 1.27843426e+02
 1.86081186e+00 4.38567510e+03]
INFO:robo.solver.bayesian_optimization:Configuration achieved a performance of -0.027047 
INFO:robo.solver.bayesian_optimization:Evaluation of this configuration took 0.000011 seconds
INFO:robo.solver.bayesian_optimization:Current incumbent [3.95008605e-01 9.85473101e-02 7.67337374e-01 1.27137655e+02
 1.80681471e+00 1.07603543e+04] with estimated performance -5.369895
INFO:robo.solver.bayesian_optimization:Start iteration 20 ... 
INFO:robo.solver.bayesian_optimization:Train model...
INFO:robo.solver.bayesian_optimization:Time to train the model: 0.004332
INFO:robo.solver.bayesian_optimization:Maximize acquisition function...
INFO:robo.solver.bayesian_optimization:Time to maximize the acquisition function: 0.139712
INFO:robo.solver.bayesian_optimization:Optimization overhead was 0.144340 seconds
INFO:robo.solver.bayesian_optimization:Next candidate [1.12894085e-02 1.54745912e+00 8.31520831e-01 1.26563871e+02
 1.25787832e+00 1.10168877e+04]
INFO:robo.solver.bayesian_optimization:Configuration achieved a performance of -0.269348 
INFO:robo.solver.bayesian_optimization:Evaluation of this configuration took 0.000011 seconds
INFO:robo.solver.bayesian_optimization:Current incumbent [3.95008605e-01 9.85473101e-02 7.67337374e-01 1.27137655e+02
 1.80681471e+00 1.07603543e+04] with estimated performance -5.369895
INFO:robo.solver.bayesian_optimization:Start iteration 21 ... 
INFO:robo.solver.bayesian_optimization:Train model...
INFO:robo.solver.bayesian_optimization:Time to train the model: 0.004376
INFO:robo.solver.bayesian_optimization:Maximize acquisition function...
INFO:robo.solver.bayesian_optimization:Time to maximize the acquisition function: 0.139643
INFO:robo.solver.bayesian_optimization:Optimization overhead was 0.144350 seconds
INFO:robo.solver.bayesian_optimization:Next candidate [6.02263412e-01 2.70431674e+00 9.93174511e-01 1.46099242e+02
 1.28928549e+00 1.09969807e+04]
INFO:robo.solver.bayesian_optimization:Configuration achieved a performance of -4.025309 
INFO:robo.solver.bayesian_optimization:Evaluation of this configuration took 0.000010 seconds
INFO:robo.solver.bayesian_optimization:Current incumbent [3.95008605e-01 9.85473101e-02 7.67337374e-01 1.27137655e+02
 1.80681471e+00 1.07603543e+04] with estimated performance -5.369895
INFO:robo.solver.bayesian_optimization:Start iteration 22 ... 
INFO:robo.solver.bayesian_optimization:Train model...
INFO:robo.solver.bayesian_optimization:Time to train the model: 0.004209
INFO:robo.solver.bayesian_optimization:Maximize acquisition function...
INFO:robo.solver.bayesian_optimization:Time to maximize the acquisition function: 0.142958
INFO:robo.solver.bayesian_optimization:Optimization overhead was 0.147417 seconds
INFO:robo.solver.bayesian_optimization:Next candidate [8.42674338e-01 2.84005070e+00 1.56831107e-01 1.44060722e+02
 1.25775740e+00 1.12008836e+04]
INFO:robo.solver.bayesian_optimization:Configuration achieved a performance of -1.030032 
INFO:robo.solver.bayesian_optimization:Evaluation of this configuration took 0.000011 seconds
INFO:robo.solver.bayesian_optimization:Current incumbent [3.95008605e-01 9.85473101e-02 7.67337374e-01 1.27137655e+02
 1.80681471e+00 1.07603543e+04] with estimated performance -5.369895
INFO:robo.solver.bayesian_optimization:Start iteration 23 ... 
INFO:robo.solver.bayesian_optimization:Train model...
INFO:robo.solver.bayesian_optimization:Time to train the model: 0.004766
INFO:robo.solver.bayesian_optimization:Maximize acquisition function...
INFO:robo.solver.bayesian_optimization:Time to maximize the acquisition function: 0.147315
INFO:robo.solver.bayesian_optimization:Optimization overhead was 0.152401 seconds
INFO:robo.solver.bayesian_optimization:Next candidate [3.85443225e-01 9.57038427e-02 7.46525897e-01 1.26937258e+02
 1.78595602e+00 1.07602224e+04]
INFO:robo.solver.bayesian_optimization:Configuration achieved a performance of -5.367467 
INFO:robo.solver.bayesian_optimization:Evaluation of this configuration took 0.000022 seconds
INFO:robo.solver.bayesian_optimization:Current incumbent [3.95008605e-01 9.85473101e-02 7.67337374e-01 1.27137655e+02
 1.80681471e+00 1.07603543e+04] with estimated performance -5.369895
INFO:robo.solver.bayesian_optimization:Start iteration 24 ... 
INFO:robo.solver.bayesian_optimization:Train model...
INFO:robo.solver.bayesian_optimization:Time to train the model: 0.004720
INFO:robo.solver.bayesian_optimization:Maximize acquisition function...
INFO:robo.solver.bayesian_optimization:Time to maximize the acquisition function: 0.142303
INFO:robo.solver.bayesian_optimization:Optimization overhead was 0.147328 seconds
INFO:robo.solver.bayesian_optimization:Next candidate [3.85494858e-01 0.00000000e+00 7.35206572e-01 1.27170234e+02
 1.83953954e+00 1.07602598e+04]
INFO:robo.solver.bayesian_optimization:Configuration achieved a performance of -5.367498 
INFO:robo.solver.bayesian_optimization:Evaluation of this configuration took 0.000010 seconds
INFO:robo.solver.bayesian_optimization:Current incumbent [3.95008605e-01 9.85473101e-02 7.67337374e-01 1.27137655e+02
 1.80681471e+00 1.07603543e+04] with estimated performance -5.369895
INFO:robo.solver.bayesian_optimization:Start iteration 25 ... 
INFO:robo.solver.bayesian_optimization:Train model...
INFO:robo.solver.bayesian_optimization:Time to train the model: 0.005204
INFO:robo.solver.bayesian_optimization:Maximize acquisition function...
INFO:robo.solver.bayesian_optimization:Time to maximize the acquisition function: 0.144986
INFO:robo.solver.bayesian_optimization:Optimization overhead was 0.150494 seconds
INFO:robo.solver.bayesian_optimization:Next candidate [3.86801719e-01 2.05893062e-01 7.56668159e-01 1.27268292e+02
 1.79815216e+00 1.07605219e+04]
INFO:robo.solver.bayesian_optimization:Configuration achieved a performance of -5.368215 
INFO:robo.solver.bayesian_optimization:Evaluation of this configuration took 0.000010 seconds
INFO:robo.solver.bayesian_optimization:Current incumbent [3.95008605e-01 9.85473101e-02 7.67337374e-01 1.27137655e+02
 1.80681471e+00 1.07603543e+04] with estimated performance -5.369895
INFO:robo.solver.bayesian_optimization:Start iteration 26 ... 
INFO:robo.solver.bayesian_optimization:Train model...
INFO:robo.solver.bayesian_optimization:Time to train the model: 0.004422
INFO:robo.solver.bayesian_optimization:Maximize acquisition function...
INFO:robo.solver.bayesian_optimization:Time to maximize the acquisition function: 0.140954
INFO:robo.solver.bayesian_optimization:Optimization overhead was 0.145659 seconds
INFO:robo.solver.bayesian_optimization:Next candidate [3.81055094e-01 1.29902474e-01 7.58649674e-01 1.27333245e+02
 1.81020194e+00 1.07604159e+04]
INFO:robo.solver.bayesian_optimization:Configuration achieved a performance of -5.364130 
INFO:robo.solver.bayesian_optimization:Evaluation of this configuration took 0.000010 seconds
INFO:robo.solver.bayesian_optimization:Current incumbent [3.95008605e-01 9.85473101e-02 7.67337374e-01 1.27137655e+02
 1.80681471e+00 1.07603543e+04] with estimated performance -5.369895
INFO:robo.solver.bayesian_optimization:Start iteration 27 ... 
INFO:robo.solver.bayesian_optimization:Train model...
INFO:robo.solver.bayesian_optimization:Time to train the model: 0.004651
INFO:robo.solver.bayesian_optimization:Maximize acquisition function...
INFO:robo.solver.bayesian_optimization:Time to maximize the acquisition function: 0.150840
INFO:robo.solver.bayesian_optimization:Optimization overhead was 0.155763 seconds
INFO:robo.solver.bayesian_optimization:Next candidate [4.22919413e-01 7.19701299e-02 7.31241961e-01 1.26953665e+02
 1.80547861e+00 1.07604104e+04]
INFO:robo.solver.bayesian_optimization:Configuration achieved a performance of -5.339702 
INFO:robo.solver.bayesian_optimization:Evaluation of this configuration took 0.000012 seconds
INFO:robo.solver.bayesian_optimization:Current incumbent [3.95008605e-01 9.85473101e-02 7.67337374e-01 1.27137655e+02
 1.80681471e+00 1.07603543e+04] with estimated performance -5.369895
INFO:robo.solver.bayesian_optimization:Start iteration 28 ... 
INFO:robo.solver.bayesian_optimization:Train model...
INFO:robo.solver.bayesian_optimization:Time to train the model: 0.004418
INFO:robo.solver.bayesian_optimization:Maximize acquisition function...
INFO:robo.solver.bayesian_optimization:Time to maximize the acquisition function: 0.146188
INFO:robo.solver.bayesian_optimization:Optimization overhead was 0.150863 seconds
INFO:robo.solver.bayesian_optimization:Next candidate [3.79593368e-01 0.00000000e+00 7.36060111e-01 1.27141693e+02
 1.81835441e+00 1.07602803e+04]
INFO:robo.solver.bayesian_optimization:Configuration achieved a performance of -5.362707 
INFO:robo.solver.bayesian_optimization:Evaluation of this configuration took 0.000011 seconds
INFO:robo.solver.bayesian_optimization:Current incumbent [3.95008605e-01 9.85473101e-02 7.67337374e-01 1.27137655e+02
 1.80681471e+00 1.07603543e+04] with estimated performance -5.369895
INFO:robo.solver.bayesian_optimization:Start iteration 29 ... 
INFO:robo.solver.bayesian_optimization:Train model...
INFO:robo.solver.bayesian_optimization:Time to train the model: 0.004657
INFO:robo.solver.bayesian_optimization:Maximize acquisition function...
INFO:robo.solver.bayesian_optimization:Time to maximize the acquisition function: 0.144579
INFO:robo.solver.bayesian_optimization:Optimization overhead was 0.149520 seconds
INFO:robo.solver.bayesian_optimization:Next candidate [3.98576921e-01 7.63262410e-02 7.68441441e-01 1.27355655e+02
 1.81423438e+00 1.07603779e+04]
INFO:robo.solver.bayesian_optimization:Configuration achieved a performance of -5.369112 
INFO:robo.solver.bayesian_optimization:Evaluation of this configuration took 0.000010 seconds
INFO:robo.solver.bayesian_optimization:Current incumbent [3.95008605e-01 9.85473101e-02 7.67337374e-01 1.27137655e+02
 1.80681471e+00 1.07603543e+04] with estimated performance -5.369895
INFO:robo.solver.bayesian_optimization:Start iteration 30 ... 
INFO:robo.solver.bayesian_optimization:Train model...
INFO:robo.solver.bayesian_optimization:Time to train the model: 0.004573
INFO:robo.solver.bayesian_optimization:Maximize acquisition function...
INFO:robo.solver.bayesian_optimization:Time to maximize the acquisition function: 0.151793
INFO:robo.solver.bayesian_optimization:Optimization overhead was 0.156629 seconds
INFO:robo.solver.bayesian_optimization:Next candidate [4.00301694e-01 2.53290179e-01 7.98217041e-01 1.27261349e+02
 1.79871604e+00 1.07601741e+04]
INFO:robo.solver.bayesian_optimization:Configuration achieved a performance of -5.368406 
INFO:robo.solver.bayesian_optimization:Evaluation of this configuration took 0.000010 seconds
INFO:robo.solver.bayesian_optimization:Current incumbent [3.95008605e-01 9.85473101e-02 7.67337374e-01 1.27137655e+02
 1.80681471e+00 1.07603543e+04] with estimated performance -5.369895
INFO:robo.solver.bayesian_optimization:Start iteration 31 ... 
INFO:robo.solver.bayesian_optimization:Train model...
INFO:robo.solver.bayesian_optimization:Time to train the model: 0.004878
INFO:robo.solver.bayesian_optimization:Maximize acquisition function...
INFO:robo.solver.bayesian_optimization:Time to maximize the acquisition function: 0.148864
INFO:robo.solver.bayesian_optimization:Optimization overhead was 0.154046 seconds
INFO:robo.solver.bayesian_optimization:Next candidate [3.97124071e-01 5.99900464e-02 7.94033799e-01 1.26942657e+02
 1.79659278e+00 1.07603169e+04]
INFO:robo.solver.bayesian_optimization:Configuration achieved a performance of -5.369541 
INFO:robo.solver.bayesian_optimization:Evaluation of this configuration took 0.000011 seconds
INFO:robo.solver.bayesian_optimization:Current incumbent [3.95008605e-01 9.85473101e-02 7.67337374e-01 1.27137655e+02
 1.80681471e+00 1.07603543e+04] with estimated performance -5.369895
INFO:robo.solver.bayesian_optimization:Start iteration 32 ... 
INFO:robo.solver.bayesian_optimization:Train model...
INFO:robo.solver.bayesian_optimization:Time to train the model: 0.004671
INFO:robo.solver.bayesian_optimization:Maximize acquisition function...
INFO:robo.solver.bayesian_optimization:Time to maximize the acquisition function: 0.144434
INFO:robo.solver.bayesian_optimization:Optimization overhead was 0.149471 seconds
INFO:robo.solver.bayesian_optimization:Next candidate [3.97695741e-01 1.61909419e-01 7.72001151e-01 1.27076135e+02
 1.76959621e+00 1.07602708e+04]
INFO:robo.solver.bayesian_optimization:Configuration achieved a performance of -5.369390 
INFO:robo.solver.bayesian_optimization:Evaluation of this configuration took 0.000010 seconds
INFO:robo.solver.bayesian_optimization:Current incumbent [3.95008605e-01 9.85473101e-02 7.67337374e-01 1.27137655e+02
 1.80681471e+00 1.07603543e+04] with estimated performance -5.369895
INFO:robo.solver.bayesian_optimization:Start iteration 33 ... 
INFO:robo.solver.bayesian_optimization:Train model...
INFO:robo.solver.bayesian_optimization:Time to train the model: 0.006377
INFO:robo.solver.bayesian_optimization:Maximize acquisition function...
INFO:robo.solver.bayesian_optimization:Time to maximize the acquisition function: 0.140786
INFO:robo.solver.bayesian_optimization:Optimization overhead was 0.147459 seconds
INFO:robo.solver.bayesian_optimization:Next candidate [4.04990519e-01 1.40835303e-01 7.66506305e-01 1.27206975e+02
 1.82677419e+00 1.07605325e+04]
INFO:robo.solver.bayesian_optimization:Configuration achieved a performance of -5.365416 
INFO:robo.solver.bayesian_optimization:Evaluation of this configuration took 0.000010 seconds
INFO:robo.solver.bayesian_optimization:Current incumbent [3.95008605e-01 9.85473101e-02 7.67337374e-01 1.27137655e+02
 1.80681471e+00 1.07603543e+04] with estimated performance -5.369895
INFO:robo.solver.bayesian_optimization:Start iteration 34 ... 
INFO:robo.solver.bayesian_optimization:Train model...
INFO:robo.solver.bayesian_optimization:Time to train the model: 0.004819
INFO:robo.solver.bayesian_optimization:Maximize acquisition function...
INFO:robo.solver.bayesian_optimization:Time to maximize the acquisition function: 0.149051
INFO:robo.solver.bayesian_optimization:Optimization overhead was 0.154195 seconds
INFO:robo.solver.bayesian_optimization:Next candidate [6.61083549e-01 2.95830916e+00 9.62980060e-01 1.30960896e+02
 1.36382820e+00 9.67619678e+03]
INFO:robo.solver.bayesian_optimization:Configuration achieved a performance of -3.305011 
INFO:robo.solver.bayesian_optimization:Evaluation of this configuration took 0.000010 seconds
INFO:robo.solver.bayesian_optimization:Current incumbent [3.95008605e-01 9.85473101e-02 7.67337374e-01 1.27137655e+02
 1.80681471e+00 1.07603543e+04] with estimated performance -5.369895
INFO:robo.solver.bayesian_optimization:Start iteration 35 ... 
INFO:robo.solver.bayesian_optimization:Train model...
INFO:robo.solver.bayesian_optimization:Time to train the model: 0.005507
INFO:robo.solver.bayesian_optimization:Maximize acquisition function...
INFO:robo.solver.bayesian_optimization:Time to maximize the acquisition function: 0.146998
INFO:robo.solver.bayesian_optimization:Optimization overhead was 0.229728 seconds
INFO:robo.solver.bayesian_optimization:Next candidate [4.10834561e-01 6.02031705e-03 6.24677926e-01 1.27229207e+02
 2.01692011e+00 1.07602235e+04]
INFO:robo.solver.bayesian_optimization:Configuration achieved a performance of -5.359508 
INFO:robo.solver.bayesian_optimization:Evaluation of this configuration took 0.000009 seconds
INFO:robo.solver.bayesian_optimization:Current incumbent [3.95008605e-01 9.85473101e-02 7.67337374e-01 1.27137655e+02
 1.80681471e+00 1.07603543e+04] with estimated performance -5.369895
INFO:robo.solver.bayesian_optimization:Start iteration 36 ... 
INFO:robo.solver.bayesian_optimization:Train model...
INFO:robo.solver.bayesian_optimization:Time to train the model: 0.004595
INFO:robo.solver.bayesian_optimization:Maximize acquisition function...
INFO:robo.solver.bayesian_optimization:Time to maximize the acquisition function: 0.145997
INFO:robo.solver.bayesian_optimization:Optimization overhead was 0.150848 seconds
INFO:robo.solver.bayesian_optimization:Next candidate [8.55224606e-03 2.69060615e+00 5.42429839e-02 1.70650373e+02
 1.97310353e+00 1.11064471e+04]
INFO:robo.solver.bayesian_optimization:Configuration achieved a performance of -0.204346 
INFO:robo.solver.bayesian_optimization:Evaluation of this configuration took 0.000011 seconds
INFO:robo.solver.bayesian_optimization:Current incumbent [3.95008605e-01 9.85473101e-02 7.67337374e-01 1.27137655e+02
 1.80681471e+00 1.07603543e+04] with estimated performance -5.369895
INFO:robo.solver.bayesian_optimization:Start iteration 37 ... 
INFO:robo.solver.bayesian_optimization:Train model...
INFO:robo.solver.bayesian_optimization:Time to train the model: 0.005291
INFO:robo.solver.bayesian_optimization:Maximize acquisition function...
INFO:robo.solver.bayesian_optimization:Time to maximize the acquisition function: 0.146566
INFO:robo.solver.bayesian_optimization:Optimization overhead was 0.152208 seconds
INFO:robo.solver.bayesian_optimization:Next candidate [3.90476354e-01 3.41463420e-02 6.57389349e-01 1.26996263e+02
 1.93337619e+00 1.07604092e+04]
INFO:robo.solver.bayesian_optimization:Configuration achieved a performance of -5.369570 
INFO:robo.solver.bayesian_optimization:Evaluation of this configuration took 0.000009 seconds
INFO:robo.solver.bayesian_optimization:Current incumbent [3.95008605e-01 9.85473101e-02 7.67337374e-01 1.27137655e+02
 1.80681471e+00 1.07603543e+04] with estimated performance -5.369895
INFO:robo.solver.bayesian_optimization:Start iteration 38 ... 
INFO:robo.solver.bayesian_optimization:Train model...
INFO:robo.solver.bayesian_optimization:Time to train the model: 0.005156
INFO:robo.solver.bayesian_optimization:Maximize acquisition function...
INFO:robo.solver.bayesian_optimization:Time to maximize the acquisition function: 0.141763
INFO:robo.solver.bayesian_optimization:Optimization overhead was 0.147207 seconds
INFO:robo.solver.bayesian_optimization:Next candidate [4.27946714e-01 0.00000000e+00 7.81808154e-01 1.27071022e+02
 1.96640609e+00 1.07604650e+04]
INFO:robo.solver.bayesian_optimization:Configuration achieved a performance of -5.328488 
INFO:robo.solver.bayesian_optimization:Evaluation of this configuration took 0.000010 seconds
INFO:robo.solver.bayesian_optimization:Current incumbent [3.95008605e-01 9.85473101e-02 7.67337374e-01 1.27137655e+02
 1.80681471e+00 1.07603543e+04] with estimated performance -5.369895
INFO:robo.solver.bayesian_optimization:Start iteration 39 ... 
INFO:robo.solver.bayesian_optimization:Train model...
INFO:robo.solver.bayesian_optimization:Time to train the model: 0.004817
INFO:robo.solver.bayesian_optimization:Maximize acquisition function...
INFO:robo.solver.bayesian_optimization:Time to maximize the acquisition function: 0.143676
INFO:robo.solver.bayesian_optimization:Optimization overhead was 0.148785 seconds
INFO:robo.solver.bayesian_optimization:Next candidate [3.18624287e-01 0.00000000e+00 6.68295031e-01 1.27180647e+02
 1.95093568e+00 1.07604611e+04]
INFO:robo.solver.bayesian_optimization:Configuration achieved a performance of -5.161811 
INFO:robo.solver.bayesian_optimization:Evaluation of this configuration took 0.000012 seconds
INFO:robo.solver.bayesian_optimization:Current incumbent [3.95008605e-01 9.85473101e-02 7.67337374e-01 1.27137655e+02
 1.80681471e+00 1.07603543e+04] with estimated performance -5.369895
INFO:robo.solver.bayesian_optimization:Start iteration 40 ... 
INFO:robo.solver.bayesian_optimization:Train model...
INFO:robo.solver.bayesian_optimization:Time to train the model: 0.005090
INFO:robo.solver.bayesian_optimization:Maximize acquisition function...
INFO:robo.solver.bayesian_optimization:Time to maximize the acquisition function: 0.137779
INFO:robo.solver.bayesian_optimization:Optimization overhead was 0.143200 seconds
INFO:robo.solver.bayesian_optimization:Next candidate [4.32379088e-01 9.70892895e-02 7.04993886e-01 1.27240153e+02
 1.92274915e+00 1.07604603e+04]
INFO:robo.solver.bayesian_optimization:Configuration achieved a performance of -5.317170 
INFO:robo.solver.bayesian_optimization:Evaluation of this configuration took 0.000009 seconds
INFO:robo.solver.bayesian_optimization:Current incumbent [3.95008605e-01 9.85473101e-02 7.67337374e-01 1.27137655e+02
 1.80681471e+00 1.07603543e+04] with estimated performance -5.369895
INFO:robo.solver.bayesian_optimization:Start iteration 41 ... 
INFO:robo.solver.bayesian_optimization:Train model...
INFO:robo.solver.bayesian_optimization:Time to train the model: 0.004903
INFO:robo.solver.bayesian_optimization:Maximize acquisition function...
INFO:robo.solver.bayesian_optimization:Time to maximize the acquisition function: 0.143199
INFO:robo.solver.bayesian_optimization:Optimization overhead was 0.148373 seconds
INFO:robo.solver.bayesian_optimization:Next candidate [4.49898554e-01 5.31074589e-02 7.03850839e-01 1.27088139e+02
 2.01692011e+00 1.07601351e+04]
INFO:robo.solver.bayesian_optimization:Configuration achieved a performance of -5.259542 
INFO:robo.solver.bayesian_optimization:Evaluation of this configuration took 0.000009 seconds
INFO:robo.solver.bayesian_optimization:Current incumbent [3.95008605e-01 9.85473101e-02 7.67337374e-01 1.27137655e+02
 1.80681471e+00 1.07603543e+04] with estimated performance -5.369895
INFO:robo.solver.bayesian_optimization:Start iteration 42 ... 
INFO:robo.solver.bayesian_optimization:Train model...
INFO:robo.solver.bayesian_optimization:Time to train the model: 0.004930
INFO:robo.solver.bayesian_optimization:Maximize acquisition function...
INFO:robo.solver.bayesian_optimization:Time to maximize the acquisition function: 0.146681
INFO:robo.solver.bayesian_optimization:Optimization overhead was 0.151888 seconds
INFO:robo.solver.bayesian_optimization:Next candidate [4.04725706e-01 1.60376756e-01 7.53814045e-01 1.27064014e+02
 1.79707585e+00 1.07603729e+04]
INFO:robo.solver.bayesian_optimization:Configuration achieved a performance of -5.365627 
INFO:robo.solver.bayesian_optimization:Evaluation of this configuration took 0.000010 seconds
INFO:robo.solver.bayesian_optimization:Current incumbent [3.95008605e-01 9.85473101e-02 7.67337374e-01 1.27137655e+02
 1.80681471e+00 1.07603543e+04] with estimated performance -5.369895
INFO:robo.solver.bayesian_optimization:Start iteration 43 ... 
INFO:robo.solver.bayesian_optimization:Train model...
INFO:robo.solver.bayesian_optimization:Time to train the model: 0.004949
INFO:robo.solver.bayesian_optimization:Maximize acquisition function...
INFO:robo.solver.bayesian_optimization:Time to maximize the acquisition function: 0.143971
INFO:robo.solver.bayesian_optimization:Optimization overhead was 0.149186 seconds
INFO:robo.solver.bayesian_optimization:Next candidate [3.95633872e-01 3.83162840e-02 7.42738579e-01 1.27208336e+02
 1.84876775e+00 1.07604483e+04]
INFO:robo.solver.bayesian_optimization:Configuration achieved a performance of -5.369824 
INFO:robo.solver.bayesian_optimization:Evaluation of this configuration took 0.000010 seconds
INFO:robo.solver.bayesian_optimization:Current incumbent [3.95008605e-01 9.85473101e-02 7.67337374e-01 1.27137655e+02
 1.80681471e+00 1.07603543e+04] with estimated performance -5.369895
INFO:robo.solver.bayesian_optimization:Start iteration 44 ... 
INFO:robo.solver.bayesian_optimization:Train model...
INFO:robo.solver.bayesian_optimization:Time to train the model: 0.004916
INFO:robo.solver.bayesian_optimization:Maximize acquisition function...
INFO:robo.solver.bayesian_optimization:Time to maximize the acquisition function: 0.146309
INFO:robo.solver.bayesian_optimization:Optimization overhead was 0.151500 seconds
INFO:robo.solver.bayesian_optimization:Next candidate [4.32793141e-01 0.00000000e+00 7.34975244e-01 1.27234994e+02
 1.84166970e+00 1.07604143e+04]
INFO:robo.solver.bayesian_optimization:Configuration achieved a performance of -5.316044 
INFO:robo.solver.bayesian_optimization:Evaluation of this configuration took 0.000010 seconds
INFO:robo.solver.bayesian_optimization:Current incumbent [3.95008605e-01 9.85473101e-02 7.67337374e-01 1.27137655e+02
 1.80681471e+00 1.07603543e+04] with estimated performance -5.369895
INFO:robo.solver.bayesian_optimization:Start iteration 45 ... 
INFO:robo.solver.bayesian_optimization:Train model...
INFO:robo.solver.bayesian_optimization:Time to train the model: 0.004888
INFO:robo.solver.bayesian_optimization:Maximize acquisition function...
INFO:robo.solver.bayesian_optimization:Time to maximize the acquisition function: 0.152984
INFO:robo.solver.bayesian_optimization:Optimization overhead was 0.158264 seconds
INFO:robo.solver.bayesian_optimization:Next candidate [4.12373023e-01 2.32483682e-02 7.46074149e-01 1.26927159e+02
 1.82615000e+00 1.07603785e+04]
INFO:robo.solver.bayesian_optimization:Configuration achieved a performance of -5.357553 
INFO:robo.solver.bayesian_optimization:Evaluation of this configuration took 0.000011 seconds
INFO:robo.solver.bayesian_optimization:Current incumbent [3.95008605e-01 9.85473101e-02 7.67337374e-01 1.27137655e+02
 1.80681471e+00 1.07603543e+04] with estimated performance -5.369895
INFO:robo.solver.bayesian_optimization:Start iteration 46 ... 
INFO:robo.solver.bayesian_optimization:Train model...
INFO:robo.solver.bayesian_optimization:Time to train the model: 0.007061
INFO:robo.solver.bayesian_optimization:Maximize acquisition function...
INFO:robo.solver.bayesian_optimization:Time to maximize the acquisition function: 0.143877
INFO:robo.solver.bayesian_optimization:Optimization overhead was 0.151253 seconds
INFO:robo.solver.bayesian_optimization:Next candidate [4.20511021e-01 3.74651287e-02 5.02658126e-01 1.27207425e+02
 2.00554985e+00 1.07604261e+04]
INFO:robo.solver.bayesian_optimization:Configuration achieved a performance of -5.344458 
INFO:robo.solver.bayesian_optimization:Evaluation of this configuration took 0.000010 seconds
INFO:robo.solver.bayesian_optimization:Current incumbent [3.95008605e-01 9.85473101e-02 7.67337374e-01 1.27137655e+02
 1.80681471e+00 1.07603543e+04] with estimated performance -5.369895
INFO:robo.solver.bayesian_optimization:Start iteration 47 ... 
INFO:robo.solver.bayesian_optimization:Train model...
INFO:robo.solver.bayesian_optimization:Time to train the model: 0.004997
INFO:robo.solver.bayesian_optimization:Maximize acquisition function...
INFO:robo.solver.bayesian_optimization:Time to maximize the acquisition function: 0.144313
INFO:robo.solver.bayesian_optimization:Optimization overhead was 0.149620 seconds
INFO:robo.solver.bayesian_optimization:Next candidate [3.94412004e-01 2.33690889e-02 6.20986855e-01 1.27113430e+02
 1.86783661e+00 1.07604031e+04]
INFO:robo.solver.bayesian_optimization:Configuration achieved a performance of -5.369937 
INFO:robo.solver.bayesian_optimization:Evaluation of this configuration took 0.000010 seconds
INFO:robo.solver.bayesian_optimization:Current incumbent [3.94412004e-01 2.33690889e-02 6.20986855e-01 1.27113430e+02
 1.86783661e+00 1.07604031e+04] with estimated performance -5.369937
INFO:robo.solver.bayesian_optimization:Start iteration 48 ... 
INFO:robo.solver.bayesian_optimization:Train model...
INFO:robo.solver.bayesian_optimization:Time to train the model: 0.005848
INFO:robo.solver.bayesian_optimization:Maximize acquisition function...
INFO:robo.solver.bayesian_optimization:Time to maximize the acquisition function: 0.140883
INFO:robo.solver.bayesian_optimization:Optimization overhead was 0.147027 seconds
INFO:robo.solver.bayesian_optimization:Next candidate [4.34872258e-01 0.00000000e+00 6.45764530e-01 1.26957010e+02
 1.90843350e+00 1.07602604e+04]
INFO:robo.solver.bayesian_optimization:Configuration achieved a performance of -5.310219 
INFO:robo.solver.bayesian_optimization:Evaluation of this configuration took 0.000009 seconds
INFO:robo.solver.bayesian_optimization:Current incumbent [3.94412004e-01 2.33690889e-02 6.20986855e-01 1.27113430e+02
 1.86783661e+00 1.07604031e+04] with estimated performance -5.369937
INFO:robo.solver.bayesian_optimization:Start iteration 49 ... 
INFO:robo.solver.bayesian_optimization:Train model...
INFO:robo.solver.bayesian_optimization:Time to train the model: 0.005452
INFO:robo.solver.bayesian_optimization:Maximize acquisition function...
INFO:robo.solver.bayesian_optimization:Time to maximize the acquisition function: 0.147247
INFO:robo.solver.bayesian_optimization:Optimization overhead was 0.153004 seconds
INFO:robo.solver.bayesian_optimization:Next candidate [4.61434397e-01 0.00000000e+00 5.63966303e-01 1.26977121e+02
 2.01692011e+00 1.07603721e+04]
INFO:robo.solver.bayesian_optimization:Configuration achieved a performance of -5.210632 
INFO:robo.solver.bayesian_optimization:Evaluation of this configuration took 0.000011 seconds
INFO:robo.solver.bayesian_optimization:Current incumbent [3.94412004e-01 2.33690889e-02 6.20986855e-01 1.27113430e+02
 1.86783661e+00 1.07604031e+04] with estimated performance -5.369937
INFO:robo.solver.bayesian_optimization:Start iteration 50 ... 
INFO:robo.solver.bayesian_optimization:Train model...
INFO:robo.solver.bayesian_optimization:Time to train the model: 0.005691
INFO:robo.solver.bayesian_optimization:Maximize acquisition function...
INFO:robo.solver.bayesian_optimization:Time to maximize the acquisition function: 0.146933
INFO:robo.solver.bayesian_optimization:Optimization overhead was 0.152995 seconds
INFO:robo.solver.bayesian_optimization:Next candidate [3.85972709e-01 1.03238129e-02 3.96166726e-01 1.27315800e+02
 1.88668054e+00 1.07604248e+04]
INFO:robo.solver.bayesian_optimization:Configuration achieved a performance of -5.367775 
INFO:robo.solver.bayesian_optimization:Evaluation of this configuration took 0.000010 seconds
INFO:robo.solver.bayesian_optimization:Current incumbent [3.94412004e-01 2.33690889e-02 6.20986855e-01 1.27113430e+02
 1.86783661e+00 1.07604031e+04] with estimated performance -5.369937
INFO:robo.solver.bayesian_optimization:Start iteration 51 ... 
INFO:robo.solver.bayesian_optimization:Train model...
INFO:robo.solver.bayesian_optimization:Time to train the model: 0.005291
INFO:robo.solver.bayesian_optimization:Maximize acquisition function...
INFO:robo.solver.bayesian_optimization:Time to maximize the acquisition function: 0.149510
INFO:robo.solver.bayesian_optimization:Optimization overhead was 0.155084 seconds
INFO:robo.solver.bayesian_optimization:Next candidate [3.54242316e-01 0.00000000e+00 4.41428721e-01 1.27179490e+02
 1.86896698e+00 1.07604764e+04]
INFO:robo.solver.bayesian_optimization:Configuration achieved a performance of -5.312951 
INFO:robo.solver.bayesian_optimization:Evaluation of this configuration took 0.000010 seconds
INFO:robo.solver.bayesian_optimization:Current incumbent [3.94412004e-01 2.33690889e-02 6.20986855e-01 1.27113430e+02
 1.86783661e+00 1.07604031e+04] with estimated performance -5.369937
INFO:robo.solver.bayesian_optimization:Start iteration 52 ... 
INFO:robo.solver.bayesian_optimization:Train model...
INFO:robo.solver.bayesian_optimization:Time to train the model: 0.005116
INFO:robo.solver.bayesian_optimization:Maximize acquisition function...
INFO:robo.solver.bayesian_optimization:Time to maximize the acquisition function: 0.139031
INFO:robo.solver.bayesian_optimization:Optimization overhead was 0.144456 seconds
INFO:robo.solver.bayesian_optimization:Next candidate [3.44797053e-01 0.00000000e+00 4.46890830e-01 1.27105837e+02
 1.88907150e+00 1.07604329e+04]
INFO:robo.solver.bayesian_optimization:Configuration achieved a performance of -5.282177 
INFO:robo.solver.bayesian_optimization:Evaluation of this configuration took 0.000010 seconds
INFO:robo.solver.bayesian_optimization:Current incumbent [3.94412004e-01 2.33690889e-02 6.20986855e-01 1.27113430e+02
 1.86783661e+00 1.07604031e+04] with estimated performance -5.369937
INFO:robo.solver.bayesian_optimization:Start iteration 53 ... 
INFO:robo.solver.bayesian_optimization:Train model...
INFO:robo.solver.bayesian_optimization:Time to train the model: 0.005459
INFO:robo.solver.bayesian_optimization:Maximize acquisition function...
INFO:robo.solver.bayesian_optimization:Time to maximize the acquisition function: 0.146833
INFO:robo.solver.bayesian_optimization:Optimization overhead was 0.152576 seconds
INFO:robo.solver.bayesian_optimization:Next candidate [1.37657914e-01 2.98004238e+00 9.73000531e-01 1.26997536e+02
 1.33741817e+00 8.53478097e+03]
INFO:robo.solver.bayesian_optimization:Configuration achieved a performance of -2.959270 
INFO:robo.solver.bayesian_optimization:Evaluation of this configuration took 0.000010 seconds
INFO:robo.solver.bayesian_optimization:Current incumbent [3.94412004e-01 2.33690889e-02 6.20986855e-01 1.27113430e+02
 1.86783661e+00 1.07604031e+04] with estimated performance -5.369937
INFO:robo.solver.bayesian_optimization:Start iteration 54 ... 
INFO:robo.solver.bayesian_optimization:Train model...
INFO:robo.solver.bayesian_optimization:Time to train the model: 0.005347
INFO:robo.solver.bayesian_optimization:Maximize acquisition function...
INFO:robo.solver.bayesian_optimization:Time to maximize the acquisition function: 0.143190
INFO:robo.solver.bayesian_optimization:Optimization overhead was 0.148865 seconds
INFO:robo.solver.bayesian_optimization:Next candidate [4.59470385e-01 0.00000000e+00 4.07651637e-01 1.27099624e+02
 2.01341013e+00 1.07602985e+04]
INFO:robo.solver.bayesian_optimization:Configuration achieved a performance of -5.219561 
INFO:robo.solver.bayesian_optimization:Evaluation of this configuration took 0.000010 seconds
INFO:robo.solver.bayesian_optimization:Current incumbent [3.94412004e-01 2.33690889e-02 6.20986855e-01 1.27113430e+02
 1.86783661e+00 1.07604031e+04] with estimated performance -5.369937
INFO:robo.solver.bayesian_optimization:Start iteration 55 ... 
INFO:robo.solver.bayesian_optimization:Train model...
INFO:robo.solver.bayesian_optimization:Time to train the model: 0.006141
INFO:robo.solver.bayesian_optimization:Maximize acquisition function...
INFO:robo.solver.bayesian_optimization:Time to maximize the acquisition function: 0.140354
INFO:robo.solver.bayesian_optimization:Optimization overhead was 0.146938 seconds
INFO:robo.solver.bayesian_optimization:Next candidate [4.00278903e-01 0.00000000e+00 7.84101228e-01 1.27082766e+02
 1.79364338e+00 1.07604151e+04]
INFO:robo.solver.bayesian_optimization:Configuration achieved a performance of -5.368417 
INFO:robo.solver.bayesian_optimization:Evaluation of this configuration took 0.000010 seconds
INFO:robo.solver.bayesian_optimization:Current incumbent [3.94412004e-01 2.33690889e-02 6.20986855e-01 1.27113430e+02
 1.86783661e+00 1.07604031e+04] with estimated performance -5.369937
INFO:robo.solver.bayesian_optimization:Start iteration 56 ... 
INFO:robo.solver.bayesian_optimization:Train model...
INFO:robo.solver.bayesian_optimization:Time to train the model: 0.005044
INFO:robo.solver.bayesian_optimization:Maximize acquisition function...
INFO:robo.solver.bayesian_optimization:Time to maximize the acquisition function: 0.142784
INFO:robo.solver.bayesian_optimization:Optimization overhead was 0.148088 seconds
INFO:robo.solver.bayesian_optimization:Next candidate [3.99008378e-01 0.00000000e+00 7.82238382e-01 1.27021588e+02
 1.80122404e+00 1.07603038e+04]
INFO:robo.solver.bayesian_optimization:Configuration achieved a performance of -5.368955 
INFO:robo.solver.bayesian_optimization:Evaluation of this configuration took 0.000010 seconds
INFO:robo.solver.bayesian_optimization:Current incumbent [3.94412004e-01 2.33690889e-02 6.20986855e-01 1.27113430e+02
 1.86783661e+00 1.07604031e+04] with estimated performance -5.369937
INFO:robo.solver.bayesian_optimization:Start iteration 57 ... 
INFO:robo.solver.bayesian_optimization:Train model...
INFO:robo.solver.bayesian_optimization:Time to train the model: 0.005111
INFO:robo.solver.bayesian_optimization:Maximize acquisition function...
INFO:robo.solver.bayesian_optimization:Time to maximize the acquisition function: 0.141583
INFO:robo.solver.bayesian_optimization:Optimization overhead was 0.146964 seconds
INFO:robo.solver.bayesian_optimization:Next candidate [3.58381001e-01 0.00000000e+00 4.06347628e-01 1.27046255e+02
 1.96732100e+00 1.07602132e+04]
INFO:robo.solver.bayesian_optimization:Configuration achieved a performance of -5.324332 
INFO:robo.solver.bayesian_optimization:Evaluation of this configuration took 0.000010 seconds
INFO:robo.solver.bayesian_optimization:Current incumbent [3.94412004e-01 2.33690889e-02 6.20986855e-01 1.27113430e+02
 1.86783661e+00 1.07604031e+04] with estimated performance -5.369937
INFO:robo.solver.bayesian_optimization:Start iteration 58 ... 
INFO:robo.solver.bayesian_optimization:Train model...
INFO:robo.solver.bayesian_optimization:Time to train the model: 0.006402
INFO:robo.solver.bayesian_optimization:Maximize acquisition function...
INFO:robo.solver.bayesian_optimization:Time to maximize the acquisition function: 0.148379
INFO:robo.solver.bayesian_optimization:Optimization overhead was 0.155170 seconds
INFO:robo.solver.bayesian_optimization:Next candidate [3.94387501e-01 0.00000000e+00 4.93892023e-01 1.27107327e+02
 1.90992382e+00 1.07603493e+04]
INFO:robo.solver.bayesian_optimization:Configuration achieved a performance of -5.369938 
INFO:robo.solver.bayesian_optimization:Evaluation of this configuration took 0.000009 seconds
INFO:robo.solver.bayesian_optimization:Current incumbent [3.94387501e-01 0.00000000e+00 4.93892023e-01 1.27107327e+02
 1.90992382e+00 1.07603493e+04] with estimated performance -5.369938
INFO:robo.solver.bayesian_optimization:Start iteration 59 ... 
INFO:robo.solver.bayesian_optimization:Train model...
INFO:robo.solver.bayesian_optimization:Time to train the model: 0.005400
INFO:robo.solver.bayesian_optimization:Maximize acquisition function...
INFO:robo.solver.bayesian_optimization:Time to maximize the acquisition function: 0.171196
INFO:robo.solver.bayesian_optimization:Optimization overhead was 0.176888 seconds
INFO:robo.solver.bayesian_optimization:Next candidate [3.87002959e-01 1.45209008e-01 4.00223741e-01 1.27147899e+02
 1.93729679e+00 1.07603189e+04]
INFO:robo.solver.bayesian_optimization:Configuration achieved a performance of -5.368315 
INFO:robo.solver.bayesian_optimization:Evaluation of this configuration took 0.000010 seconds
INFO:robo.solver.bayesian_optimization:Current incumbent [3.94387501e-01 0.00000000e+00 4.93892023e-01 1.27107327e+02
 1.90992382e+00 1.07603493e+04] with estimated performance -5.369938
INFO:robo.solver.bayesian_optimization:Start iteration 60 ... 
INFO:robo.solver.bayesian_optimization:Train model...
INFO:robo.solver.bayesian_optimization:Time to train the model: 0.005947
INFO:robo.solver.bayesian_optimization:Maximize acquisition function...
INFO:robo.solver.bayesian_optimization:Time to maximize the acquisition function: 0.146430
INFO:robo.solver.bayesian_optimization:Optimization overhead was 0.152745 seconds
INFO:robo.solver.bayesian_optimization:Next candidate [4.00516087e-01 2.41537975e-01 4.54346019e-01 1.27117807e+02
 1.93710978e+00 1.07603354e+04]
INFO:robo.solver.bayesian_optimization:Configuration achieved a performance of -5.368304 
INFO:robo.solver.bayesian_optimization:Evaluation of this configuration took 0.000012 seconds
INFO:robo.solver.bayesian_optimization:Current incumbent [3.94387501e-01 0.00000000e+00 4.93892023e-01 1.27107327e+02
 1.90992382e+00 1.07603493e+04] with estimated performance -5.369938
INFO:robo.solver.bayesian_optimization:Start iteration 61 ... 
INFO:robo.solver.bayesian_optimization:Train model...
INFO:robo.solver.bayesian_optimization:Time to train the model: 0.005377
INFO:robo.solver.bayesian_optimization:Maximize acquisition function...
INFO:robo.solver.bayesian_optimization:Time to maximize the acquisition function: 0.143199
INFO:robo.solver.bayesian_optimization:Optimization overhead was 0.148860 seconds
INFO:robo.solver.bayesian_optimization:Next candidate [4.06992987e-01 0.00000000e+00 4.84045317e-01 1.27028347e+02
 1.92812103e+00 1.07605927e+04]
INFO:robo.solver.bayesian_optimization:Configuration achieved a performance of -5.363664 
INFO:robo.solver.bayesian_optimization:Evaluation of this configuration took 0.000010 seconds
INFO:robo.solver.bayesian_optimization:Current incumbent [3.94387501e-01 0.00000000e+00 4.93892023e-01 1.27107327e+02
 1.90992382e+00 1.07603493e+04] with estimated performance -5.369938
INFO:robo.solver.bayesian_optimization:Start iteration 62 ... 
INFO:robo.solver.bayesian_optimization:Train model...
INFO:robo.solver.bayesian_optimization:Time to train the model: 0.005317
INFO:robo.solver.bayesian_optimization:Maximize acquisition function...
INFO:robo.solver.bayesian_optimization:Time to maximize the acquisition function: 0.146149
INFO:robo.solver.bayesian_optimization:Optimization overhead was 0.151721 seconds
INFO:robo.solver.bayesian_optimization:Next candidate [3.95187612e-01 2.44548546e-01 3.52377126e-01 1.27198697e+02
 1.91404079e+00 1.07604672e+04]
INFO:robo.solver.bayesian_optimization:Configuration achieved a performance of -5.369878 
INFO:robo.solver.bayesian_optimization:Evaluation of this configuration took 0.000010 seconds
INFO:robo.solver.bayesian_optimization:Current incumbent [3.94387501e-01 0.00000000e+00 4.93892023e-01 1.27107327e+02
 1.90992382e+00 1.07603493e+04] with estimated performance -5.369938
INFO:robo.solver.bayesian_optimization:Start iteration 63 ... 
INFO:robo.solver.bayesian_optimization:Train model...
INFO:robo.solver.bayesian_optimization:Time to train the model: 0.006428
INFO:robo.solver.bayesian_optimization:Maximize acquisition function...
INFO:robo.solver.bayesian_optimization:Time to maximize the acquisition function: 0.152865
INFO:robo.solver.bayesian_optimization:Optimization overhead was 0.159735 seconds
INFO:robo.solver.bayesian_optimization:Next candidate [3.73853422e-01 8.63062531e-02 2.86124998e-01 1.26954130e+02
 1.92609612e+00 1.07603497e+04]
INFO:robo.solver.bayesian_optimization:Configuration achieved a performance of -5.355601 
INFO:robo.solver.bayesian_optimization:Evaluation of this configuration took 0.000009 seconds
INFO:robo.solver.bayesian_optimization:Current incumbent [3.94387501e-01 0.00000000e+00 4.93892023e-01 1.27107327e+02
 1.90992382e+00 1.07603493e+04] with estimated performance -5.369938
INFO:robo.solver.bayesian_optimization:Start iteration 64 ... 
INFO:robo.solver.bayesian_optimization:Train model...
INFO:robo.solver.bayesian_optimization:Time to train the model: 0.005644
INFO:robo.solver.bayesian_optimization:Maximize acquisition function...
INFO:robo.solver.bayesian_optimization:Time to maximize the acquisition function: 0.142897
INFO:robo.solver.bayesian_optimization:Optimization overhead was 0.148825 seconds
INFO:robo.solver.bayesian_optimization:Next candidate [3.88752942e-01 5.20620008e-02 2.56455966e-01 1.27015833e+02
 1.89698650e+00 1.07604168e+04]
INFO:robo.solver.bayesian_optimization:Configuration achieved a performance of -5.369056 
INFO:robo.solver.bayesian_optimization:Evaluation of this configuration took 0.000009 seconds
INFO:robo.solver.bayesian_optimization:Current incumbent [3.94387501e-01 0.00000000e+00 4.93892023e-01 1.27107327e+02
 1.90992382e+00 1.07603493e+04] with estimated performance -5.369938
INFO:robo.solver.bayesian_optimization:Start iteration 65 ... 
INFO:robo.solver.bayesian_optimization:Train model...
INFO:robo.solver.bayesian_optimization:Time to train the model: 0.005563
INFO:robo.solver.bayesian_optimization:Maximize acquisition function...
INFO:robo.solver.bayesian_optimization:Time to maximize the acquisition function: 0.152520
INFO:robo.solver.bayesian_optimization:Optimization overhead was 0.158363 seconds
INFO:robo.solver.bayesian_optimization:Next candidate [3.83050775e-01 2.37944513e-01 4.06781807e-01 1.27078965e+02
 1.95234361e+00 1.07602916e+04]
INFO:robo.solver.bayesian_optimization:Configuration achieved a performance of -5.365822 
INFO:robo.solver.bayesian_optimization:Evaluation of this configuration took 0.000010 seconds
INFO:robo.solver.bayesian_optimization:Current incumbent [3.94387501e-01 0.00000000e+00 4.93892023e-01 1.27107327e+02
 1.90992382e+00 1.07603493e+04] with estimated performance -5.369938
INFO:robo.solver.bayesian_optimization:Start iteration 66 ... 
INFO:robo.solver.bayesian_optimization:Train model...
INFO:robo.solver.bayesian_optimization:Time to train the model: 0.006870
INFO:robo.solver.bayesian_optimization:Maximize acquisition function...
INFO:robo.solver.bayesian_optimization:Time to maximize the acquisition function: 0.151542
INFO:robo.solver.bayesian_optimization:Optimization overhead was 0.158784 seconds
INFO:robo.solver.bayesian_optimization:Next candidate [3.45369825e-01 3.44435198e-01 6.42805650e-01 1.29929637e+02
 1.96173982e+00 1.12595825e+04]
INFO:robo.solver.bayesian_optimization:Configuration achieved a performance of -5.284234 
INFO:robo.solver.bayesian_optimization:Evaluation of this configuration took 0.000010 seconds
INFO:robo.solver.bayesian_optimization:Current incumbent [3.94387501e-01 0.00000000e+00 4.93892023e-01 1.27107327e+02
 1.90992382e+00 1.07603493e+04] with estimated performance -5.369938
INFO:robo.solver.bayesian_optimization:Start iteration 67 ... 
INFO:robo.solver.bayesian_optimization:Train model...
INFO:robo.solver.bayesian_optimization:Time to train the model: 0.005877
INFO:robo.solver.bayesian_optimization:Maximize acquisition function...
INFO:robo.solver.bayesian_optimization:Time to maximize the acquisition function: 0.151774
INFO:robo.solver.bayesian_optimization:Optimization overhead was 0.157999 seconds
INFO:robo.solver.bayesian_optimization:Next candidate [3.90129988e-01 1.43091306e-01 5.14337265e-01 1.26996305e+02
 1.92993160e+00 1.07602566e+04]
INFO:robo.solver.bayesian_optimization:Configuration achieved a performance of -5.369484 
INFO:robo.solver.bayesian_optimization:Evaluation of this configuration took 0.000010 seconds
INFO:robo.solver.bayesian_optimization:Current incumbent [3.94387501e-01 0.00000000e+00 4.93892023e-01 1.27107327e+02
 1.90992382e+00 1.07603493e+04] with estimated performance -5.369938
INFO:robo.solver.bayesian_optimization:Start iteration 68 ... 
INFO:robo.solver.bayesian_optimization:Train model...
INFO:robo.solver.bayesian_optimization:Time to train the model: 0.005985
INFO:robo.solver.bayesian_optimization:Maximize acquisition function...
INFO:robo.solver.bayesian_optimization:Time to maximize the acquisition function: 0.144894
INFO:robo.solver.bayesian_optimization:Optimization overhead was 0.151205 seconds
INFO:robo.solver.bayesian_optimization:Next candidate [3.88430838e-01 1.06407564e-01 1.47914396e-01 1.26952119e+02
 1.95948180e+00 1.07601762e+04]
INFO:robo.solver.bayesian_optimization:Configuration achieved a performance of -5.368937 
INFO:robo.solver.bayesian_optimization:Evaluation of this configuration took 0.000010 seconds
INFO:robo.solver.bayesian_optimization:Current incumbent [3.94387501e-01 0.00000000e+00 4.93892023e-01 1.27107327e+02
 1.90992382e+00 1.07603493e+04] with estimated performance -5.369938
INFO:robo.solver.bayesian_optimization:Start iteration 69 ... 
INFO:robo.solver.bayesian_optimization:Train model...
INFO:robo.solver.bayesian_optimization:Time to train the model: 0.006086
INFO:robo.solver.bayesian_optimization:Maximize acquisition function...
INFO:robo.solver.bayesian_optimization:Time to maximize the acquisition function: 0.140136
INFO:robo.solver.bayesian_optimization:Optimization overhead was 0.146488 seconds
INFO:robo.solver.bayesian_optimization:Next candidate [3.59820889e-01 4.98735359e-02 2.58594019e-01 1.27097852e+02
 1.87079470e+00 1.07603508e+04]
INFO:robo.solver.bayesian_optimization:Configuration achieved a performance of -5.327992 
INFO:robo.solver.bayesian_optimization:Evaluation of this configuration took 0.000010 seconds
INFO:robo.solver.bayesian_optimization:Current incumbent [3.94387501e-01 0.00000000e+00 4.93892023e-01 1.27107327e+02
 1.90992382e+00 1.07603493e+04] with estimated performance -5.369938
INFO:robo.solver.bayesian_optimization:Start iteration 70 ... 
INFO:robo.solver.bayesian_optimization:Train model...
INFO:robo.solver.bayesian_optimization:Time to train the model: 0.005700
INFO:robo.solver.bayesian_optimization:Maximize acquisition function...
INFO:robo.solver.bayesian_optimization:Time to maximize the acquisition function: 0.141177
INFO:robo.solver.bayesian_optimization:Optimization overhead was 0.147166 seconds
INFO:robo.solver.bayesian_optimization:Next candidate [4.28139530e-01 0.00000000e+00 2.77156001e-01 1.27082560e+02
 1.89623459e+00 1.07604211e+04]
INFO:robo.solver.bayesian_optimization:Configuration achieved a performance of -5.328023 
INFO:robo.solver.bayesian_optimization:Evaluation of this configuration took 0.000009 seconds
INFO:robo.solver.bayesian_optimization:Current incumbent [3.94387501e-01 0.00000000e+00 4.93892023e-01 1.27107327e+02
 1.90992382e+00 1.07603493e+04] with estimated performance -5.369938
INFO:robo.solver.bayesian_optimization:Start iteration 71 ... 
INFO:robo.solver.bayesian_optimization:Train model...
INFO:robo.solver.bayesian_optimization:Time to train the model: 0.006639
INFO:robo.solver.bayesian_optimization:Maximize acquisition function...
INFO:robo.solver.bayesian_optimization:Time to maximize the acquisition function: 0.153769
INFO:robo.solver.bayesian_optimization:Optimization overhead was 0.160711 seconds
INFO:robo.solver.bayesian_optimization:Next candidate [4.21761563e-01 2.00267626e-01 3.96435707e-01 1.26941369e+02
 1.87899155e+00 1.07604259e+04]
INFO:robo.solver.bayesian_optimization:Configuration achieved a performance of -5.342038 
INFO:robo.solver.bayesian_optimization:Evaluation of this configuration took 0.000010 seconds
INFO:robo.solver.bayesian_optimization:Current incumbent [3.94387501e-01 0.00000000e+00 4.93892023e-01 1.27107327e+02
 1.90992382e+00 1.07603493e+04] with estimated performance -5.369938
INFO:robo.solver.bayesian_optimization:Start iteration 72 ... 
INFO:robo.solver.bayesian_optimization:Train model...
INFO:robo.solver.bayesian_optimization:Time to train the model: 0.006000
INFO:robo.solver.bayesian_optimization:Maximize acquisition function...
INFO:robo.solver.bayesian_optimization:Time to maximize the acquisition function: 0.141193
INFO:robo.solver.bayesian_optimization:Optimization overhead was 0.147497 seconds
INFO:robo.solver.bayesian_optimization:Next candidate [3.89211188e-01 1.07996758e-01 4.84760906e-01 1.27092086e+02
 1.90080202e+00 1.07600815e+04]
INFO:robo.solver.bayesian_optimization:Configuration achieved a performance of -5.369214 
INFO:robo.solver.bayesian_optimization:Evaluation of this configuration took 0.000016 seconds
INFO:robo.solver.bayesian_optimization:Current incumbent [3.94387501e-01 0.00000000e+00 4.93892023e-01 1.27107327e+02
 1.90992382e+00 1.07603493e+04] with estimated performance -5.369938
INFO:robo.solver.bayesian_optimization:Start iteration 73 ... 
INFO:robo.solver.bayesian_optimization:Train model...
INFO:robo.solver.bayesian_optimization:Time to train the model: 0.006311
INFO:robo.solver.bayesian_optimization:Maximize acquisition function...
INFO:robo.solver.bayesian_optimization:Time to maximize the acquisition function: 0.144660
INFO:robo.solver.bayesian_optimization:Optimization overhead was 0.151263 seconds
INFO:robo.solver.bayesian_optimization:Next candidate [3.64515069e-01 0.00000000e+00 3.00073317e-01 1.27068271e+02
 1.94407022e+00 1.07603868e+04]
INFO:robo.solver.bayesian_optimization:Configuration achieved a performance of -5.338852 
INFO:robo.solver.bayesian_optimization:Evaluation of this configuration took 0.000010 seconds
INFO:robo.solver.bayesian_optimization:Current incumbent [3.94387501e-01 0.00000000e+00 4.93892023e-01 1.27107327e+02
 1.90992382e+00 1.07603493e+04] with estimated performance -5.369938
INFO:robo.solver.bayesian_optimization:Start iteration 74 ... 
INFO:robo.solver.bayesian_optimization:Train model...
INFO:robo.solver.bayesian_optimization:Time to train the model: 0.006362
INFO:robo.solver.bayesian_optimization:Maximize acquisition function...
INFO:robo.solver.bayesian_optimization:Time to maximize the acquisition function: 0.147305
INFO:robo.solver.bayesian_optimization:Optimization overhead was 0.153978 seconds
INFO:robo.solver.bayesian_optimization:Next candidate [5.11528988e-01 1.15522177e+00 7.60133483e-02 1.26811526e+02
 1.95421887e+00 1.11614348e+04]
INFO:robo.solver.bayesian_optimization:Configuration achieved a performance of -4.904020 
INFO:robo.solver.bayesian_optimization:Evaluation of this configuration took 0.000010 seconds
INFO:robo.solver.bayesian_optimization:Current incumbent [3.94387501e-01 0.00000000e+00 4.93892023e-01 1.27107327e+02
 1.90992382e+00 1.07603493e+04] with estimated performance -5.369938
INFO:robo.solver.bayesian_optimization:Start iteration 75 ... 
INFO:robo.solver.bayesian_optimization:Train model...
INFO:robo.solver.bayesian_optimization:Time to train the model: 0.006108
INFO:robo.solver.bayesian_optimization:Maximize acquisition function...
INFO:robo.solver.bayesian_optimization:Time to maximize the acquisition function: 0.141433
INFO:robo.solver.bayesian_optimization:Optimization overhead was 0.147853 seconds
INFO:robo.solver.bayesian_optimization:Next candidate [3.64816449e-01 5.79204132e-03 6.30116356e-01 1.29322589e+02
 1.90854095e+00 1.11066142e+04]
INFO:robo.solver.bayesian_optimization:Configuration achieved a performance of -5.339494 
INFO:robo.solver.bayesian_optimization:Evaluation of this configuration took 0.000009 seconds
INFO:robo.solver.bayesian_optimization:Current incumbent [3.94387501e-01 0.00000000e+00 4.93892023e-01 1.27107327e+02
 1.90992382e+00 1.07603493e+04] with estimated performance -5.369938
INFO:robo.solver.bayesian_optimization:Start iteration 76 ... 
INFO:robo.solver.bayesian_optimization:Train model...
INFO:robo.solver.bayesian_optimization:Time to train the model: 0.006282
INFO:robo.solver.bayesian_optimization:Maximize acquisition function...
INFO:robo.solver.bayesian_optimization:Time to maximize the acquisition function: 0.148897
INFO:robo.solver.bayesian_optimization:Optimization overhead was 0.155459 seconds
INFO:robo.solver.bayesian_optimization:Next candidate [3.99361860e-01 2.04819914e-01 5.96151994e-01 1.27020114e+02
 1.85060071e+00 1.07602795e+04]
INFO:robo.solver.bayesian_optimization:Configuration achieved a performance of -5.368817 
INFO:robo.solver.bayesian_optimization:Evaluation of this configuration took 0.000010 seconds
INFO:robo.solver.bayesian_optimization:Current incumbent [3.94387501e-01 0.00000000e+00 4.93892023e-01 1.27107327e+02
 1.90992382e+00 1.07603493e+04] with estimated performance -5.369938
INFO:robo.solver.bayesian_optimization:Start iteration 77 ... 
INFO:robo.solver.bayesian_optimization:Train model...
INFO:robo.solver.bayesian_optimization:Time to train the model: 0.006142
INFO:robo.solver.bayesian_optimization:Maximize acquisition function...
INFO:robo.solver.bayesian_optimization:Time to maximize the acquisition function: 0.139314
INFO:robo.solver.bayesian_optimization:Optimization overhead was 0.145746 seconds
INFO:robo.solver.bayesian_optimization:Next candidate [3.97690501e-01 1.94172209e-01 3.38387357e-01 1.27174290e+02
 1.94592271e+00 1.07601738e+04]
INFO:robo.solver.bayesian_optimization:Configuration achieved a performance of -5.369392 
INFO:robo.solver.bayesian_optimization:Evaluation of this configuration took 0.000010 seconds
INFO:robo.solver.bayesian_optimization:Current incumbent [3.94387501e-01 0.00000000e+00 4.93892023e-01 1.27107327e+02
 1.90992382e+00 1.07603493e+04] with estimated performance -5.369938
INFO:robo.solver.bayesian_optimization:Start iteration 78 ... 
INFO:robo.solver.bayesian_optimization:Train model...
INFO:robo.solver.bayesian_optimization:Time to train the model: 0.006231
INFO:robo.solver.bayesian_optimization:Maximize acquisition function...
INFO:robo.solver.bayesian_optimization:Time to maximize the acquisition function: 0.139013
INFO:robo.solver.bayesian_optimization:Optimization overhead was 0.145515 seconds
INFO:robo.solver.bayesian_optimization:Next candidate [3.91629899e-01 7.76385547e-02 6.04648793e-01 1.26898246e+02
 1.86808958e+00 1.07602787e+04]
INFO:robo.solver.bayesian_optimization:Configuration achieved a performance of -5.369793 
INFO:robo.solver.bayesian_optimization:Evaluation of this configuration took 0.000010 seconds
INFO:robo.solver.bayesian_optimization:Current incumbent [3.94387501e-01 0.00000000e+00 4.93892023e-01 1.27107327e+02
 1.90992382e+00 1.07603493e+04] with estimated performance -5.369938
INFO:robo.solver.bayesian_optimization:Start iteration 79 ... 
INFO:robo.solver.bayesian_optimization:Train model...
INFO:robo.solver.bayesian_optimization:Time to train the model: 0.006233
INFO:robo.solver.bayesian_optimization:Maximize acquisition function...
INFO:robo.solver.bayesian_optimization:Time to maximize the acquisition function: 0.134664
INFO:robo.solver.bayesian_optimization:Optimization overhead was 0.141201 seconds
INFO:robo.solver.bayesian_optimization:Next candidate [4.05305436e-01 1.79688055e-01 4.18583263e-01 1.27193506e+02
 1.90021832e+00 1.07603390e+04]
INFO:robo.solver.bayesian_optimization:Configuration achieved a performance of -5.365159 
INFO:robo.solver.bayesian_optimization:Evaluation of this configuration took 0.000010 seconds
INFO:robo.solver.bayesian_optimization:Current incumbent [3.94387501e-01 0.00000000e+00 4.93892023e-01 1.27107327e+02
 1.90992382e+00 1.07603493e+04] with estimated performance -5.369938
INFO:robo.solver.bayesian_optimization:Start iteration 80 ... 
INFO:robo.solver.bayesian_optimization:Train model...
INFO:robo.solver.bayesian_optimization:Time to train the model: 0.007596
INFO:robo.solver.bayesian_optimization:Maximize acquisition function...
INFO:robo.solver.bayesian_optimization:Time to maximize the acquisition function: 0.143239
INFO:robo.solver.bayesian_optimization:Optimization overhead was 0.151187 seconds
INFO:robo.solver.bayesian_optimization:Next candidate [3.60819855e-01 1.93653419e-02 1.83964076e-01 1.27017614e+02
 1.91286708e+00 1.07601832e+04]
INFO:robo.solver.bayesian_optimization:Configuration achieved a performance of -5.330440 
INFO:robo.solver.bayesian_optimization:Evaluation of this configuration took 0.000010 seconds
INFO:robo.solver.bayesian_optimization:Current incumbent [3.94387501e-01 0.00000000e+00 4.93892023e-01 1.27107327e+02
 1.90992382e+00 1.07603493e+04] with estimated performance -5.369938
INFO:robo.solver.bayesian_optimization:Start iteration 81 ... 
INFO:robo.solver.bayesian_optimization:Train model...
INFO:robo.solver.bayesian_optimization:Time to train the model: 0.006694
INFO:robo.solver.bayesian_optimization:Maximize acquisition function...
INFO:robo.solver.bayesian_optimization:Time to maximize the acquisition function: 0.182196
INFO:robo.solver.bayesian_optimization:Optimization overhead was 0.189196 seconds
INFO:robo.solver.bayesian_optimization:Next candidate [3.81848061e-01 1.66009803e-01 3.82486332e-01 1.27019884e+02
 1.98527154e+00 1.07604604e+04]
INFO:robo.solver.bayesian_optimization:Configuration achieved a performance of -5.364837 
INFO:robo.solver.bayesian_optimization:Evaluation of this configuration took 0.000010 seconds
INFO:robo.solver.bayesian_optimization:Current incumbent [3.94387501e-01 0.00000000e+00 4.93892023e-01 1.27107327e+02
 1.90992382e+00 1.07603493e+04] with estimated performance -5.369938
INFO:robo.solver.bayesian_optimization:Start iteration 82 ... 
INFO:robo.solver.bayesian_optimization:Train model...
INFO:robo.solver.bayesian_optimization:Time to train the model: 0.009522
INFO:robo.solver.bayesian_optimization:Maximize acquisition function...
INFO:robo.solver.bayesian_optimization:Time to maximize the acquisition function: 0.166941
INFO:robo.solver.bayesian_optimization:Optimization overhead was 0.176942 seconds
INFO:robo.solver.bayesian_optimization:Next candidate [3.67120739e-01 1.27139360e-01 2.49304236e-01 1.26991432e+02
 1.92037566e+00 1.07604113e+04]
INFO:robo.solver.bayesian_optimization:Configuration achieved a performance of -5.344175 
INFO:robo.solver.bayesian_optimization:Evaluation of this configuration took 0.000012 seconds
INFO:robo.solver.bayesian_optimization:Current incumbent [3.94387501e-01 0.00000000e+00 4.93892023e-01 1.27107327e+02
 1.90992382e+00 1.07603493e+04] with estimated performance -5.369938
INFO:robo.solver.bayesian_optimization:Start iteration 83 ... 
INFO:robo.solver.bayesian_optimization:Train model...
INFO:robo.solver.bayesian_optimization:Time to train the model: 0.006517
INFO:robo.solver.bayesian_optimization:Maximize acquisition function...
INFO:robo.solver.bayesian_optimization:Time to maximize the acquisition function: 0.140720
INFO:robo.solver.bayesian_optimization:Optimization overhead was 0.147569 seconds
INFO:robo.solver.bayesian_optimization:Next candidate [3.86379569e-01 9.15410778e-02 4.61921892e-01 1.26965801e+02
 1.93589632e+00 1.07604815e+04]
INFO:robo.solver.bayesian_optimization:Configuration achieved a performance of -5.367997 
INFO:robo.solver.bayesian_optimization:Evaluation of this configuration took 0.000010 seconds
INFO:robo.solver.bayesian_optimization:Current incumbent [3.94387501e-01 0.00000000e+00 4.93892023e-01 1.27107327e+02
 1.90992382e+00 1.07603493e+04] with estimated performance -5.369938
INFO:robo.solver.bayesian_optimization:Start iteration 84 ... 
INFO:robo.solver.bayesian_optimization:Train model...
INFO:robo.solver.bayesian_optimization:Time to train the model: 0.006623
INFO:robo.solver.bayesian_optimization:Maximize acquisition function...
INFO:robo.solver.bayesian_optimization:Time to maximize the acquisition function: 0.145554
INFO:robo.solver.bayesian_optimization:Optimization overhead was 0.152455 seconds
INFO:robo.solver.bayesian_optimization:Next candidate [3.89962754e-01 1.23997306e-01 5.35859304e-01 1.27129665e+02
 1.92158812e+00 1.07603431e+04]
INFO:robo.solver.bayesian_optimization:Configuration achieved a performance of -5.369439 
INFO:robo.solver.bayesian_optimization:Evaluation of this configuration took 0.000009 seconds
INFO:robo.solver.bayesian_optimization:Current incumbent [3.94387501e-01 0.00000000e+00 4.93892023e-01 1.27107327e+02
 1.90992382e+00 1.07603493e+04] with estimated performance -5.369938
INFO:robo.solver.bayesian_optimization:Start iteration 85 ... 
INFO:robo.solver.bayesian_optimization:Train model...
INFO:robo.solver.bayesian_optimization:Time to train the model: 0.006524
INFO:robo.solver.bayesian_optimization:Maximize acquisition function...
INFO:robo.solver.bayesian_optimization:Time to maximize the acquisition function: 0.145227
INFO:robo.solver.bayesian_optimization:Optimization overhead was 0.152039 seconds
INFO:robo.solver.bayesian_optimization:Next candidate [3.61418794e-01 1.83011234e-01 4.36702325e-01 1.26998821e+02
 1.89472821e+00 1.07605338e+04]
INFO:robo.solver.bayesian_optimization:Configuration achieved a performance of -5.331873 
INFO:robo.solver.bayesian_optimization:Evaluation of this configuration took 0.000010 seconds
INFO:robo.solver.bayesian_optimization:Current incumbent [3.94387501e-01 0.00000000e+00 4.93892023e-01 1.27107327e+02
 1.90992382e+00 1.07603493e+04] with estimated performance -5.369938
INFO:robo.solver.bayesian_optimization:Start iteration 86 ... 
INFO:robo.solver.bayesian_optimization:Train model...
INFO:robo.solver.bayesian_optimization:Time to train the model: 0.006485
INFO:robo.solver.bayesian_optimization:Maximize acquisition function...
INFO:robo.solver.bayesian_optimization:Time to maximize the acquisition function: 0.148434
INFO:robo.solver.bayesian_optimization:Optimization overhead was 0.155193 seconds
INFO:robo.solver.bayesian_optimization:Next candidate [3.85316253e-01 2.44811446e-01 4.15175640e-01 1.27175845e+02
 1.93046531e+00 1.07604360e+04]
INFO:robo.solver.bayesian_optimization:Configuration achieved a performance of -5.367390 
INFO:robo.solver.bayesian_optimization:Evaluation of this configuration took 0.000010 seconds
INFO:robo.solver.bayesian_optimization:Current incumbent [3.94387501e-01 0.00000000e+00 4.93892023e-01 1.27107327e+02
 1.90992382e+00 1.07603493e+04] with estimated performance -5.369938
INFO:robo.solver.bayesian_optimization:Start iteration 87 ... 
INFO:robo.solver.bayesian_optimization:Train model...
INFO:robo.solver.bayesian_optimization:Time to train the model: 0.006584
INFO:robo.solver.bayesian_optimization:Maximize acquisition function...
INFO:robo.solver.bayesian_optimization:Time to maximize the acquisition function: 0.140188
INFO:robo.solver.bayesian_optimization:Optimization overhead was 0.147067 seconds
INFO:robo.solver.bayesian_optimization:Next candidate [3.90347064e-01 1.19461197e-01 3.72374489e-01 1.27036430e+02
 1.94527512e+00 1.07604313e+04]
INFO:robo.solver.bayesian_optimization:Configuration achieved a performance of -5.369538 
INFO:robo.solver.bayesian_optimization:Evaluation of this configuration took 0.000009 seconds
INFO:robo.solver.bayesian_optimization:Current incumbent [3.94387501e-01 0.00000000e+00 4.93892023e-01 1.27107327e+02
 1.90992382e+00 1.07603493e+04] with estimated performance -5.369938
INFO:robo.solver.bayesian_optimization:Start iteration 88 ... 
INFO:robo.solver.bayesian_optimization:Train model...
INFO:robo.solver.bayesian_optimization:Time to train the model: 0.007154
INFO:robo.solver.bayesian_optimization:Maximize acquisition function...
INFO:robo.solver.bayesian_optimization:Time to maximize the acquisition function: 0.144020
INFO:robo.solver.bayesian_optimization:Optimization overhead was 0.151512 seconds
INFO:robo.solver.bayesian_optimization:Next candidate [4.14400959e-01 7.82602564e-02 6.02071330e-01 1.26880253e+02
 1.89064820e+00 1.07603288e+04]
INFO:robo.solver.bayesian_optimization:Configuration achieved a performance of -5.354722 
INFO:robo.solver.bayesian_optimization:Evaluation of this configuration took 0.000010 seconds
INFO:robo.solver.bayesian_optimization:Current incumbent [3.94387501e-01 0.00000000e+00 4.93892023e-01 1.27107327e+02
 1.90992382e+00 1.07603493e+04] with estimated performance -5.369938
INFO:robo.solver.bayesian_optimization:Start iteration 89 ... 
INFO:robo.solver.bayesian_optimization:Train model...
INFO:robo.solver.bayesian_optimization:Time to train the model: 0.008631
INFO:robo.solver.bayesian_optimization:Maximize acquisition function...
INFO:robo.solver.bayesian_optimization:Time to maximize the acquisition function: 0.141380
INFO:robo.solver.bayesian_optimization:Optimization overhead was 0.150345 seconds
INFO:robo.solver.bayesian_optimization:Next candidate [3.88237823e-01 8.74459028e-02 4.00471596e-01 1.27137300e+02
 1.92796801e+00 1.07604324e+04]
INFO:robo.solver.bayesian_optimization:Configuration achieved a performance of -5.368861 
INFO:robo.solver.bayesian_optimization:Evaluation of this configuration took 0.000010 seconds
INFO:robo.solver.bayesian_optimization:Current incumbent [3.94387501e-01 0.00000000e+00 4.93892023e-01 1.27107327e+02
 1.90992382e+00 1.07603493e+04] with estimated performance -5.369938
INFO:robo.solver.bayesian_optimization:Start iteration 90 ... 
INFO:robo.solver.bayesian_optimization:Train model...
INFO:robo.solver.bayesian_optimization:Time to train the model: 0.006807
INFO:robo.solver.bayesian_optimization:Maximize acquisition function...
INFO:robo.solver.bayesian_optimization:Time to maximize the acquisition function: 0.147745
INFO:robo.solver.bayesian_optimization:Optimization overhead was 0.154859 seconds
INFO:robo.solver.bayesian_optimization:Next candidate [3.83289388e-01 8.66291142e-02 5.39971240e-01 1.27033036e+02
 1.89053597e+00 1.07605567e+04]
INFO:robo.solver.bayesian_optimization:Configuration achieved a performance of -5.366005 
INFO:robo.solver.bayesian_optimization:Evaluation of this configuration took 0.000010 seconds
INFO:robo.solver.bayesian_optimization:Current incumbent [3.94387501e-01 0.00000000e+00 4.93892023e-01 1.27107327e+02
 1.90992382e+00 1.07603493e+04] with estimated performance -5.369938
INFO:robo.solver.bayesian_optimization:Start iteration 91 ... 
INFO:robo.solver.bayesian_optimization:Train model...
INFO:robo.solver.bayesian_optimization:Time to train the model: 0.009371
INFO:robo.solver.bayesian_optimization:Maximize acquisition function...
INFO:robo.solver.bayesian_optimization:Time to maximize the acquisition function: 0.142048
INFO:robo.solver.bayesian_optimization:Optimization overhead was 0.151742 seconds
INFO:robo.solver.bayesian_optimization:Next candidate [3.82221656e-01 1.20081811e-01 3.66429472e-01 1.26949506e+02
 1.88670174e+00 1.07603127e+04]
INFO:robo.solver.bayesian_optimization:Configuration achieved a performance of -5.365154 
INFO:robo.solver.bayesian_optimization:Evaluation of this configuration took 0.000011 seconds
INFO:robo.solver.bayesian_optimization:Current incumbent [3.94387501e-01 0.00000000e+00 4.93892023e-01 1.27107327e+02
 1.90992382e+00 1.07603493e+04] with estimated performance -5.369938
INFO:robo.solver.bayesian_optimization:Start iteration 92 ... 
INFO:robo.solver.bayesian_optimization:Train model...
INFO:robo.solver.bayesian_optimization:Time to train the model: 0.006860
INFO:robo.solver.bayesian_optimization:Maximize acquisition function...
INFO:robo.solver.bayesian_optimization:Time to maximize the acquisition function: 0.140978
INFO:robo.solver.bayesian_optimization:Optimization overhead was 0.148152 seconds
INFO:robo.solver.bayesian_optimization:Next candidate [4.13296303e-01 1.64951919e-01 4.12965177e-01 1.27086190e+02
 1.90723351e+00 1.07603783e+04]
INFO:robo.solver.bayesian_optimization:Configuration achieved a performance of -5.356300 
INFO:robo.solver.bayesian_optimization:Evaluation of this configuration took 0.000011 seconds
INFO:robo.solver.bayesian_optimization:Current incumbent [3.94387501e-01 0.00000000e+00 4.93892023e-01 1.27107327e+02
 1.90992382e+00 1.07603493e+04] with estimated performance -5.369938
INFO:robo.solver.bayesian_optimization:Start iteration 93 ... 
INFO:robo.solver.bayesian_optimization:Train model...
INFO:robo.solver.bayesian_optimization:Time to train the model: 0.007046
INFO:robo.solver.bayesian_optimization:Maximize acquisition function...
INFO:robo.solver.bayesian_optimization:Time to maximize the acquisition function: 0.151827
INFO:robo.solver.bayesian_optimization:Optimization overhead was 0.159199 seconds
INFO:robo.solver.bayesian_optimization:Next candidate [4.08832948e-01 1.54379582e-01 5.73262609e-01 1.27021373e+02
 1.92448784e+00 1.07603877e+04]
INFO:robo.solver.bayesian_optimization:Configuration achieved a performance of -5.361803 
INFO:robo.solver.bayesian_optimization:Evaluation of this configuration took 0.000010 seconds
INFO:robo.solver.bayesian_optimization:Current incumbent [3.94387501e-01 0.00000000e+00 4.93892023e-01 1.27107327e+02
 1.90992382e+00 1.07603493e+04] with estimated performance -5.369938
INFO:robo.solver.bayesian_optimization:Start iteration 94 ... 
INFO:robo.solver.bayesian_optimization:Train model...
INFO:robo.solver.bayesian_optimization:Time to train the model: 0.007471
INFO:robo.solver.bayesian_optimization:Maximize acquisition function...
INFO:robo.solver.bayesian_optimization:Time to maximize the acquisition function: 0.145363
INFO:robo.solver.bayesian_optimization:Optimization overhead was 0.153235 seconds
INFO:robo.solver.bayesian_optimization:Next candidate [3.98529946e-01 1.92433910e-01 6.75988139e-01 1.27028387e+02
 1.87734603e+00 1.07602847e+04]
INFO:robo.solver.bayesian_optimization:Configuration achieved a performance of -5.369128 
INFO:robo.solver.bayesian_optimization:Evaluation of this configuration took 0.000010 seconds
INFO:robo.solver.bayesian_optimization:Current incumbent [3.94387501e-01 0.00000000e+00 4.93892023e-01 1.27107327e+02
 1.90992382e+00 1.07603493e+04] with estimated performance -5.369938
INFO:robo.solver.bayesian_optimization:Start iteration 95 ... 
INFO:robo.solver.bayesian_optimization:Train model...
INFO:robo.solver.bayesian_optimization:Time to train the model: 0.007365
INFO:robo.solver.bayesian_optimization:Maximize acquisition function...
INFO:robo.solver.bayesian_optimization:Time to maximize the acquisition function: 0.144527
INFO:robo.solver.bayesian_optimization:Optimization overhead was 0.152222 seconds
INFO:robo.solver.bayesian_optimization:Next candidate [3.95234573e-01 1.53118172e-01 4.86093176e-01 1.27199245e+02
 1.91009140e+00 1.07603020e+04]
INFO:robo.solver.bayesian_optimization:Configuration achieved a performance of -5.369873 
INFO:robo.solver.bayesian_optimization:Evaluation of this configuration took 0.000010 seconds
INFO:robo.solver.bayesian_optimization:Current incumbent [3.94387501e-01 0.00000000e+00 4.93892023e-01 1.27107327e+02
 1.90992382e+00 1.07603493e+04] with estimated performance -5.369938
INFO:robo.solver.bayesian_optimization:Start iteration 96 ... 
INFO:robo.solver.bayesian_optimization:Train model...
INFO:robo.solver.bayesian_optimization:Time to train the model: 0.007363
INFO:robo.solver.bayesian_optimization:Maximize acquisition function...
