DEBUG:robo.models.gaussian_process:GP Hyperparameters: [-1.5040774   0.          0.          0.          0.          0.
  0.          0.          0.          0.         -6.90775528]
INFO:robo.solver.bayesian_optimization:Evaluate: [ 10.35558788  66.04981991  65.11175629  51.76593127 104.80722346
  24.78951201   3.95930674  50.95377507  49.35490416]
DEBUG:robo.models.gaussian_process:GP Hyperparameters: [-1.5040774   2.33752627  4.1904093   4.17610512  3.94673224  4.6521227
  3.21042066  1.37606894  3.93091885  3.89903714 -6.90775528]
DEBUG:objective_function:F-score: 0.16484593837535014
INFO:robo.solver.bayesian_optimization:Configuration achieved a performance of 0.835154 in 0.020015 seconds
INFO:robo.solver.bayesian_optimization:Evaluate: [86.93535643 89.2305074  27.71186278 77.84683542 65.46581499 73.49265508
 93.76084486 28.64287019 85.60535737]
DEBUG:robo.models.gaussian_process:GP Hyperparameters: [-1.5040774   4.46516481  4.49122299  3.32186058  4.35474325  4.1815281
  4.29718547  4.54074734  3.35490455  4.44974787 -6.90775528]
DEBUG:objective_function:F-score: 0.2712962962962963
INFO:robo.solver.bayesian_optimization:Configuration achieved a performance of 0.728704 in 0.010662 seconds
INFO:robo.solver.bayesian_optimization:Evaluate: [33.57238941 13.56917551 47.32635888  8.636166   10.27053225 44.19689591
 41.07455981 89.34985277 25.32251236]
DEBUG:robo.models.gaussian_process:GP Hyperparameters: [-1.5040774   3.51370399  2.60780071  3.85706741  2.15595873  2.32927885
  3.78865456  3.71538895  4.49255959  3.23169382 -6.90775528]
DEBUG:objective_function:F-score: 0.1751953412944125
INFO:robo.solver.bayesian_optimization:Configuration achieved a performance of 0.824805 in 0.008854 seconds
INFO:robo.solver.bayesian_optimization:Start iteration 3 ... 
INFO:robo.solver.bayesian_optimization:Train model...
DEBUG:robo.models.gaussian_process:GP Hyperparameters: [-1.5040774   0.          0.          0.          0.          0.
  0.          0.          0.          0.         -6.90775528]
INFO:robo.solver.bayesian_optimization:Time to train the model: 0.007524
INFO:robo.solver.bayesian_optimization:Maximize acquisition function...
INFO:robo.solver.bayesian_optimization:Time to maximize the acquisition function: 0.178798
INFO:robo.solver.bayesian_optimization:Optimization overhead was 0.186780 seconds
INFO:robo.solver.bayesian_optimization:Next candidate [ 19.81761134  81.71125424  85.65887583 100.90502206  20.87948186
 103.26668695   2.59492466  73.28362208   3.4061714 ]
DEBUG:robo.models.gaussian_process:GP Hyperparameters: [-1.5040774   2.986571    4.40319174  4.45037285  4.6141797   3.03876695
  4.63731484  0.95355748  4.29433715  1.2255889  -6.90775528]
DEBUG:objective_function:F-score: 0.0961478608537432
INFO:robo.solver.bayesian_optimization:Configuration achieved a performance of 0.903852 
INFO:robo.solver.bayesian_optimization:Evaluation of this configuration took 0.009732 seconds
INFO:robo.solver.bayesian_optimization:Current incumbent [86.93535643 89.2305074  27.71186278 77.84683542 65.46581499 73.49265508
 93.76084486 28.64287019 85.60535737] with estimated performance 0.728704
INFO:robo.solver.bayesian_optimization:Start iteration 4 ... 
INFO:robo.solver.bayesian_optimization:Train model...
DEBUG:robo.models.gaussian_process:GP Hyperparameters: [-1.5040774   0.          0.          0.          0.          0.
  0.          0.          0.          0.         -6.90775528]
INFO:robo.solver.bayesian_optimization:Time to train the model: 0.005556
INFO:robo.solver.bayesian_optimization:Maximize acquisition function...
INFO:robo.solver.bayesian_optimization:Time to maximize the acquisition function: 0.141765
INFO:robo.solver.bayesian_optimization:Optimization overhead was 0.147603 seconds
INFO:robo.solver.bayesian_optimization:Next candidate [52.1371225  13.79789101 76.68243198 69.1227908   6.51647107 10.26735335
 98.17778332 18.75916629 99.64483912]
DEBUG:robo.models.gaussian_process:GP Hyperparameters: [-1.5040774   3.95387722  2.62451576  4.33967263  4.2358845   1.87433298
  2.32896928  4.58677995  2.9316825   4.60161226 -6.90775528]
DEBUG:objective_function:F-score: 0.22198030727442492
INFO:robo.solver.bayesian_optimization:Configuration achieved a performance of 0.778020 
INFO:robo.solver.bayesian_optimization:Evaluation of this configuration took 0.009962 seconds
INFO:robo.solver.bayesian_optimization:Current incumbent [86.93535643 89.2305074  27.71186278 77.84683542 65.46581499 73.49265508
 93.76084486 28.64287019 85.60535737] with estimated performance 0.728704
INFO:robo.solver.bayesian_optimization:Start iteration 5 ... 
INFO:robo.solver.bayesian_optimization:Train model...
DEBUG:robo.models.gaussian_process:GP Hyperparameters: [-1.5040774   0.          0.          0.          0.          0.
  0.          0.          0.          0.         -6.90775528]
INFO:robo.solver.bayesian_optimization:Time to train the model: 0.006364
INFO:robo.solver.bayesian_optimization:Maximize acquisition function...
INFO:robo.solver.bayesian_optimization:Time to maximize the acquisition function: 0.159936
INFO:robo.solver.bayesian_optimization:Optimization overhead was 0.166550 seconds
INFO:robo.solver.bayesian_optimization:Next candidate [  3.57844687  10.74632036  31.45707849  12.0354738   90.54962848
 103.81096082 101.81806494  22.43265572  59.96780832]
DEBUG:robo.models.gaussian_process:GP Hyperparameters: [-1.5040774   1.27492887  2.3745634   3.44862403  2.48785844  4.50589808
  4.64257156  4.62318754  3.11051774  4.09380789 -6.90775528]
DEBUG:objective_function:F-score: 0.22817126850740296
INFO:robo.solver.bayesian_optimization:Configuration achieved a performance of 0.771829 
INFO:robo.solver.bayesian_optimization:Evaluation of this configuration took 0.008903 seconds
INFO:robo.solver.bayesian_optimization:Current incumbent [86.93535643 89.2305074  27.71186278 77.84683542 65.46581499 73.49265508
 93.76084486 28.64287019 85.60535737] with estimated performance 0.728704
INFO:robo.solver.bayesian_optimization:Start iteration 6 ... 
INFO:robo.solver.bayesian_optimization:Train model...
DEBUG:robo.models.gaussian_process:GP Hyperparameters: [-1.5040774   0.          0.          0.          0.          0.
  0.          0.          0.          0.         -6.90775528]
INFO:robo.solver.bayesian_optimization:Time to train the model: 0.005715
INFO:robo.solver.bayesian_optimization:Maximize acquisition function...
INFO:robo.solver.bayesian_optimization:Time to maximize the acquisition function: 0.141725
INFO:robo.solver.bayesian_optimization:Optimization overhead was 0.147785 seconds
INFO:robo.solver.bayesian_optimization:Next candidate [72.06437527 23.79872672  4.88604442 21.76520963  5.14265103 88.62478547
  1.91411223  5.86483465 90.82378028]
DEBUG:robo.models.gaussian_process:GP Hyperparameters: [-1.5040774   4.27755982  3.16963208  1.58638306  3.08031281  1.63756871
  4.48441156  0.64925393  1.76897429  4.50892115 -6.90775528]
DEBUG:objective_function:F-score: 0.040625
INFO:robo.solver.bayesian_optimization:Configuration achieved a performance of 0.959375 
INFO:robo.solver.bayesian_optimization:Evaluation of this configuration took 0.010944 seconds
INFO:robo.solver.bayesian_optimization:Current incumbent [86.93535643 89.2305074  27.71186278 77.84683542 65.46581499 73.49265508
 93.76084486 28.64287019 85.60535737] with estimated performance 0.728704
INFO:robo.solver.bayesian_optimization:Start iteration 7 ... 
INFO:robo.solver.bayesian_optimization:Train model...
DEBUG:robo.models.gaussian_process:GP Hyperparameters: [-1.5040774   0.          0.          0.          0.          0.
  0.          0.          0.          0.         -6.90775528]
INFO:robo.solver.bayesian_optimization:Time to train the model: 0.008244
INFO:robo.solver.bayesian_optimization:Maximize acquisition function...
INFO:robo.solver.bayesian_optimization:Time to maximize the acquisition function: 0.152514
INFO:robo.solver.bayesian_optimization:Optimization overhead was 0.161324 seconds
INFO:robo.solver.bayesian_optimization:Next candidate [ 93.14536471  39.01424727  36.92963928  70.17322576 104.78524938
  72.39641457  96.00151602  69.00967537   1.88301108]
DEBUG:robo.models.gaussian_process:GP Hyperparameters: [-1.5040774   4.53416133  3.66392689  3.60901446  4.25096684  4.65191301
  4.28215678  4.56436398  4.23424672  0.63287214 -6.90775528]
DEBUG:objective_function:F-score: 0.2327052032934386
INFO:robo.solver.bayesian_optimization:Configuration achieved a performance of 0.767295 
INFO:robo.solver.bayesian_optimization:Evaluation of this configuration took 0.010690 seconds
INFO:robo.solver.bayesian_optimization:Current incumbent [86.93535643 89.2305074  27.71186278 77.84683542 65.46581499 73.49265508
 93.76084486 28.64287019 85.60535737] with estimated performance 0.728704
INFO:robo.solver.bayesian_optimization:Start iteration 8 ... 
INFO:robo.solver.bayesian_optimization:Train model...
DEBUG:robo.models.gaussian_process:GP Hyperparameters: [-1.5040774   0.          0.          0.          0.          0.
  0.          0.          0.          0.         -6.90775528]
INFO:robo.solver.bayesian_optimization:Time to train the model: 0.005959
INFO:robo.solver.bayesian_optimization:Maximize acquisition function...
INFO:robo.solver.bayesian_optimization:Time to maximize the acquisition function: 0.151380
INFO:robo.solver.bayesian_optimization:Optimization overhead was 0.157664 seconds
INFO:robo.solver.bayesian_optimization:Next candidate [ 88.76423946  97.67041146   1.14435896   5.87156859  59.14469211
   8.62932251  84.5438811  104.61311636  45.82994336]
DEBUG:robo.models.gaussian_process:GP Hyperparameters: [-1.5040774   4.48598386  4.58159866  0.13484462  1.77012182  4.07998685
  2.155166    4.4372707   4.65026894  3.82493766 -6.90775528]
DEBUG:objective_function:F-score: 0.15861344537815128
INFO:robo.solver.bayesian_optimization:Configuration achieved a performance of 0.841387 
INFO:robo.solver.bayesian_optimization:Evaluation of this configuration took 0.011398 seconds
INFO:robo.solver.bayesian_optimization:Current incumbent [86.93535643 89.2305074  27.71186278 77.84683542 65.46581499 73.49265508
 93.76084486 28.64287019 85.60535737] with estimated performance 0.728704
INFO:robo.solver.bayesian_optimization:Start iteration 9 ... 
INFO:robo.solver.bayesian_optimization:Train model...
DEBUG:robo.models.gaussian_process:GP Hyperparameters: [-1.5040774   0.          0.          0.          0.          0.
  0.          0.          0.          0.         -6.90775528]
INFO:robo.solver.bayesian_optimization:Time to train the model: 0.009204
INFO:robo.solver.bayesian_optimization:Maximize acquisition function...
INFO:robo.solver.bayesian_optimization:Time to maximize the acquisition function: 0.154783
INFO:robo.solver.bayesian_optimization:Optimization overhead was 0.164335 seconds
INFO:robo.solver.bayesian_optimization:Next candidate [ 12.69547473  83.44012368  33.51322707  67.15792137  53.65098002
  17.69453159 103.99992291   9.29363623   8.91864106]
DEBUG:robo.models.gaussian_process:GP Hyperparameters: [-1.5040774   2.54124561  4.42412929  3.5119402   4.20704688  3.98249974
  2.87325564  4.64439016  2.22932989  2.18814359 -6.90775528]
DEBUG:objective_function:F-score: 0.2231292517006803
INFO:robo.solver.bayesian_optimization:Configuration achieved a performance of 0.776871 
INFO:robo.solver.bayesian_optimization:Evaluation of this configuration took 0.009998 seconds
INFO:robo.solver.bayesian_optimization:Current incumbent [86.93535643 89.2305074  27.71186278 77.84683542 65.46581499 73.49265508
 93.76084486 28.64287019 85.60535737] with estimated performance 0.728704
INFO:robo.solver.bayesian_optimization:Start iteration 10 ... 
INFO:robo.solver.bayesian_optimization:Train model...
DEBUG:robo.models.gaussian_process:GP Hyperparameters: [-1.5040774   0.          0.          0.          0.          0.
  0.          0.          0.          0.         -6.90775528]
INFO:robo.solver.bayesian_optimization:Time to train the model: 0.005679
INFO:robo.solver.bayesian_optimization:Maximize acquisition function...
INFO:robo.solver.bayesian_optimization:Time to maximize the acquisition function: 0.142650
INFO:robo.solver.bayesian_optimization:Optimization overhead was 0.148625 seconds
INFO:robo.solver.bayesian_optimization:Next candidate [ 45.92603258  48.87159737  95.44878344  79.29182899  96.60625898
  98.90794519  91.04473289  83.27218414 104.70766955]
DEBUG:robo.models.gaussian_process:GP Hyperparameters: [-1.5040774   3.82703212  3.8891964   4.5585898   4.37313508  4.57064353
  4.59418957  4.51135096  4.42211457  4.65117237 -6.90775528]
DEBUG:objective_function:F-score: 0.27035002035002037
INFO:robo.solver.bayesian_optimization:Configuration achieved a performance of 0.729650 
INFO:robo.solver.bayesian_optimization:Evaluation of this configuration took 0.008731 seconds
INFO:robo.solver.bayesian_optimization:Current incumbent [86.93535643 89.2305074  27.71186278 77.84683542 65.46581499 73.49265508
 93.76084486 28.64287019 85.60535737] with estimated performance 0.728704
INFO:robo.solver.bayesian_optimization:Start iteration 11 ... 
INFO:robo.solver.bayesian_optimization:Train model...
DEBUG:robo.models.gaussian_process:GP Hyperparameters: [-1.5040774   0.          0.          0.          0.          0.
  0.          0.          0.          0.         -6.90775528]
INFO:robo.solver.bayesian_optimization:Time to train the model: 0.006281
INFO:robo.solver.bayesian_optimization:Maximize acquisition function...
INFO:robo.solver.bayesian_optimization:Time to maximize the acquisition function: 0.143919
INFO:robo.solver.bayesian_optimization:Optimization overhead was 0.150475 seconds
INFO:robo.solver.bayesian_optimization:Next candidate [ 74.75314463 102.39495247  92.98435441   4.47785951  28.89195917
  87.44759816  21.40527229  98.62506236  76.39695852]
DEBUG:robo.models.gaussian_process:GP Hyperparameters: [-1.5040774   4.31419128  4.62883742  4.53243125  1.49914514  3.36356333
  4.47103974  3.06363726  4.59132541  4.33594289 -6.90775528]
DEBUG:objective_function:F-score: 0.14368426796555944
INFO:robo.solver.bayesian_optimization:Configuration achieved a performance of 0.856316 
INFO:robo.solver.bayesian_optimization:Evaluation of this configuration took 0.009206 seconds
INFO:robo.solver.bayesian_optimization:Current incumbent [86.93535643 89.2305074  27.71186278 77.84683542 65.46581499 73.49265508
 93.76084486 28.64287019 85.60535737] with estimated performance 0.728704
INFO:robo.solver.bayesian_optimization:Start iteration 12 ... 
INFO:robo.solver.bayesian_optimization:Train model...
DEBUG:robo.models.gaussian_process:GP Hyperparameters: [-1.5040774   0.          0.          0.          0.          0.
  0.          0.          0.          0.         -6.90775528]
INFO:robo.solver.bayesian_optimization:Time to train the model: 0.005570
INFO:robo.solver.bayesian_optimization:Maximize acquisition function...
INFO:robo.solver.bayesian_optimization:Time to maximize the acquisition function: 0.153953
INFO:robo.solver.bayesian_optimization:Optimization overhead was 0.159772 seconds
INFO:robo.solver.bayesian_optimization:Next candidate [88.55459255 37.50773702 94.9625128  91.91429158 50.50887957  9.30548245
 36.50860946  7.81960027 10.92057802]
DEBUG:robo.models.gaussian_process:GP Hyperparameters: [-1.5040774   4.48361923  3.62454723  4.55348221  4.52085653  3.92214915
  2.23060374  3.59754811  2.05663344  2.3906489  -6.90775528]
DEBUG:objective_function:F-score: 0.19675944970062617
INFO:robo.solver.bayesian_optimization:Configuration achieved a performance of 0.803241 
INFO:robo.solver.bayesian_optimization:Evaluation of this configuration took 0.008671 seconds
INFO:robo.solver.bayesian_optimization:Current incumbent [86.93535643 89.2305074  27.71186278 77.84683542 65.46581499 73.49265508
 93.76084486 28.64287019 85.60535737] with estimated performance 0.728704
INFO:robo.solver.bayesian_optimization:Start iteration 13 ... 
INFO:robo.solver.bayesian_optimization:Train model...
DEBUG:robo.models.gaussian_process:GP Hyperparameters: [-1.5040774   0.          0.          0.          0.          0.
  0.          0.          0.          0.         -6.90775528]
INFO:robo.solver.bayesian_optimization:Time to train the model: 0.005406
INFO:robo.solver.bayesian_optimization:Maximize acquisition function...
INFO:robo.solver.bayesian_optimization:Time to maximize the acquisition function: 0.142041
INFO:robo.solver.bayesian_optimization:Optimization overhead was 0.147708 seconds
INFO:robo.solver.bayesian_optimization:Next candidate [  3.57016896  22.04496231   3.88115775  76.0458381   17.7834842
   8.2274017   41.61093709 100.14376756 101.89825023]
DEBUG:robo.models.gaussian_process:GP Hyperparameters: [-1.5040774   1.27261292  3.09308411  1.3561335   4.33133629  2.87827017
  2.10747025  3.72836304  4.60660683  4.62397477 -6.90775528]
DEBUG:objective_function:F-score: 0.2805250305250305
INFO:robo.solver.bayesian_optimization:Configuration achieved a performance of 0.719475 
INFO:robo.solver.bayesian_optimization:Evaluation of this configuration took 0.009121 seconds
INFO:robo.solver.bayesian_optimization:Current incumbent [  3.57016896  22.04496231   3.88115775  76.0458381   17.7834842
   8.2274017   41.61093709 100.14376756 101.89825023] with estimated performance 0.719475
INFO:robo.solver.bayesian_optimization:Start iteration 14 ... 
INFO:robo.solver.bayesian_optimization:Train model...
DEBUG:robo.models.gaussian_process:GP Hyperparameters: [-1.5040774   0.          0.          0.          0.          0.
  0.          0.          0.          0.         -6.90775528]
INFO:robo.solver.bayesian_optimization:Time to train the model: 0.005609
INFO:robo.solver.bayesian_optimization:Maximize acquisition function...
INFO:robo.solver.bayesian_optimization:Time to maximize the acquisition function: 0.145573
INFO:robo.solver.bayesian_optimization:Optimization overhead was 0.151428 seconds
INFO:robo.solver.bayesian_optimization:Next candidate [ 50.9387875   21.49678757  30.64390273  95.00185616 100.29676914
  19.05390806 103.98918605  14.72174665 100.92356215]
DEBUG:robo.models.gaussian_process:GP Hyperparameters: [-1.5040774   3.93062467  3.06790351  3.42243371  4.55389643  4.60813348
  2.94727223  4.64428691  2.68932576  4.61436342 -6.90775528]
DEBUG:objective_function:F-score: 0.23366013071895422
INFO:robo.solver.bayesian_optimization:Configuration achieved a performance of 0.766340 
INFO:robo.solver.bayesian_optimization:Evaluation of this configuration took 0.009341 seconds
INFO:robo.solver.bayesian_optimization:Current incumbent [  3.57016896  22.04496231   3.88115775  76.0458381   17.7834842
   8.2274017   41.61093709 100.14376756 101.89825023] with estimated performance 0.719475
INFO:robo.solver.bayesian_optimization:Start iteration 15 ... 
INFO:robo.solver.bayesian_optimization:Train model...
DEBUG:robo.models.gaussian_process:GP Hyperparameters: [-1.5040774   0.          0.          0.          0.          0.
  0.          0.          0.          0.         -6.90775528]
INFO:robo.solver.bayesian_optimization:Time to train the model: 0.005733
INFO:robo.solver.bayesian_optimization:Maximize acquisition function...
INFO:robo.solver.bayesian_optimization:Time to maximize the acquisition function: 0.157289
INFO:robo.solver.bayesian_optimization:Optimization overhead was 0.163276 seconds
INFO:robo.solver.bayesian_optimization:Next candidate [ 64.20685989  18.09535206   4.67038805  46.99588974  99.96122805
  19.50095207   1.4288824  100.81910495 103.66187728]
DEBUG:robo.models.gaussian_process:GP Hyperparameters: [-1.5040774   4.16211006  2.89565511  1.54124216  3.85006015  4.60478239
  2.97046329  0.3568926   4.61332787  4.64113442 -6.90775528]
DEBUG:objective_function:F-score: 0.12983193277310925
INFO:robo.solver.bayesian_optimization:Configuration achieved a performance of 0.870168 
INFO:robo.solver.bayesian_optimization:Evaluation of this configuration took 0.009969 seconds
INFO:robo.solver.bayesian_optimization:Current incumbent [  3.57016896  22.04496231   3.88115775  76.0458381   17.7834842
   8.2274017   41.61093709 100.14376756 101.89825023] with estimated performance 0.719475
INFO:robo.solver.bayesian_optimization:Start iteration 16 ... 
INFO:robo.solver.bayesian_optimization:Train model...
DEBUG:robo.models.gaussian_process:GP Hyperparameters: [-1.5040774   0.          0.          0.          0.          0.
  0.          0.          0.          0.         -6.90775528]
INFO:robo.solver.bayesian_optimization:Time to train the model: 0.005565
INFO:robo.solver.bayesian_optimization:Maximize acquisition function...
INFO:robo.solver.bayesian_optimization:Time to maximize the acquisition function: 0.144211
INFO:robo.solver.bayesian_optimization:Optimization overhead was 0.150022 seconds
INFO:robo.solver.bayesian_optimization:Next candidate [  1.65914318  86.02121704  22.55995279  63.57069975  11.66869214
  17.63637643 103.49185715  96.92296804 103.02675061]
DEBUG:robo.models.gaussian_process:GP Hyperparameters: [-1.5040774   0.50630131  4.45459398  3.11617633  4.15215267  2.45690937
  2.86996361  4.63949293  4.57391652  4.63498867 -6.90775528]
DEBUG:objective_function:F-score: 0.18273809523809523
INFO:robo.solver.bayesian_optimization:Configuration achieved a performance of 0.817262 
INFO:robo.solver.bayesian_optimization:Evaluation of this configuration took 0.008891 seconds
INFO:robo.solver.bayesian_optimization:Current incumbent [  3.57016896  22.04496231   3.88115775  76.0458381   17.7834842
   8.2274017   41.61093709 100.14376756 101.89825023] with estimated performance 0.719475
INFO:robo.solver.bayesian_optimization:Start iteration 17 ... 
INFO:robo.solver.bayesian_optimization:Train model...
DEBUG:robo.models.gaussian_process:GP Hyperparameters: [-1.5040774   0.          0.          0.          0.          0.
  0.          0.          0.          0.         -6.90775528]
INFO:robo.solver.bayesian_optimization:Time to train the model: 0.005785
INFO:robo.solver.bayesian_optimization:Maximize acquisition function...
INFO:robo.solver.bayesian_optimization:Time to maximize the acquisition function: 0.144525
INFO:robo.solver.bayesian_optimization:Optimization overhead was 0.150560 seconds
INFO:robo.solver.bayesian_optimization:Next candidate [ 19.51635704  22.38752701  27.65951742 100.50993642  16.6715337
 101.78427991 103.68873549  62.53326417  45.03747117]
DEBUG:robo.models.gaussian_process:GP Hyperparameters: [-1.5040774   2.97125294  3.10850397  3.31996988  4.61025659  2.8137027
  4.62285567  4.64139348  4.13569864  3.80749484 -6.90775528]
DEBUG:objective_function:F-score: 0.171875
INFO:robo.solver.bayesian_optimization:Configuration achieved a performance of 0.828125 
INFO:robo.solver.bayesian_optimization:Evaluation of this configuration took 0.009664 seconds
INFO:robo.solver.bayesian_optimization:Current incumbent [  3.57016896  22.04496231   3.88115775  76.0458381   17.7834842
   8.2274017   41.61093709 100.14376756 101.89825023] with estimated performance 0.719475
INFO:robo.solver.bayesian_optimization:Start iteration 18 ... 
INFO:robo.solver.bayesian_optimization:Train model...
DEBUG:robo.models.gaussian_process:GP Hyperparameters: [-1.5040774   0.          0.          0.          0.          0.
  0.          0.          0.          0.         -6.90775528]
INFO:robo.solver.bayesian_optimization:Time to train the model: 0.005863
INFO:robo.solver.bayesian_optimization:Maximize acquisition function...
INFO:robo.solver.bayesian_optimization:Time to maximize the acquisition function: 0.161217
INFO:robo.solver.bayesian_optimization:Optimization overhead was 0.167336 seconds
INFO:robo.solver.bayesian_optimization:Next candidate [26.77795278 15.70571242 15.36850098 99.874624   95.70994822 11.94500485
 17.0402466   7.02097111  3.65421082]
DEBUG:robo.models.gaussian_process:GP Hyperparameters: [-1.5040774   3.28757889  2.75402449  2.73232002  4.60391564  4.56132225
  2.48031319  2.83557799  1.94890154  1.29588015 -6.90775528]
DEBUG:objective_function:F-score: 0.2569667543130612
INFO:robo.solver.bayesian_optimization:Configuration achieved a performance of 0.743033 
INFO:robo.solver.bayesian_optimization:Evaluation of this configuration took 0.009842 seconds
INFO:robo.solver.bayesian_optimization:Current incumbent [  3.57016896  22.04496231   3.88115775  76.0458381   17.7834842
   8.2274017   41.61093709 100.14376756 101.89825023] with estimated performance 0.719475
INFO:robo.solver.bayesian_optimization:Start iteration 19 ... 
INFO:robo.solver.bayesian_optimization:Train model...
DEBUG:robo.models.gaussian_process:GP Hyperparameters: [-1.5040774   0.          0.          0.          0.          0.
  0.          0.          0.          0.         -6.90775528]
INFO:robo.solver.bayesian_optimization:Time to train the model: 0.005661
INFO:robo.solver.bayesian_optimization:Maximize acquisition function...
INFO:robo.solver.bayesian_optimization:Time to maximize the acquisition function: 0.148169
INFO:robo.solver.bayesian_optimization:Optimization overhead was 0.154081 seconds
INFO:robo.solver.bayesian_optimization:Next candidate [ 78.09228224  98.66695087  11.61630896  99.62673205   2.39383532
  98.67739126  52.13472663 102.14904448 101.93367512]
DEBUG:robo.models.gaussian_process:GP Hyperparameters: [-1.5040774   4.35789123  4.59175005  2.45241006  4.60143052  0.87289682
  4.59185585  3.95383126  4.62643297  4.62432236 -6.90775528]
DEBUG:objective_function:F-score: 0.3078231292517007
INFO:robo.solver.bayesian_optimization:Configuration achieved a performance of 0.692177 
INFO:robo.solver.bayesian_optimization:Evaluation of this configuration took 0.009107 seconds
INFO:robo.solver.bayesian_optimization:Current incumbent [ 78.09228224  98.66695087  11.61630896  99.62673205   2.39383532
  98.67739126  52.13472663 102.14904448 101.93367512] with estimated performance 0.692177
INFO:robo.solver.bayesian_optimization:Start iteration 20 ... 
INFO:robo.solver.bayesian_optimization:Train model...
DEBUG:robo.models.gaussian_process:GP Hyperparameters: [-1.5040774   0.          0.          0.          0.          0.
  0.          0.          0.          0.         -6.90775528]
INFO:robo.solver.bayesian_optimization:Time to train the model: 0.005488
INFO:robo.solver.bayesian_optimization:Maximize acquisition function...
INFO:robo.solver.bayesian_optimization:Time to maximize the acquisition function: 0.149254
INFO:robo.solver.bayesian_optimization:Optimization overhead was 0.155006 seconds
INFO:robo.solver.bayesian_optimization:Next candidate [80.02207027 16.25288511 39.93850104  3.37569621 95.72524313 27.56379178
 56.344936    9.58952804  9.58937784]
DEBUG:robo.models.gaussian_process:GP Hyperparameters: [-1.5040774   4.38230247  2.78827044  3.6873408   1.21660159  4.56148204
  3.31650302  4.03149237  2.26067167  2.26065601 -6.90775528]
DEBUG:objective_function:F-score: 0.23980622552051126
INFO:robo.solver.bayesian_optimization:Configuration achieved a performance of 0.760194 
INFO:robo.solver.bayesian_optimization:Evaluation of this configuration took 0.009141 seconds
INFO:robo.solver.bayesian_optimization:Current incumbent [ 78.09228224  98.66695087  11.61630896  99.62673205   2.39383532
  98.67739126  52.13472663 102.14904448 101.93367512] with estimated performance 0.692177
INFO:robo.solver.bayesian_optimization:Start iteration 21 ... 
INFO:robo.solver.bayesian_optimization:Train model...
DEBUG:robo.models.gaussian_process:GP Hyperparameters: [-1.5040774   0.          0.          0.          0.          0.
  0.          0.          0.          0.         -6.90775528]
INFO:robo.solver.bayesian_optimization:Time to train the model: 0.005775
INFO:robo.solver.bayesian_optimization:Maximize acquisition function...
INFO:robo.solver.bayesian_optimization:Time to maximize the acquisition function: 0.156366
INFO:robo.solver.bayesian_optimization:Optimization overhead was 0.162694 seconds
INFO:robo.solver.bayesian_optimization:Next candidate [79.28285691 99.31328185  6.13924066 99.90407005 88.76537461 95.75280796
 47.15060916 13.95740614  1.25991515]
DEBUG:robo.models.gaussian_process:GP Hyperparameters: [-1.5040774   4.37302193  4.59827932  1.81470106  4.60421043  4.48599665
  4.56176995  3.85334693  2.63601027  0.23104437 -6.90775528]
DEBUG:objective_function:F-score: 0.17614049668450374
INFO:robo.solver.bayesian_optimization:Configuration achieved a performance of 0.823860 
INFO:robo.solver.bayesian_optimization:Evaluation of this configuration took 0.010097 seconds
INFO:robo.solver.bayesian_optimization:Current incumbent [ 78.09228224  98.66695087  11.61630896  99.62673205   2.39383532
  98.67739126  52.13472663 102.14904448 101.93367512] with estimated performance 0.692177
INFO:robo.solver.bayesian_optimization:Start iteration 22 ... 
INFO:robo.solver.bayesian_optimization:Train model...
DEBUG:robo.models.gaussian_process:GP Hyperparameters: [-1.5040774   0.          0.          0.          0.          0.
  0.          0.          0.          0.         -6.90775528]
INFO:robo.solver.bayesian_optimization:Time to train the model: 0.005659
INFO:robo.solver.bayesian_optimization:Maximize acquisition function...
INFO:robo.solver.bayesian_optimization:Time to maximize the acquisition function: 0.147829
INFO:robo.solver.bayesian_optimization:Optimization overhead was 0.153869 seconds
INFO:robo.solver.bayesian_optimization:Next candidate [ 16.88774079  98.52887104  81.39221043  34.4740835   17.28668877
 103.86092669  61.46207344   3.43401974  97.94354041]
DEBUG:robo.models.gaussian_process:GP Hyperparameters: [-1.5040774   2.82658796  4.59034961  4.39927957  3.54020784  2.84993677
  4.64305276  4.11842029  1.23373151  4.58439119 -6.90775528]
DEBUG:objective_function:F-score: 0.2260989010989011
INFO:robo.solver.bayesian_optimization:Configuration achieved a performance of 0.773901 
INFO:robo.solver.bayesian_optimization:Evaluation of this configuration took 0.009221 seconds
INFO:robo.solver.bayesian_optimization:Current incumbent [ 78.09228224  98.66695087  11.61630896  99.62673205   2.39383532
  98.67739126  52.13472663 102.14904448 101.93367512] with estimated performance 0.692177
INFO:robo.solver.bayesian_optimization:Start iteration 23 ... 
INFO:robo.solver.bayesian_optimization:Train model...
DEBUG:robo.models.gaussian_process:GP Hyperparameters: [-1.5040774   0.          0.          0.          0.          0.
  0.          0.          0.          0.         -6.90775528]
INFO:robo.solver.bayesian_optimization:Time to train the model: 0.005662
INFO:robo.solver.bayesian_optimization:Maximize acquisition function...
INFO:robo.solver.bayesian_optimization:Time to maximize the acquisition function: 0.156755
INFO:robo.solver.bayesian_optimization:Optimization overhead was 0.162739 seconds
INFO:robo.solver.bayesian_optimization:Next candidate [ 27.40418842   5.20973929  84.26041897   7.52294707 101.14450495
 103.54210145   7.29715392  98.13553272  75.57250931]
DEBUG:robo.models.gaussian_process:GP Hyperparameters: [-1.5040774   3.31069586  1.65052981  4.43391223  2.01795796  4.61655024
  4.63997831  1.9874844   4.58634951  4.32509258 -6.90775528]
DEBUG:objective_function:F-score: 0.1588935574229692
INFO:robo.solver.bayesian_optimization:Configuration achieved a performance of 0.841106 
INFO:robo.solver.bayesian_optimization:Evaluation of this configuration took 0.008792 seconds
INFO:robo.solver.bayesian_optimization:Current incumbent [ 78.09228224  98.66695087  11.61630896  99.62673205   2.39383532
  98.67739126  52.13472663 102.14904448 101.93367512] with estimated performance 0.692177
INFO:robo.solver.bayesian_optimization:Start iteration 24 ... 
INFO:robo.solver.bayesian_optimization:Train model...
DEBUG:robo.models.gaussian_process:GP Hyperparameters: [-1.5040774   0.          0.          0.          0.          0.
  0.          0.          0.          0.         -6.90775528]
INFO:robo.solver.bayesian_optimization:Time to train the model: 0.005630
INFO:robo.solver.bayesian_optimization:Maximize acquisition function...
INFO:robo.solver.bayesian_optimization:Time to maximize the acquisition function: 0.154167
INFO:robo.solver.bayesian_optimization:Optimization overhead was 0.160112 seconds
INFO:robo.solver.bayesian_optimization:Next candidate [ 73.86335732  95.94540457  87.80346053 101.45084039  16.70058133
  12.29681864  16.55533825  27.39457619  95.45203502]
DEBUG:robo.models.gaussian_process:GP Hyperparameters: [-1.5040774   4.30221686  4.56377933  4.47510091  4.61957435  2.81544353
  2.50934058  2.8067086   3.31034504  4.55862387 -6.90775528]
DEBUG:objective_function:F-score: 0.22289915966386556
INFO:robo.solver.bayesian_optimization:Configuration achieved a performance of 0.777101 
INFO:robo.solver.bayesian_optimization:Evaluation of this configuration took 0.009320 seconds
INFO:robo.solver.bayesian_optimization:Current incumbent [ 78.09228224  98.66695087  11.61630896  99.62673205   2.39383532
  98.67739126  52.13472663 102.14904448 101.93367512] with estimated performance 0.692177
INFO:robo.solver.bayesian_optimization:Start iteration 25 ... 
INFO:robo.solver.bayesian_optimization:Train model...
DEBUG:robo.models.gaussian_process:GP Hyperparameters: [-1.5040774   0.          0.          0.          0.          0.
  0.          0.          0.          0.         -6.90775528]
INFO:robo.solver.bayesian_optimization:Time to train the model: 0.006703
INFO:robo.solver.bayesian_optimization:Maximize acquisition function...
INFO:robo.solver.bayesian_optimization:Time to maximize the acquisition function: 0.149264
INFO:robo.solver.bayesian_optimization:Optimization overhead was 0.156270 seconds
INFO:robo.solver.bayesian_optimization:Next candidate [ 48.64951902   8.41768511  12.1417899  104.96861909  88.38758045
 100.88102289   8.00932193  14.6864396   96.93447342]
DEBUG:robo.models.gaussian_process:GP Hyperparameters: [-1.5040774   3.88464192  2.13033486  2.49665321  4.65366144  4.48173147
  4.61394183  2.0806061   2.68692459  4.57403522 -6.90775528]
DEBUG:objective_function:F-score: 0.21595638255302121
INFO:robo.solver.bayesian_optimization:Configuration achieved a performance of 0.784044 
INFO:robo.solver.bayesian_optimization:Evaluation of this configuration took 0.009607 seconds
INFO:robo.solver.bayesian_optimization:Current incumbent [ 78.09228224  98.66695087  11.61630896  99.62673205   2.39383532
  98.67739126  52.13472663 102.14904448 101.93367512] with estimated performance 0.692177
INFO:robo.solver.bayesian_optimization:Start iteration 26 ... 
INFO:robo.solver.bayesian_optimization:Train model...
DEBUG:robo.models.gaussian_process:GP Hyperparameters: [-1.5040774   0.          0.          0.          0.          0.
  0.          0.          0.          0.         -6.90775528]
INFO:robo.solver.bayesian_optimization:Time to train the model: 0.006518
INFO:robo.solver.bayesian_optimization:Maximize acquisition function...
INFO:robo.solver.bayesian_optimization:Time to maximize the acquisition function: 0.149948
INFO:robo.solver.bayesian_optimization:Optimization overhead was 0.156892 seconds
INFO:robo.solver.bayesian_optimization:Next candidate [ 88.33874634 101.3341935   91.49945588  55.08669107 104.26252112
  93.093761     5.24771938   4.9851323   69.7016017 ]
DEBUG:robo.models.gaussian_process:GP Hyperparameters: [-1.5040774   4.48117881  4.6184239   4.51633303  4.00890815  4.64691196
  4.53360717  1.65779358  1.60645994  4.2442233  -6.90775528]
DEBUG:objective_function:F-score: 0.15448471055088703
INFO:robo.solver.bayesian_optimization:Configuration achieved a performance of 0.845515 
INFO:robo.solver.bayesian_optimization:Evaluation of this configuration took 0.009146 seconds
INFO:robo.solver.bayesian_optimization:Current incumbent [ 78.09228224  98.66695087  11.61630896  99.62673205   2.39383532
  98.67739126  52.13472663 102.14904448 101.93367512] with estimated performance 0.692177
INFO:robo.solver.bayesian_optimization:Start iteration 27 ... 
INFO:robo.solver.bayesian_optimization:Train model...
DEBUG:robo.models.gaussian_process:GP Hyperparameters: [-1.5040774   0.          0.          0.          0.          0.
  0.          0.          0.          0.         -6.90775528]
INFO:robo.solver.bayesian_optimization:Time to train the model: 0.006311
INFO:robo.solver.bayesian_optimization:Maximize acquisition function...
INFO:robo.solver.bayesian_optimization:Time to maximize the acquisition function: 0.162526
INFO:robo.solver.bayesian_optimization:Optimization overhead was 0.169178 seconds
INFO:robo.solver.bayesian_optimization:Next candidate [61.81338268 90.3200027  95.92897079 29.74306906 83.70948093 16.65521343
 81.28990736 94.63924477 14.11134421]
DEBUG:robo.models.gaussian_process:GP Hyperparameters: [-1.5040774   4.12411989  4.50335895  4.56360803  3.39259613  4.42735224
  2.81272329  4.39802187  4.55007224  2.64697903 -6.90775528]
DEBUG:objective_function:F-score: 0.2545284780578898
INFO:robo.solver.bayesian_optimization:Configuration achieved a performance of 0.745472 
INFO:robo.solver.bayesian_optimization:Evaluation of this configuration took 0.009065 seconds
INFO:robo.solver.bayesian_optimization:Current incumbent [ 78.09228224  98.66695087  11.61630896  99.62673205   2.39383532
  98.67739126  52.13472663 102.14904448 101.93367512] with estimated performance 0.692177
INFO:robo.solver.bayesian_optimization:Start iteration 28 ... 
INFO:robo.solver.bayesian_optimization:Train model...
DEBUG:robo.models.gaussian_process:GP Hyperparameters: [-1.5040774   0.          0.          0.          0.          0.
  0.          0.          0.          0.         -6.90775528]
INFO:robo.solver.bayesian_optimization:Time to train the model: 0.005838
INFO:robo.solver.bayesian_optimization:Maximize acquisition function...
INFO:robo.solver.bayesian_optimization:Time to maximize the acquisition function: 0.144146
INFO:robo.solver.bayesian_optimization:Optimization overhead was 0.150306 seconds
INFO:robo.solver.bayesian_optimization:Next candidate [ 30.21147715   7.0819209   67.12974408 104.30888965  57.82358709
  11.79036131  76.83172755  96.60792181  23.41555627]
DEBUG:robo.models.gaussian_process:GP Hyperparameters: [-1.5040774   3.40822189  1.95754518  4.20662723  4.64735659  4.05739677
  2.46728236  4.34161767  4.57066074  3.1534006  -6.90775528]
DEBUG:objective_function:F-score: 0.2907268170426065
INFO:robo.solver.bayesian_optimization:Configuration achieved a performance of 0.709273 
INFO:robo.solver.bayesian_optimization:Evaluation of this configuration took 0.010442 seconds
INFO:robo.solver.bayesian_optimization:Current incumbent [ 78.09228224  98.66695087  11.61630896  99.62673205   2.39383532
  98.67739126  52.13472663 102.14904448 101.93367512] with estimated performance 0.692177
INFO:robo.solver.bayesian_optimization:Start iteration 29 ... 
INFO:robo.solver.bayesian_optimization:Train model...
DEBUG:robo.models.gaussian_process:GP Hyperparameters: [-1.5040774   0.          0.          0.          0.          0.
  0.          0.          0.          0.         -6.90775528]
INFO:robo.solver.bayesian_optimization:Time to train the model: 0.006075
INFO:robo.solver.bayesian_optimization:Maximize acquisition function...
INFO:robo.solver.bayesian_optimization:Time to maximize the acquisition function: 0.148760
INFO:robo.solver.bayesian_optimization:Optimization overhead was 0.155154 seconds
INFO:robo.solver.bayesian_optimization:Next candidate [ 69.51893588  98.83708133  90.99096686  95.96316752  22.95782314
  30.9027097  102.66624743  60.62320031   6.03604276]
DEBUG:robo.models.gaussian_process:GP Hyperparameters: [-1.5040774   4.24159917  4.59347285  4.51076024  4.56396445  3.13365876
  3.43084387  4.63148341  4.10467766  1.79774863 -6.90775528]
DEBUG:objective_function:F-score: 0.2691609977324263
INFO:robo.solver.bayesian_optimization:Configuration achieved a performance of 0.730839 
INFO:robo.solver.bayesian_optimization:Evaluation of this configuration took 0.009923 seconds
INFO:robo.solver.bayesian_optimization:Current incumbent [ 78.09228224  98.66695087  11.61630896  99.62673205   2.39383532
  98.67739126  52.13472663 102.14904448 101.93367512] with estimated performance 0.692177
INFO:robo.solver.bayesian_optimization:Return [78.09228223941643, 98.66695086510403, 11.616308964304963, 99.62673204827558, 2.3938353197491047, 98.67739125682162, 52.13472663019464, 102.14904447938974, 101.9336751214971] as incumbent with error 0.692177 
