DEBUG:robo.models.gaussian_process:GP Hyperparameters: [-1.5040774   0.          0.          0.          0.          0.
  0.          0.          0.          0.         -6.90775528]
INFO:robo.solver.bayesian_optimization:Evaluate: [ 51.77264889  62.51551006  48.62477821 102.70350227  54.03709527
  45.23309305  39.15114975  51.73435629  31.53457486]
DEBUG:robo.models.gaussian_process:GP Hyperparameters: [-1.5040774   3.946862    4.13541469  3.88413324  4.63184622  3.98967076
  3.81182897  3.66742979  3.94612209  3.45108456 -6.90775528]
DEBUG:objective_function:F-score: 0.19837092731829573
INFO:robo.solver.bayesian_optimization:Configuration achieved a performance of 0.198371 in 0.043464 seconds
INFO:robo.solver.bayesian_optimization:Evaluate: [ 9.02287635 81.21225396  6.13788021 18.68731839 17.96700959 97.83909928
 20.91762467 99.08955463 97.1214946 ]
DEBUG:robo.models.gaussian_process:GP Hyperparameters: [-1.5040774   2.19976317  4.39706615  1.81447944  2.92784513  2.88853728
  4.58332429  3.04059209  4.59602403  4.57596272 -6.90775528]
DEBUG:objective_function:F-score: 0.18571428571428572
INFO:robo.solver.bayesian_optimization:Configuration achieved a performance of 0.185714 in 0.012507 seconds
INFO:robo.solver.bayesian_optimization:Evaluate: [69.63697758 27.34687599 66.06646338 52.53814817 80.86039193 33.1146233
 81.83764872  7.82292127 41.55652037]
DEBUG:robo.models.gaussian_process:GP Hyperparameters: [-1.5040774   4.24329571  3.3086023   4.19066126  3.96153954  4.39272411
  3.49997498  4.40473739  2.05705805  3.72705444 -6.90775528]
DEBUG:objective_function:F-score: 0.24204906204906204
INFO:robo.solver.bayesian_optimization:Configuration achieved a performance of 0.242049 in 0.009560 seconds
INFO:robo.solver.bayesian_optimization:Start iteration 3 ... 
INFO:robo.solver.bayesian_optimization:Train model...
DEBUG:robo.models.gaussian_process:GP Hyperparameters: [-1.5040774   0.          0.          0.          0.          0.
  0.          0.          0.          0.         -6.90775528]
INFO:robo.solver.bayesian_optimization:Time to train the model: 0.005604
INFO:robo.solver.bayesian_optimization:Maximize acquisition function...
INFO:robo.solver.bayesian_optimization:Time to maximize the acquisition function: 0.156225
INFO:robo.solver.bayesian_optimization:Optimization overhead was 0.162219 seconds
INFO:robo.solver.bayesian_optimization:Next candidate [83.18624696  6.02971435 89.56055242 13.29077938 93.09817277 21.97290327
  6.00969408 98.7541271  12.05478096]
DEBUG:robo.models.gaussian_process:GP Hyperparameters: [-1.5040774   4.42108203  1.79669964  4.49491496  2.58707052  4.53365456
  3.08981002  1.79337384  4.5926332   2.48946134 -6.90775528]
DEBUG:objective_function:F-score: 0.16983669924846395
INFO:robo.solver.bayesian_optimization:Configuration achieved a performance of 0.169837 
INFO:robo.solver.bayesian_optimization:Evaluation of this configuration took 0.009992 seconds
INFO:robo.solver.bayesian_optimization:Current incumbent [83.18624696  6.02971435 89.56055242 13.29077938 93.09817277 21.97290327
  6.00969408 98.7541271  12.05478096] with estimated performance 0.169837
INFO:robo.solver.bayesian_optimization:Start iteration 4 ... 
INFO:robo.solver.bayesian_optimization:Train model...
DEBUG:robo.models.gaussian_process:GP Hyperparameters: [-1.5040774   0.          0.          0.          0.          0.
  0.          0.          0.          0.         -6.90775528]
INFO:robo.solver.bayesian_optimization:Time to train the model: 0.005563
INFO:robo.solver.bayesian_optimization:Maximize acquisition function...
INFO:robo.solver.bayesian_optimization:Time to maximize the acquisition function: 0.148776
INFO:robo.solver.bayesian_optimization:Optimization overhead was 0.154659 seconds
INFO:robo.solver.bayesian_optimization:Next candidate [ 1.18444905  2.53639143  5.19997033 22.63522526  6.73390052 14.7768615
  1.76873669  3.84236092 19.68088584]
DEBUG:robo.models.gaussian_process:GP Hyperparameters: [-1.5040774   0.16927773  0.93074237  1.64865292  3.11950733  1.90715455
  2.69306255  0.57026556  1.346087    2.9796479  -6.90775528]
DEBUG:objective_function:F-score: 0.21901709401709402
INFO:robo.solver.bayesian_optimization:Configuration achieved a performance of 0.219017 
INFO:robo.solver.bayesian_optimization:Evaluation of this configuration took 0.011209 seconds
INFO:robo.solver.bayesian_optimization:Current incumbent [83.18624696  6.02971435 89.56055242 13.29077938 93.09817277 21.97290327
  6.00969408 98.7541271  12.05478096] with estimated performance 0.169837
INFO:robo.solver.bayesian_optimization:Start iteration 5 ... 
INFO:robo.solver.bayesian_optimization:Train model...
DEBUG:robo.models.gaussian_process:GP Hyperparameters: [-1.5040774   0.          0.          0.          0.          0.
  0.          0.          0.          0.         -6.90775528]
INFO:robo.solver.bayesian_optimization:Time to train the model: 0.005564
INFO:robo.solver.bayesian_optimization:Maximize acquisition function...
INFO:robo.solver.bayesian_optimization:Time to maximize the acquisition function: 0.146557
INFO:robo.solver.bayesian_optimization:Optimization overhead was 0.152361 seconds
INFO:robo.solver.bayesian_optimization:Next candidate [  4.00883205  86.39966492  13.4247839   95.28970933  89.5468849
  12.71719407  99.93789447   4.10110279 102.6182637 ]
DEBUG:robo.models.gaussian_process:GP Hyperparameters: [-1.5040774   1.38849994  4.4589838   2.59710254  4.55692182  4.49476234
  2.54295494  4.60454894  1.41125591  4.63101593 -6.90775528]
DEBUG:objective_function:F-score: 0.22871406772335565
INFO:robo.solver.bayesian_optimization:Configuration achieved a performance of 0.228714 
INFO:robo.solver.bayesian_optimization:Evaluation of this configuration took 0.009920 seconds
INFO:robo.solver.bayesian_optimization:Current incumbent [83.18624696  6.02971435 89.56055242 13.29077938 93.09817277 21.97290327
  6.00969408 98.7541271  12.05478096] with estimated performance 0.169837
INFO:robo.solver.bayesian_optimization:Start iteration 6 ... 
INFO:robo.solver.bayesian_optimization:Train model...
DEBUG:robo.models.gaussian_process:GP Hyperparameters: [-1.5040774   0.          0.          0.          0.          0.
  0.          0.          0.          0.         -6.90775528]
INFO:robo.solver.bayesian_optimization:Time to train the model: 0.006802
INFO:robo.solver.bayesian_optimization:Maximize acquisition function...
INFO:robo.solver.bayesian_optimization:Time to maximize the acquisition function: 0.149177
INFO:robo.solver.bayesian_optimization:Optimization overhead was 0.156233 seconds
INFO:robo.solver.bayesian_optimization:Next candidate [ 61.38159222   2.35749968  86.27815299  62.1671214   12.96457771
 100.54065682  56.42509278 100.0164137   99.37797108]
DEBUG:robo.models.gaussian_process:GP Hyperparameters: [-1.5040774   4.11710999  0.8576016   4.45757641  4.12982627  2.56222085
  4.61056219  4.03291397  4.60533431  4.59893047 -6.90775528]
DEBUG:objective_function:F-score: 0.14678884711779447
INFO:robo.solver.bayesian_optimization:Configuration achieved a performance of 0.146789 
INFO:robo.solver.bayesian_optimization:Evaluation of this configuration took 0.010639 seconds
INFO:robo.solver.bayesian_optimization:Current incumbent [ 61.38159222   2.35749968  86.27815299  62.1671214   12.96457771
 100.54065682  56.42509278 100.0164137   99.37797108] with estimated performance 0.146789
INFO:robo.solver.bayesian_optimization:Start iteration 7 ... 
INFO:robo.solver.bayesian_optimization:Train model...
DEBUG:robo.models.gaussian_process:GP Hyperparameters: [-1.5040774   0.          0.          0.          0.          0.
  0.          0.          0.          0.         -6.90775528]
INFO:robo.solver.bayesian_optimization:Time to train the model: 0.006112
INFO:robo.solver.bayesian_optimization:Maximize acquisition function...
INFO:robo.solver.bayesian_optimization:Time to maximize the acquisition function: 0.168778
INFO:robo.solver.bayesian_optimization:Optimization overhead was 0.175157 seconds
INFO:robo.solver.bayesian_optimization:Next candidate [ 39.44320302  97.5983741   45.3244131    4.70085957  43.99618773
   9.51039772  92.73246836 102.42934463  14.69823364]
DEBUG:robo.models.gaussian_process:GP Hyperparameters: [-1.5040774   3.67486174  4.58086083  3.81384581  1.54774538  3.78410299
  2.2523857   4.52971866  4.62917324  2.68772733 -6.90775528]
DEBUG:objective_function:F-score: 0.26316951022833374
INFO:robo.solver.bayesian_optimization:Configuration achieved a performance of 0.263170 
INFO:robo.solver.bayesian_optimization:Evaluation of this configuration took 0.021205 seconds
INFO:robo.solver.bayesian_optimization:Current incumbent [ 61.38159222   2.35749968  86.27815299  62.1671214   12.96457771
 100.54065682  56.42509278 100.0164137   99.37797108] with estimated performance 0.146789
INFO:robo.solver.bayesian_optimization:Start iteration 8 ... 
INFO:robo.solver.bayesian_optimization:Train model...
DEBUG:robo.models.gaussian_process:GP Hyperparameters: [-1.5040774   0.          0.          0.          0.          0.
  0.          0.          0.          0.         -6.90775528]
INFO:robo.solver.bayesian_optimization:Time to train the model: 0.006251
INFO:robo.solver.bayesian_optimization:Maximize acquisition function...
INFO:robo.solver.bayesian_optimization:Time to maximize the acquisition function: 0.152963
INFO:robo.solver.bayesian_optimization:Optimization overhead was 0.159455 seconds
INFO:robo.solver.bayesian_optimization:Next candidate [ 24.9970313   19.92803203  95.45130254  77.85488934 101.20294767
  91.96325615   5.56335282  16.35629432  81.85225417]
DEBUG:robo.models.gaussian_process:GP Hyperparameters: [-1.5040774   3.21875707  2.99212739  4.5586162   4.3548467   4.61712788
  4.52138911  1.71620095  2.7946128   4.40491584 -6.90775528]
DEBUG:objective_function:F-score: 0.21798402835554537
INFO:robo.solver.bayesian_optimization:Configuration achieved a performance of 0.217984 
INFO:robo.solver.bayesian_optimization:Evaluation of this configuration took 0.013432 seconds
INFO:robo.solver.bayesian_optimization:Current incumbent [ 61.38159222   2.35749968  86.27815299  62.1671214   12.96457771
 100.54065682  56.42509278 100.0164137   99.37797108] with estimated performance 0.146789
INFO:robo.solver.bayesian_optimization:Start iteration 9 ... 
INFO:robo.solver.bayesian_optimization:Train model...
DEBUG:robo.models.gaussian_process:GP Hyperparameters: [-1.5040774   0.          0.          0.          0.          0.
  0.          0.          0.          0.         -6.90775528]
INFO:robo.solver.bayesian_optimization:Time to train the model: 0.005691
INFO:robo.solver.bayesian_optimization:Maximize acquisition function...
INFO:robo.solver.bayesian_optimization:Time to maximize the acquisition function: 0.148990
INFO:robo.solver.bayesian_optimization:Optimization overhead was 0.154933 seconds
INFO:robo.solver.bayesian_optimization:Next candidate [17.27453583  3.41438774 88.79459489  5.10606536 17.46358358 91.62517755
 88.25783888 14.73648823 11.72876683]
DEBUG:robo.models.gaussian_process:GP Hyperparameters: [-1.5040774   2.8492335   1.22799819  4.48632578  1.63042912  2.86011777
  4.5177061   4.48026252  2.69032661  2.46204453 -6.90775528]
DEBUG:objective_function:F-score: 0.16759386446886446
INFO:robo.solver.bayesian_optimization:Configuration achieved a performance of 0.167594 
INFO:robo.solver.bayesian_optimization:Evaluation of this configuration took 0.010731 seconds
INFO:robo.solver.bayesian_optimization:Current incumbent [ 61.38159222   2.35749968  86.27815299  62.1671214   12.96457771
 100.54065682  56.42509278 100.0164137   99.37797108] with estimated performance 0.146789
INFO:robo.solver.bayesian_optimization:Start iteration 10 ... 
INFO:robo.solver.bayesian_optimization:Train model...
DEBUG:robo.models.gaussian_process:GP Hyperparameters: [-1.5040774   0.          0.          0.          0.          0.
  0.          0.          0.          0.         -6.90775528]
INFO:robo.solver.bayesian_optimization:Time to train the model: 0.005578
INFO:robo.solver.bayesian_optimization:Maximize acquisition function...
INFO:robo.solver.bayesian_optimization:Time to maximize the acquisition function: 0.159841
INFO:robo.solver.bayesian_optimization:Optimization overhead was 0.179134 seconds
INFO:robo.solver.bayesian_optimization:Next candidate [94.19717503 93.73807058 14.50105804 17.50158268 80.39718846 48.26605291
  2.87767879 16.49832477  1.36970007]
DEBUG:robo.models.gaussian_process:GP Hyperparameters: [-1.5040774   4.54539019  4.54050441  2.67422162  2.86229132  4.38697921
  3.87672848  1.05698399  2.80325885  0.31459179 -6.90775528]
DEBUG:objective_function:F-score: 0.12132352941176469
INFO:robo.solver.bayesian_optimization:Configuration achieved a performance of 0.121324 
INFO:robo.solver.bayesian_optimization:Evaluation of this configuration took 0.012612 seconds
INFO:robo.solver.bayesian_optimization:Current incumbent [94.19717503 93.73807058 14.50105804 17.50158268 80.39718846 48.26605291
  2.87767879 16.49832477  1.36970007] with estimated performance 0.121324
INFO:robo.solver.bayesian_optimization:Start iteration 11 ... 
INFO:robo.solver.bayesian_optimization:Train model...
DEBUG:robo.models.gaussian_process:GP Hyperparameters: [-1.5040774   0.          0.          0.          0.          0.
  0.          0.          0.          0.         -6.90775528]
INFO:robo.solver.bayesian_optimization:Time to train the model: 0.006194
INFO:robo.solver.bayesian_optimization:Maximize acquisition function...
INFO:robo.solver.bayesian_optimization:Time to maximize the acquisition function: 0.152065
INFO:robo.solver.bayesian_optimization:Optimization overhead was 0.158572 seconds
INFO:robo.solver.bayesian_optimization:Next candidate [85.80631686 99.12240024 78.6912807  84.75056638 91.2411075  98.29394191
 88.10926698 79.07219623 98.52665673]
DEBUG:robo.models.gaussian_process:GP Hyperparameters: [-1.5040774   4.45209263  4.59635545  4.36553236  4.43971243  4.51350554
  4.5879624   4.47857771  4.37036131  4.59032714 -6.90775528]
DEBUG:objective_function:F-score: 0.1992605139221681
INFO:robo.solver.bayesian_optimization:Configuration achieved a performance of 0.199261 
INFO:robo.solver.bayesian_optimization:Evaluation of this configuration took 0.010811 seconds
INFO:robo.solver.bayesian_optimization:Current incumbent [94.19717503 93.73807058 14.50105804 17.50158268 80.39718846 48.26605291
  2.87767879 16.49832477  1.36970007] with estimated performance 0.121324
INFO:robo.solver.bayesian_optimization:Start iteration 12 ... 
INFO:robo.solver.bayesian_optimization:Train model...
DEBUG:robo.models.gaussian_process:GP Hyperparameters: [-1.5040774   0.          0.          0.          0.          0.
  0.          0.          0.          0.         -6.90775528]
INFO:robo.solver.bayesian_optimization:Time to train the model: 0.005575
INFO:robo.solver.bayesian_optimization:Maximize acquisition function...
INFO:robo.solver.bayesian_optimization:Time to maximize the acquisition function: 0.147418
INFO:robo.solver.bayesian_optimization:Optimization overhead was 0.153237 seconds
INFO:robo.solver.bayesian_optimization:Next candidate [71.47946934 96.63094395 95.55465761 27.38970285  4.66406232 96.73304767
 28.65855142 20.92671636 66.16203032]
DEBUG:robo.models.gaussian_process:GP Hyperparameters: [-1.5040774   4.26941027  4.57089902  4.55969841  3.31016713  1.53988681
  4.5719551   3.35545188  3.04102664  4.19210674 -6.90775528]
DEBUG:objective_function:F-score: 0.09250992063492064
INFO:robo.solver.bayesian_optimization:Configuration achieved a performance of 0.092510 
INFO:robo.solver.bayesian_optimization:Evaluation of this configuration took 0.010749 seconds
INFO:robo.solver.bayesian_optimization:Current incumbent [71.47946934 96.63094395 95.55465761 27.38970285  4.66406232 96.73304767
 28.65855142 20.92671636 66.16203032] with estimated performance 0.092510
INFO:robo.solver.bayesian_optimization:Start iteration 13 ... 
INFO:robo.solver.bayesian_optimization:Train model...
DEBUG:robo.models.gaussian_process:GP Hyperparameters: [-1.5040774   0.          0.          0.          0.          0.
  0.          0.          0.          0.         -6.90775528]
INFO:robo.solver.bayesian_optimization:Time to train the model: 0.005614
INFO:robo.solver.bayesian_optimization:Maximize acquisition function...
INFO:robo.solver.bayesian_optimization:Time to maximize the acquisition function: 0.149539
INFO:robo.solver.bayesian_optimization:Optimization overhead was 0.155412 seconds
INFO:robo.solver.bayesian_optimization:Next candidate [ 55.0218013    2.70169969   5.97123499  79.48530502  79.86644034
  11.03022773  78.95426584 102.56498579  82.2732348 ]
DEBUG:robo.models.gaussian_process:GP Hyperparameters: [-1.5040774   4.00772949  0.99388109  1.78695377  4.37557216  4.38035574
  2.40063948  4.36886877  4.63049661  4.41004584 -6.90775528]
DEBUG:objective_function:F-score: 0.3162037037037037
INFO:robo.solver.bayesian_optimization:Configuration achieved a performance of 0.316204 
INFO:robo.solver.bayesian_optimization:Evaluation of this configuration took 0.010569 seconds
INFO:robo.solver.bayesian_optimization:Current incumbent [71.47946934 96.63094395 95.55465761 27.38970285  4.66406232 96.73304767
 28.65855142 20.92671636 66.16203032] with estimated performance 0.092510
INFO:robo.solver.bayesian_optimization:Start iteration 14 ... 
INFO:robo.solver.bayesian_optimization:Train model...
DEBUG:robo.models.gaussian_process:GP Hyperparameters: [-1.5040774   0.          0.          0.          0.          0.
  0.          0.          0.          0.         -6.90775528]
INFO:robo.solver.bayesian_optimization:Time to train the model: 0.005719
INFO:robo.solver.bayesian_optimization:Maximize acquisition function...
INFO:robo.solver.bayesian_optimization:Time to maximize the acquisition function: 0.165204
INFO:robo.solver.bayesian_optimization:Optimization overhead was 0.171196 seconds
INFO:robo.solver.bayesian_optimization:Next candidate [ 13.66682328  94.79474898  88.85741758  86.21880205  10.15808801
  22.60184928  12.15853672 102.9624913   96.44770903]
DEBUG:robo.models.gaussian_process:GP Hyperparameters: [-1.5040774   2.61497124  4.55171402  4.48703304  4.45688828  2.31827024
  3.11803173  2.49803153  4.63436476  4.56900099 -6.90775528]
DEBUG:objective_function:F-score: 0.2587694051979766
INFO:robo.solver.bayesian_optimization:Configuration achieved a performance of 0.258769 
INFO:robo.solver.bayesian_optimization:Evaluation of this configuration took 0.010072 seconds
INFO:robo.solver.bayesian_optimization:Current incumbent [71.47946934 96.63094395 95.55465761 27.38970285  4.66406232 96.73304767
 28.65855142 20.92671636 66.16203032] with estimated performance 0.092510
INFO:robo.solver.bayesian_optimization:Start iteration 15 ... 
INFO:robo.solver.bayesian_optimization:Train model...
DEBUG:robo.models.gaussian_process:GP Hyperparameters: [-1.5040774   0.          0.          0.          0.          0.
  0.          0.          0.          0.         -6.90775528]
INFO:robo.solver.bayesian_optimization:Time to train the model: 0.005609
INFO:robo.solver.bayesian_optimization:Maximize acquisition function...
INFO:robo.solver.bayesian_optimization:Time to maximize the acquisition function: 0.152892
INFO:robo.solver.bayesian_optimization:Optimization overhead was 0.158799 seconds
INFO:robo.solver.bayesian_optimization:Next candidate [ 88.65179352  80.62919728  40.56032999  98.99368862   8.8175771
  99.05064632  57.66516962   4.00875306 104.85494481]
DEBUG:robo.models.gaussian_process:GP Hyperparameters: [-1.5040774   4.48471626  4.38986083  3.7027905   4.5950561   2.17674713
  4.5956313   4.05465335  1.38848023  4.65257792 -6.90775528]
DEBUG:objective_function:F-score: 0.1304222093695778
INFO:robo.solver.bayesian_optimization:Configuration achieved a performance of 0.130422 
INFO:robo.solver.bayesian_optimization:Evaluation of this configuration took 0.009813 seconds
INFO:robo.solver.bayesian_optimization:Current incumbent [71.47946934 96.63094395 95.55465761 27.38970285  4.66406232 96.73304767
 28.65855142 20.92671636 66.16203032] with estimated performance 0.092510
INFO:robo.solver.bayesian_optimization:Start iteration 16 ... 
INFO:robo.solver.bayesian_optimization:Train model...
DEBUG:robo.models.gaussian_process:GP Hyperparameters: [-1.5040774   0.          0.          0.          0.          0.
  0.          0.          0.          0.         -6.90775528]
INFO:robo.solver.bayesian_optimization:Time to train the model: 0.005665
INFO:robo.solver.bayesian_optimization:Maximize acquisition function...
INFO:robo.solver.bayesian_optimization:Time to maximize the acquisition function: 0.152513
INFO:robo.solver.bayesian_optimization:Optimization overhead was 0.158452 seconds
INFO:robo.solver.bayesian_optimization:Next candidate [ 80.93565077   2.07311411   4.88678066  92.45808479  75.70246586
 103.16366929   4.46692006 101.65001688  78.29934662]
DEBUG:robo.models.gaussian_process:GP Hyperparameters: [-1.5040774   4.3936544   0.72905188  1.58653373  4.5267554   4.32681073
  4.63631675  1.49669915  4.62153571  4.36053926 -6.90775528]
DEBUG:objective_function:F-score: 0.24356264036715164
INFO:robo.solver.bayesian_optimization:Configuration achieved a performance of 0.243563 
INFO:robo.solver.bayesian_optimization:Evaluation of this configuration took 0.009957 seconds
INFO:robo.solver.bayesian_optimization:Current incumbent [71.47946934 96.63094395 95.55465761 27.38970285  4.66406232 96.73304767
 28.65855142 20.92671636 66.16203032] with estimated performance 0.092510
INFO:robo.solver.bayesian_optimization:Start iteration 17 ... 
INFO:robo.solver.bayesian_optimization:Train model...
DEBUG:robo.models.gaussian_process:GP Hyperparameters: [-1.5040774   0.          0.          0.          0.          0.
  0.          0.          0.          0.         -6.90775528]
INFO:robo.solver.bayesian_optimization:Time to train the model: 0.005532
INFO:robo.solver.bayesian_optimization:Maximize acquisition function...
INFO:robo.solver.bayesian_optimization:Time to maximize the acquisition function: 0.151786
INFO:robo.solver.bayesian_optimization:Optimization overhead was 0.157562 seconds
INFO:robo.solver.bayesian_optimization:Next candidate [ 49.01531902  96.78848079   7.61683456   8.54240066   3.22218483
 102.35522594  61.77037781  61.98544665   2.54486177]
DEBUG:robo.models.gaussian_process:GP Hyperparameters: [-1.5040774   3.89213288  4.57252799  2.03036087  2.14504208  1.17005965
  4.62844937  4.12342393  4.12689963  0.93407633 -6.90775528]
DEBUG:objective_function:F-score: 0.12793522267206475
INFO:robo.solver.bayesian_optimization:Configuration achieved a performance of 0.127935 
INFO:robo.solver.bayesian_optimization:Evaluation of this configuration took 0.010065 seconds
INFO:robo.solver.bayesian_optimization:Current incumbent [71.47946934 96.63094395 95.55465761 27.38970285  4.66406232 96.73304767
 28.65855142 20.92671636 66.16203032] with estimated performance 0.092510
INFO:robo.solver.bayesian_optimization:Start iteration 18 ... 
INFO:robo.solver.bayesian_optimization:Train model...
DEBUG:robo.models.gaussian_process:GP Hyperparameters: [-1.5040774   0.          0.          0.          0.          0.
  0.          0.          0.          0.         -6.90775528]
INFO:robo.solver.bayesian_optimization:Time to train the model: 0.005652
INFO:robo.solver.bayesian_optimization:Maximize acquisition function...
INFO:robo.solver.bayesian_optimization:Time to maximize the acquisition function: 0.150715
INFO:robo.solver.bayesian_optimization:Optimization overhead was 0.156664 seconds
INFO:robo.solver.bayesian_optimization:Next candidate [ 64.56622169   4.20077444   6.24809674   5.92556615  22.60773915
  27.55001352 102.25881246  14.41093463  86.36066506]
DEBUG:robo.models.gaussian_process:GP Hyperparameters: [-1.5040774   4.16769139  1.4352689   1.8322769   1.77927623  3.11829229
  3.31600303  4.62750698  2.66798727  4.45853231 -6.90775528]
DEBUG:objective_function:F-score: 0.17812208216619982
INFO:robo.solver.bayesian_optimization:Configuration achieved a performance of 0.178122 
INFO:robo.solver.bayesian_optimization:Evaluation of this configuration took 0.009900 seconds
INFO:robo.solver.bayesian_optimization:Current incumbent [71.47946934 96.63094395 95.55465761 27.38970285  4.66406232 96.73304767
 28.65855142 20.92671636 66.16203032] with estimated performance 0.092510
INFO:robo.solver.bayesian_optimization:Start iteration 19 ... 
INFO:robo.solver.bayesian_optimization:Train model...
DEBUG:robo.models.gaussian_process:GP Hyperparameters: [-1.5040774   0.          0.          0.          0.          0.
  0.          0.          0.          0.         -6.90775528]
INFO:robo.solver.bayesian_optimization:Time to train the model: 0.005967
INFO:robo.solver.bayesian_optimization:Maximize acquisition function...
INFO:robo.solver.bayesian_optimization:Time to maximize the acquisition function: 0.152185
INFO:robo.solver.bayesian_optimization:Optimization overhead was 0.158478 seconds
INFO:robo.solver.bayesian_optimization:Next candidate [  6.38358554  75.91838723  89.16772174  98.83619517  25.7566936
 101.60609636  43.7450768  102.53549307   8.48478742]
DEBUG:robo.models.gaussian_process:GP Hyperparameters: [-1.5040774   1.85372994  4.32965891  4.49051911  4.59346389  3.24869454
  4.62110354  3.77837908  4.63020901  2.13827484 -6.90775528]
DEBUG:objective_function:F-score: 0.10985576923076922
INFO:robo.solver.bayesian_optimization:Configuration achieved a performance of 0.109856 
INFO:robo.solver.bayesian_optimization:Evaluation of this configuration took 0.010192 seconds
INFO:robo.solver.bayesian_optimization:Current incumbent [71.47946934 96.63094395 95.55465761 27.38970285  4.66406232 96.73304767
 28.65855142 20.92671636 66.16203032] with estimated performance 0.092510
INFO:robo.solver.bayesian_optimization:Start iteration 20 ... 
INFO:robo.solver.bayesian_optimization:Train model...
DEBUG:robo.models.gaussian_process:GP Hyperparameters: [-1.5040774   0.          0.          0.          0.          0.
  0.          0.          0.          0.         -6.90775528]
INFO:robo.solver.bayesian_optimization:Time to train the model: 0.006525
INFO:robo.solver.bayesian_optimization:Maximize acquisition function...
INFO:robo.solver.bayesian_optimization:Time to maximize the acquisition function: 0.151058
INFO:robo.solver.bayesian_optimization:Optimization overhead was 0.157829 seconds
INFO:robo.solver.bayesian_optimization:Next candidate [ 11.96597479 100.98720376  86.48337514  28.30120296  64.71924507
  84.5907132    9.40755681  24.04221894   9.54605629]
DEBUG:robo.models.gaussian_process:GP Hyperparameters: [-1.5040774   2.48206719  4.61499381  4.4599522   3.34290431  4.17005861
  4.43782449  2.24151328  3.17981141  2.25612812 -6.90775528]
DEBUG:objective_function:F-score: 0.21777098997493732
INFO:robo.solver.bayesian_optimization:Configuration achieved a performance of 0.217771 
INFO:robo.solver.bayesian_optimization:Evaluation of this configuration took 0.010013 seconds
INFO:robo.solver.bayesian_optimization:Current incumbent [71.47946934 96.63094395 95.55465761 27.38970285  4.66406232 96.73304767
 28.65855142 20.92671636 66.16203032] with estimated performance 0.092510
INFO:robo.solver.bayesian_optimization:Start iteration 21 ... 
INFO:robo.solver.bayesian_optimization:Train model...
DEBUG:robo.models.gaussian_process:GP Hyperparameters: [-1.5040774   0.          0.          0.          0.          0.
  0.          0.          0.          0.         -6.90775528]
INFO:robo.solver.bayesian_optimization:Time to train the model: 0.005854
INFO:robo.solver.bayesian_optimization:Maximize acquisition function...
INFO:robo.solver.bayesian_optimization:Time to maximize the acquisition function: 0.150293
INFO:robo.solver.bayesian_optimization:Optimization overhead was 0.156525 seconds
INFO:robo.solver.bayesian_optimization:Next candidate [83.78670397 77.73326796 63.11783754 12.01608854  3.42616601 10.91849243
 10.94769188 28.63781116 82.53576036]
DEBUG:robo.models.gaussian_process:GP Hyperparameters: [-1.5040774   4.42827433  4.35328332  4.14500342  2.48624646  1.23144186
  2.39045791  2.39312865  3.35472791  4.41323166 -6.90775528]
DEBUG:objective_function:F-score: 0.16904761904761906
INFO:robo.solver.bayesian_optimization:Configuration achieved a performance of 0.169048 
INFO:robo.solver.bayesian_optimization:Evaluation of this configuration took 0.010506 seconds
INFO:robo.solver.bayesian_optimization:Current incumbent [71.47946934 96.63094395 95.55465761 27.38970285  4.66406232 96.73304767
 28.65855142 20.92671636 66.16203032] with estimated performance 0.092510
INFO:robo.solver.bayesian_optimization:Start iteration 22 ... 
INFO:robo.solver.bayesian_optimization:Train model...
DEBUG:robo.models.gaussian_process:GP Hyperparameters: [-1.5040774   0.          0.          0.          0.          0.
  0.          0.          0.          0.         -6.90775528]
INFO:robo.solver.bayesian_optimization:Time to train the model: 0.005897
INFO:robo.solver.bayesian_optimization:Maximize acquisition function...
INFO:robo.solver.bayesian_optimization:Time to maximize the acquisition function: 0.159197
INFO:robo.solver.bayesian_optimization:Optimization overhead was 0.165428 seconds
INFO:robo.solver.bayesian_optimization:Next candidate [ 20.36190493  62.75548776   2.72985583 100.78895886   4.16248331
 103.74189949  97.26812251  31.83628259  10.10162013]
DEBUG:robo.models.gaussian_process:GP Hyperparameters: [-1.5040774   3.01366575  4.13924603  1.0042488   4.61302881  1.42611184
  4.64190608  4.57747131  3.4606066   2.31269582 -6.90775528]
DEBUG:objective_function:F-score: 0.15873917748917749
INFO:robo.solver.bayesian_optimization:Configuration achieved a performance of 0.158739 
INFO:robo.solver.bayesian_optimization:Evaluation of this configuration took 0.009858 seconds
INFO:robo.solver.bayesian_optimization:Current incumbent [71.47946934 96.63094395 95.55465761 27.38970285  4.66406232 96.73304767
 28.65855142 20.92671636 66.16203032] with estimated performance 0.092510
INFO:robo.solver.bayesian_optimization:Start iteration 23 ... 
INFO:robo.solver.bayesian_optimization:Train model...
DEBUG:robo.models.gaussian_process:GP Hyperparameters: [-1.5040774   0.          0.          0.          0.          0.
  0.          0.          0.          0.         -6.90775528]
INFO:robo.solver.bayesian_optimization:Time to train the model: 0.005713
INFO:robo.solver.bayesian_optimization:Maximize acquisition function...
INFO:robo.solver.bayesian_optimization:Time to maximize the acquisition function: 0.157444
INFO:robo.solver.bayesian_optimization:Optimization overhead was 0.163423 seconds
INFO:robo.solver.bayesian_optimization:Next candidate [ 84.74081213  12.17114463  49.92055921  14.33536655  32.73000946
 103.098731   101.71289112  92.84526436  11.71235265]
DEBUG:robo.models.gaussian_process:GP Hyperparameters: [-1.5040774   4.43959733  2.49906796  3.91043293  2.66272967  3.48829238
  4.63568708  4.62215405  4.53093428  2.46064407 -6.90775528]
DEBUG:objective_function:F-score: 0.13085317460317458
INFO:robo.solver.bayesian_optimization:Configuration achieved a performance of 0.130853 
INFO:robo.solver.bayesian_optimization:Evaluation of this configuration took 0.009537 seconds
INFO:robo.solver.bayesian_optimization:Current incumbent [71.47946934 96.63094395 95.55465761 27.38970285  4.66406232 96.73304767
 28.65855142 20.92671636 66.16203032] with estimated performance 0.092510
INFO:robo.solver.bayesian_optimization:Start iteration 24 ... 
INFO:robo.solver.bayesian_optimization:Train model...
DEBUG:robo.models.gaussian_process:GP Hyperparameters: [-1.5040774   0.          0.          0.          0.          0.
  0.          0.          0.          0.         -6.90775528]
INFO:robo.solver.bayesian_optimization:Time to train the model: 0.005854
INFO:robo.solver.bayesian_optimization:Maximize acquisition function...
INFO:robo.solver.bayesian_optimization:Time to maximize the acquisition function: 0.155837
INFO:robo.solver.bayesian_optimization:Optimization overhead was 0.161992 seconds
INFO:robo.solver.bayesian_optimization:Next candidate [ 4.11603694 18.09747127 44.75947526  8.98963404 83.75787885 93.22966235
  2.16196063 86.06130795  7.90647195]
DEBUG:robo.models.gaussian_process:GP Hyperparameters: [-1.5040774   1.41489079  2.89577222  3.80130316  2.19607214  4.42793024
  4.53506594  0.77101551  4.45505993  2.06768166 -6.90775528]
DEBUG:objective_function:F-score: 0.11972096530920061
INFO:robo.solver.bayesian_optimization:Configuration achieved a performance of 0.119721 
INFO:robo.solver.bayesian_optimization:Evaluation of this configuration took 0.010625 seconds
INFO:robo.solver.bayesian_optimization:Current incumbent [71.47946934 96.63094395 95.55465761 27.38970285  4.66406232 96.73304767
 28.65855142 20.92671636 66.16203032] with estimated performance 0.092510
INFO:robo.solver.bayesian_optimization:Start iteration 25 ... 
INFO:robo.solver.bayesian_optimization:Train model...
DEBUG:robo.models.gaussian_process:GP Hyperparameters: [-1.5040774   0.          0.          0.          0.          0.
  0.          0.          0.          0.         -6.90775528]
INFO:robo.solver.bayesian_optimization:Time to train the model: 0.005592
INFO:robo.solver.bayesian_optimization:Maximize acquisition function...
INFO:robo.solver.bayesian_optimization:Time to maximize the acquisition function: 0.148537
INFO:robo.solver.bayesian_optimization:Optimization overhead was 0.154389 seconds
INFO:robo.solver.bayesian_optimization:Next candidate [ 4.72523413 84.31806184  8.40931771 10.82535903 97.77675271 90.32408759
 59.07215336  4.41954689 73.41432273]
DEBUG:robo.models.gaussian_process:GP Hyperparameters: [-1.5040774   1.55291711  4.4345961   2.12934034  2.38189144  4.58268685
  4.50340418  4.07875964  1.48603718  4.29611905 -6.90775528]
DEBUG:objective_function:F-score: 0.11796536796536797
INFO:robo.solver.bayesian_optimization:Configuration achieved a performance of 0.117965 
INFO:robo.solver.bayesian_optimization:Evaluation of this configuration took 0.009727 seconds
INFO:robo.solver.bayesian_optimization:Current incumbent [71.47946934 96.63094395 95.55465761 27.38970285  4.66406232 96.73304767
 28.65855142 20.92671636 66.16203032] with estimated performance 0.092510
INFO:robo.solver.bayesian_optimization:Start iteration 26 ... 
INFO:robo.solver.bayesian_optimization:Train model...
DEBUG:robo.models.gaussian_process:GP Hyperparameters: [-1.5040774   0.          0.          0.          0.          0.
  0.          0.          0.          0.         -6.90775528]
INFO:robo.solver.bayesian_optimization:Time to train the model: 0.005778
INFO:robo.solver.bayesian_optimization:Maximize acquisition function...
INFO:robo.solver.bayesian_optimization:Time to maximize the acquisition function: 0.149788
INFO:robo.solver.bayesian_optimization:Optimization overhead was 0.155834 seconds
INFO:robo.solver.bayesian_optimization:Next candidate [ 92.6362651  101.7880331   42.85329102  23.66079985  90.7027715
 103.31342407   9.01941397  27.24767736  88.12835022]
DEBUG:robo.models.gaussian_process:GP Hyperparameters: [-1.5040774   4.5286807   4.62289254  3.75778245  3.16381966  4.50758791
  4.63776732  2.19937936  3.30496828  4.47879428 -6.90775528]
DEBUG:objective_function:F-score: 0.17063492063492064
INFO:robo.solver.bayesian_optimization:Configuration achieved a performance of 0.170635 
INFO:robo.solver.bayesian_optimization:Evaluation of this configuration took 0.009671 seconds
INFO:robo.solver.bayesian_optimization:Current incumbent [71.47946934 96.63094395 95.55465761 27.38970285  4.66406232 96.73304767
 28.65855142 20.92671636 66.16203032] with estimated performance 0.092510
INFO:robo.solver.bayesian_optimization:Start iteration 27 ... 
INFO:robo.solver.bayesian_optimization:Train model...
DEBUG:robo.models.gaussian_process:GP Hyperparameters: [-1.5040774   0.          0.          0.          0.          0.
  0.          0.          0.          0.         -6.90775528]
INFO:robo.solver.bayesian_optimization:Time to train the model: 0.005778
INFO:robo.solver.bayesian_optimization:Maximize acquisition function...
INFO:robo.solver.bayesian_optimization:Time to maximize the acquisition function: 0.148411
INFO:robo.solver.bayesian_optimization:Optimization overhead was 0.154473 seconds
INFO:robo.solver.bayesian_optimization:Next candidate [  5.97790218  86.61589465  86.75504858  25.33127709 101.81033928
  97.06267974 102.456676   102.06036205   1.12020248]
DEBUG:robo.models.gaussian_process:GP Hyperparameters: [-1.5040774   1.7880697   4.46148334  4.46308861  3.23203988  4.62311166
  4.57535695  4.62944004  4.62556442  0.11350945 -6.90775528]
DEBUG:objective_function:F-score: 0.26944444444444443
INFO:robo.solver.bayesian_optimization:Configuration achieved a performance of 0.269444 
INFO:robo.solver.bayesian_optimization:Evaluation of this configuration took 0.009707 seconds
INFO:robo.solver.bayesian_optimization:Current incumbent [71.47946934 96.63094395 95.55465761 27.38970285  4.66406232 96.73304767
 28.65855142 20.92671636 66.16203032] with estimated performance 0.092510
INFO:robo.solver.bayesian_optimization:Start iteration 28 ... 
INFO:robo.solver.bayesian_optimization:Train model...
DEBUG:robo.models.gaussian_process:GP Hyperparameters: [-1.5040774   0.          0.          0.          0.          0.
  0.          0.          0.          0.         -6.90775528]
INFO:robo.solver.bayesian_optimization:Time to train the model: 0.006357
INFO:robo.solver.bayesian_optimization:Maximize acquisition function...
INFO:robo.solver.bayesian_optimization:Time to maximize the acquisition function: 0.156356
INFO:robo.solver.bayesian_optimization:Optimization overhead was 0.163013 seconds
INFO:robo.solver.bayesian_optimization:Next candidate [86.45256783  6.05258121 89.85156861 69.16385693  6.10889723 81.41879951
 50.91784664 28.57892474 17.47049087]
DEBUG:robo.models.gaussian_process:GP Hyperparameters: [-1.5040774   4.45959591  1.80048483  4.49815907  4.23647843  1.80974627
  4.3996062   3.93021348  3.35266955  2.86051322 -6.90775528]
DEBUG:objective_function:F-score: 0.17810887512899898
INFO:robo.solver.bayesian_optimization:Configuration achieved a performance of 0.178109 
INFO:robo.solver.bayesian_optimization:Evaluation of this configuration took 0.013935 seconds
INFO:robo.solver.bayesian_optimization:Current incumbent [71.47946934 96.63094395 95.55465761 27.38970285  4.66406232 96.73304767
 28.65855142 20.92671636 66.16203032] with estimated performance 0.092510
INFO:robo.solver.bayesian_optimization:Start iteration 29 ... 
INFO:robo.solver.bayesian_optimization:Train model...
DEBUG:robo.models.gaussian_process:GP Hyperparameters: [-1.5040774   0.          0.          0.          0.          0.
  0.          0.          0.          0.         -6.90775528]
INFO:robo.solver.bayesian_optimization:Time to train the model: 0.014321
INFO:robo.solver.bayesian_optimization:Maximize acquisition function...
INFO:robo.solver.bayesian_optimization:Time to maximize the acquisition function: 0.162512
INFO:robo.solver.bayesian_optimization:Optimization overhead was 0.177175 seconds
INFO:robo.solver.bayesian_optimization:Next candidate [  1.75153326   2.2648576   48.94420021   6.98380858  18.87073337
   7.77785717  27.90880268  98.46105219 100.70825877]
DEBUG:robo.models.gaussian_process:GP Hyperparameters: [-1.5040774   0.56049155  0.81751189  3.89068088  1.94359441  2.93761222
  2.05128087  3.32894215  4.58966106  4.61222781 -6.90775528]
DEBUG:objective_function:F-score: 0.22129847154172672
INFO:robo.solver.bayesian_optimization:Configuration achieved a performance of 0.221298 
INFO:robo.solver.bayesian_optimization:Evaluation of this configuration took 0.009561 seconds
INFO:robo.solver.bayesian_optimization:Current incumbent [71.47946934 96.63094395 95.55465761 27.38970285  4.66406232 96.73304767
 28.65855142 20.92671636 66.16203032] with estimated performance 0.092510
INFO:robo.solver.bayesian_optimization:Return [71.47946933528422, 96.63094394577014, 95.5546576086674, 27.389702854128565, 4.66406232227093, 96.73304767040696, 28.658551416036673, 20.9267163553411, 66.16203032474247] as incumbent with error 0.092510 
