INFO:robo.solver.bayesian_optimization:Evaluate: [31.1054851  93.23358267 37.29634147 79.41191542 11.26543912 30.34341134
 77.63663506 10.1637985   5.51328424]
INFO:robo.solver.bayesian_optimization:Configuration achieved a performance of -3198.912970 in 0.000210 seconds
INFO:robo.solver.bayesian_optimization:Evaluate: [49.1978039  36.99770344 84.98056676 44.82711082 97.16707986 71.55033108
 36.53559273 88.92951305 60.16240725]
INFO:robo.solver.bayesian_optimization:Configuration achieved a performance of 606.090838 in 0.000212 seconds
INFO:robo.solver.bayesian_optimization:Evaluate: [89.4721405  25.88287702 16.27577925  6.53120663 64.12663715 45.77142709
  6.75188863 39.30281826 97.09673613]
INFO:robo.solver.bayesian_optimization:Configuration achieved a performance of -31789.929413 in 0.000271 seconds
INFO:robo.solver.bayesian_optimization:Start iteration 3 ... 
INFO:robo.solver.bayesian_optimization:Train model...
INFO:robo.solver.bayesian_optimization:Time to train the model: 0.027265
INFO:robo.solver.bayesian_optimization:Maximize acquisition function...
INFO:robo.solver.bayesian_optimization:Time to maximize the acquisition function: 0.152284
INFO:robo.solver.bayesian_optimization:Optimization overhead was 0.180042 seconds
INFO:robo.solver.bayesian_optimization:Next candidate [89.56302893 25.87601951 15.99434891  6.38448775 64.25954314 45.7782346
  6.77507418 39.22547423 97.08182222]
INFO:robo.solver.bayesian_optimization:Configuration achieved a performance of -32324.962411 
INFO:robo.solver.bayesian_optimization:Evaluation of this configuration took 0.000179 seconds
INFO:robo.solver.bayesian_optimization:Current incumbent [89.56302893 25.87601951 15.99434891  6.38448775 64.25954314 45.7782346
  6.77507418 39.22547423 97.08182222] with estimated performance -32324.962411
INFO:robo.solver.bayesian_optimization:Start iteration 4 ... 
INFO:robo.solver.bayesian_optimization:Train model...
INFO:robo.solver.bayesian_optimization:Time to train the model: 0.005411
INFO:robo.solver.bayesian_optimization:Maximize acquisition function...
INFO:robo.solver.bayesian_optimization:Time to maximize the acquisition function: 0.134831
INFO:robo.solver.bayesian_optimization:Optimization overhead was 0.140531 seconds
INFO:robo.solver.bayesian_optimization:Next candidate [70.8396798  29.34868277  2.88338417  9.69594453 37.37753524 27.33537104
 29.18019918  1.0686205  91.7587789 ]
INFO:robo.solver.bayesian_optimization:Configuration achieved a performance of -18219.343554 
INFO:robo.solver.bayesian_optimization:Evaluation of this configuration took 0.000176 seconds
INFO:robo.solver.bayesian_optimization:Current incumbent [89.56302893 25.87601951 15.99434891  6.38448775 64.25954314 45.7782346
  6.77507418 39.22547423 97.08182222] with estimated performance -32324.962411
INFO:robo.solver.bayesian_optimization:Start iteration 5 ... 
INFO:robo.solver.bayesian_optimization:Train model...
INFO:robo.solver.bayesian_optimization:Time to train the model: 0.005764
INFO:robo.solver.bayesian_optimization:Maximize acquisition function...
INFO:robo.solver.bayesian_optimization:Time to maximize the acquisition function: 0.176856
INFO:robo.solver.bayesian_optimization:Optimization overhead was 0.182917 seconds
INFO:robo.solver.bayesian_optimization:Next candidate [89.76672892 25.84940994 15.79287065  6.38099402 64.27412647 45.7754021
  6.68893782 39.16543996 97.03574338]
INFO:robo.solver.bayesian_optimization:Configuration achieved a performance of -25046.289933 
INFO:robo.solver.bayesian_optimization:Evaluation of this configuration took 0.000175 seconds
INFO:robo.solver.bayesian_optimization:Current incumbent [89.56302893 25.87601951 15.99434891  6.38448775 64.25954314 45.7782346
  6.77507418 39.22547423 97.08182222] with estimated performance -32324.962411
INFO:robo.solver.bayesian_optimization:Start iteration 6 ... 
INFO:robo.solver.bayesian_optimization:Train model...
INFO:robo.solver.bayesian_optimization:Time to train the model: 0.006894
INFO:robo.solver.bayesian_optimization:Maximize acquisition function...
INFO:robo.solver.bayesian_optimization:Time to maximize the acquisition function: 0.158832
INFO:robo.solver.bayesian_optimization:Optimization overhead was 0.166045 seconds
INFO:robo.solver.bayesian_optimization:Next candidate [46.88143665 59.91436352 22.6679791  10.32885022 20.26480031 59.10836298
  6.0989233  35.93843376 98.61565978]
INFO:robo.solver.bayesian_optimization:Configuration achieved a performance of 5964.816198 
INFO:robo.solver.bayesian_optimization:Evaluation of this configuration took 0.000178 seconds
INFO:robo.solver.bayesian_optimization:Current incumbent [89.56302893 25.87601951 15.99434891  6.38448775 64.25954314 45.7782346
  6.77507418 39.22547423 97.08182222] with estimated performance -32324.962411
INFO:robo.solver.bayesian_optimization:Start iteration 7 ... 
INFO:robo.solver.bayesian_optimization:Train model...
INFO:robo.solver.bayesian_optimization:Time to train the model: 0.006025
INFO:robo.solver.bayesian_optimization:Maximize acquisition function...
INFO:robo.solver.bayesian_optimization:Time to maximize the acquisition function: 0.142938
INFO:robo.solver.bayesian_optimization:Optimization overhead was 0.149316 seconds
INFO:robo.solver.bayesian_optimization:Next candidate [74.93581725  4.95468808 81.93554473 10.21433133 83.67883995 11.01232264
 52.90330586 48.92438168 86.34765457]
INFO:robo.solver.bayesian_optimization:Configuration achieved a performance of -22370.927397 
INFO:robo.solver.bayesian_optimization:Evaluation of this configuration took 0.000176 seconds
INFO:robo.solver.bayesian_optimization:Current incumbent [89.56302893 25.87601951 15.99434891  6.38448775 64.25954314 45.7782346
  6.77507418 39.22547423 97.08182222] with estimated performance -32324.962411
INFO:robo.solver.bayesian_optimization:Start iteration 8 ... 
INFO:robo.solver.bayesian_optimization:Train model...
INFO:robo.solver.bayesian_optimization:Time to train the model: 0.006092
INFO:robo.solver.bayesian_optimization:Maximize acquisition function...
INFO:robo.solver.bayesian_optimization:Time to maximize the acquisition function: 0.180415
INFO:robo.solver.bayesian_optimization:Optimization overhead was 0.186794 seconds
INFO:robo.solver.bayesian_optimization:Next candidate [ 82.2464414    9.84742429  30.12165924  42.1949452  101.62969456
  10.29440637  13.99514192  68.37908797  87.8889469 ]
INFO:robo.solver.bayesian_optimization:Configuration achieved a performance of 27167.654786 
INFO:robo.solver.bayesian_optimization:Evaluation of this configuration took 0.000201 seconds
INFO:robo.solver.bayesian_optimization:Current incumbent [89.56302893 25.87601951 15.99434891  6.38448775 64.25954314 45.7782346
  6.77507418 39.22547423 97.08182222] with estimated performance -32324.962411
INFO:robo.solver.bayesian_optimization:Start iteration 9 ... 
INFO:robo.solver.bayesian_optimization:Train model...
INFO:robo.solver.bayesian_optimization:Time to train the model: 0.006265
INFO:robo.solver.bayesian_optimization:Maximize acquisition function...
INFO:robo.solver.bayesian_optimization:Time to maximize the acquisition function: 0.153167
INFO:robo.solver.bayesian_optimization:Optimization overhead was 0.159709 seconds
INFO:robo.solver.bayesian_optimization:Next candidate [73.82574668  9.03191885 75.67297724 13.56748007 38.44264527 43.78276357
  6.78519029  8.71983029 89.09203443]
INFO:robo.solver.bayesian_optimization:Configuration achieved a performance of 22087.985716 
INFO:robo.solver.bayesian_optimization:Evaluation of this configuration took 0.000175 seconds
INFO:robo.solver.bayesian_optimization:Current incumbent [89.56302893 25.87601951 15.99434891  6.38448775 64.25954314 45.7782346
  6.77507418 39.22547423 97.08182222] with estimated performance -32324.962411
INFO:robo.solver.bayesian_optimization:Start iteration 10 ... 
INFO:robo.solver.bayesian_optimization:Train model...
INFO:robo.solver.bayesian_optimization:Time to train the model: 0.005667
INFO:robo.solver.bayesian_optimization:Maximize acquisition function...
INFO:robo.solver.bayesian_optimization:Time to maximize the acquisition function: 0.169893
INFO:robo.solver.bayesian_optimization:Optimization overhead was 0.175842 seconds
INFO:robo.solver.bayesian_optimization:Next candidate [89.03553468 50.11074228 13.53401884  8.33385406 61.49296407 28.74655165
 50.27207561 28.36446568 77.81189955]
INFO:robo.solver.bayesian_optimization:Configuration achieved a performance of -2281.473020 
INFO:robo.solver.bayesian_optimization:Evaluation of this configuration took 0.000175 seconds
INFO:robo.solver.bayesian_optimization:Current incumbent [89.56302893 25.87601951 15.99434891  6.38448775 64.25954314 45.7782346
  6.77507418 39.22547423 97.08182222] with estimated performance -32324.962411
INFO:robo.solver.bayesian_optimization:Start iteration 11 ... 
INFO:robo.solver.bayesian_optimization:Train model...
INFO:robo.solver.bayesian_optimization:Time to train the model: 0.005610
INFO:robo.solver.bayesian_optimization:Maximize acquisition function...
INFO:robo.solver.bayesian_optimization:Time to maximize the acquisition function: 0.145399
INFO:robo.solver.bayesian_optimization:Optimization overhead was 0.151287 seconds
INFO:robo.solver.bayesian_optimization:Next candidate [ 84.37604759   3.19574064  43.25245293   3.51210094  50.09990903
  55.37391741  74.47921775 103.00812682  28.64038609]
INFO:robo.solver.bayesian_optimization:Configuration achieved a performance of 28048.619964 
INFO:robo.solver.bayesian_optimization:Evaluation of this configuration took 0.000176 seconds
INFO:robo.solver.bayesian_optimization:Current incumbent [89.56302893 25.87601951 15.99434891  6.38448775 64.25954314 45.7782346
  6.77507418 39.22547423 97.08182222] with estimated performance -32324.962411
INFO:robo.solver.bayesian_optimization:Start iteration 12 ... 
INFO:robo.solver.bayesian_optimization:Train model...
INFO:robo.solver.bayesian_optimization:Time to train the model: 0.006724
INFO:robo.solver.bayesian_optimization:Maximize acquisition function...
INFO:robo.solver.bayesian_optimization:Time to maximize the acquisition function: 0.232974
INFO:robo.solver.bayesian_optimization:Optimization overhead was 0.240059 seconds
INFO:robo.solver.bayesian_optimization:Next candidate [ 41.73884358  65.74653079  33.24023049  16.33679271 101.09041014
  59.38773413  88.59909088  30.22353368  99.93529722]
INFO:robo.solver.bayesian_optimization:Configuration achieved a performance of -3082.067681 
INFO:robo.solver.bayesian_optimization:Evaluation of this configuration took 0.002320 seconds
INFO:robo.solver.bayesian_optimization:Current incumbent [89.56302893 25.87601951 15.99434891  6.38448775 64.25954314 45.7782346
  6.77507418 39.22547423 97.08182222] with estimated performance -32324.962411
INFO:robo.solver.bayesian_optimization:Start iteration 13 ... 
INFO:robo.solver.bayesian_optimization:Train model...
INFO:robo.solver.bayesian_optimization:Time to train the model: 0.008936
INFO:robo.solver.bayesian_optimization:Maximize acquisition function...
INFO:robo.solver.bayesian_optimization:Time to maximize the acquisition function: 0.261391
INFO:robo.solver.bayesian_optimization:Optimization overhead was 0.270929 seconds
INFO:robo.solver.bayesian_optimization:Next candidate [ 23.45227912  11.81446795  76.5777483   29.52981654 104.97786594
  43.97206707  90.82224042  44.82240816  90.98805035]
INFO:robo.solver.bayesian_optimization:Configuration achieved a performance of 2163.249350 
INFO:robo.solver.bayesian_optimization:Evaluation of this configuration took 0.000338 seconds
INFO:robo.solver.bayesian_optimization:Current incumbent [89.56302893 25.87601951 15.99434891  6.38448775 64.25954314 45.7782346
  6.77507418 39.22547423 97.08182222] with estimated performance -32324.962411
INFO:robo.solver.bayesian_optimization:Start iteration 14 ... 
INFO:robo.solver.bayesian_optimization:Train model...
INFO:robo.solver.bayesian_optimization:Time to train the model: 0.011494
INFO:robo.solver.bayesian_optimization:Maximize acquisition function...
INFO:robo.solver.bayesian_optimization:Time to maximize the acquisition function: 0.250681
INFO:robo.solver.bayesian_optimization:Optimization overhead was 0.262573 seconds
INFO:robo.solver.bayesian_optimization:Next candidate [79.43820571 51.63611641 75.20695979 52.64985079 84.24194965 92.78488582
 89.56504167 21.94262713 91.41494832]
INFO:robo.solver.bayesian_optimization:Configuration achieved a performance of -11031.673700 
INFO:robo.solver.bayesian_optimization:Evaluation of this configuration took 0.000176 seconds
INFO:robo.solver.bayesian_optimization:Current incumbent [89.56302893 25.87601951 15.99434891  6.38448775 64.25954314 45.7782346
  6.77507418 39.22547423 97.08182222] with estimated performance -32324.962411
INFO:robo.solver.bayesian_optimization:Start iteration 15 ... 
INFO:robo.solver.bayesian_optimization:Train model...
INFO:robo.solver.bayesian_optimization:Time to train the model: 0.006571
INFO:robo.solver.bayesian_optimization:Maximize acquisition function...
INFO:robo.solver.bayesian_optimization:Time to maximize the acquisition function: 0.155859
INFO:robo.solver.bayesian_optimization:Optimization overhead was 0.162725 seconds
INFO:robo.solver.bayesian_optimization:Next candidate [94.42327876 97.2636324  75.04608091 85.56029738 93.53099659 97.19315087
 18.56997669 66.42531298 94.43114442]
INFO:robo.solver.bayesian_optimization:Configuration achieved a performance of 18106.736126 
INFO:robo.solver.bayesian_optimization:Evaluation of this configuration took 0.000176 seconds
INFO:robo.solver.bayesian_optimization:Current incumbent [89.56302893 25.87601951 15.99434891  6.38448775 64.25954314 45.7782346
  6.77507418 39.22547423 97.08182222] with estimated performance -32324.962411
INFO:robo.solver.bayesian_optimization:Start iteration 16 ... 
INFO:robo.solver.bayesian_optimization:Train model...
INFO:robo.solver.bayesian_optimization:Time to train the model: 0.005475
INFO:robo.solver.bayesian_optimization:Maximize acquisition function...
INFO:robo.solver.bayesian_optimization:Time to maximize the acquisition function: 0.156608
INFO:robo.solver.bayesian_optimization:Optimization overhead was 0.162354 seconds
INFO:robo.solver.bayesian_optimization:Next candidate [ 13.98758285 102.07139582  82.79272097   2.82048463   3.6426035
  86.55557429  15.13822077   3.66029815   2.01686328]
INFO:robo.solver.bayesian_optimization:Configuration achieved a performance of -748.325730 
INFO:robo.solver.bayesian_optimization:Evaluation of this configuration took 0.000175 seconds
INFO:robo.solver.bayesian_optimization:Current incumbent [89.56302893 25.87601951 15.99434891  6.38448775 64.25954314 45.7782346
  6.77507418 39.22547423 97.08182222] with estimated performance -32324.962411
INFO:robo.solver.bayesian_optimization:Start iteration 17 ... 
INFO:robo.solver.bayesian_optimization:Train model...
INFO:robo.solver.bayesian_optimization:Time to train the model: 0.005609
INFO:robo.solver.bayesian_optimization:Maximize acquisition function...
INFO:robo.solver.bayesian_optimization:Time to maximize the acquisition function: 0.176878
INFO:robo.solver.bayesian_optimization:Optimization overhead was 0.182777 seconds
INFO:robo.solver.bayesian_optimization:Next candidate [19.82251832 79.94788477 90.75559664 69.41050561 85.63140438 89.74083232
 82.01622695 99.39597945 12.00438053]
INFO:robo.solver.bayesian_optimization:Configuration achieved a performance of 362.892101 
INFO:robo.solver.bayesian_optimization:Evaluation of this configuration took 0.000202 seconds
INFO:robo.solver.bayesian_optimization:Current incumbent [89.56302893 25.87601951 15.99434891  6.38448775 64.25954314 45.7782346
  6.77507418 39.22547423 97.08182222] with estimated performance -32324.962411
INFO:robo.solver.bayesian_optimization:Start iteration 18 ... 
INFO:robo.solver.bayesian_optimization:Train model...
INFO:robo.solver.bayesian_optimization:Time to train the model: 0.006409
INFO:robo.solver.bayesian_optimization:Maximize acquisition function...
INFO:robo.solver.bayesian_optimization:Time to maximize the acquisition function: 0.161613
INFO:robo.solver.bayesian_optimization:Optimization overhead was 0.168307 seconds
INFO:robo.solver.bayesian_optimization:Next candidate [ 9.96116747 43.22391517 85.37508584 89.81373775 54.52715705 46.56492223
 99.41927275 22.43879713 25.98128944]
INFO:robo.solver.bayesian_optimization:Configuration achieved a performance of -428.428491 
INFO:robo.solver.bayesian_optimization:Evaluation of this configuration took 0.000266 seconds
INFO:robo.solver.bayesian_optimization:Current incumbent [89.56302893 25.87601951 15.99434891  6.38448775 64.25954314 45.7782346
  6.77507418 39.22547423 97.08182222] with estimated performance -32324.962411
INFO:robo.solver.bayesian_optimization:Start iteration 19 ... 
INFO:robo.solver.bayesian_optimization:Train model...
INFO:robo.solver.bayesian_optimization:Time to train the model: 0.005738
INFO:robo.solver.bayesian_optimization:Maximize acquisition function...
INFO:robo.solver.bayesian_optimization:Time to maximize the acquisition function: 0.166795
INFO:robo.solver.bayesian_optimization:Optimization overhead was 0.172812 seconds
INFO:robo.solver.bayesian_optimization:Next candidate [72.57664575 30.76914908 92.14338514  9.15050244 55.74110567 65.64625972
 95.82273758 24.96812308 99.51781847]
INFO:robo.solver.bayesian_optimization:Configuration achieved a performance of -17491.742757 
INFO:robo.solver.bayesian_optimization:Evaluation of this configuration took 0.000263 seconds
INFO:robo.solver.bayesian_optimization:Current incumbent [89.56302893 25.87601951 15.99434891  6.38448775 64.25954314 45.7782346
  6.77507418 39.22547423 97.08182222] with estimated performance -32324.962411
INFO:robo.solver.bayesian_optimization:Start iteration 20 ... 
INFO:robo.solver.bayesian_optimization:Train model...
INFO:robo.solver.bayesian_optimization:Time to train the model: 0.005643
INFO:robo.solver.bayesian_optimization:Maximize acquisition function...
INFO:robo.solver.bayesian_optimization:Time to maximize the acquisition function: 0.157887
INFO:robo.solver.bayesian_optimization:Optimization overhead was 0.163814 seconds
INFO:robo.solver.bayesian_optimization:Next candidate [36.21610615 67.74898343 81.39461216 16.87246241 82.50138473 77.56724952
 51.74747201  6.34876467  3.58229721]
INFO:robo.solver.bayesian_optimization:Configuration achieved a performance of 5197.661256 
INFO:robo.solver.bayesian_optimization:Evaluation of this configuration took 0.000174 seconds
INFO:robo.solver.bayesian_optimization:Current incumbent [89.56302893 25.87601951 15.99434891  6.38448775 64.25954314 45.7782346
  6.77507418 39.22547423 97.08182222] with estimated performance -32324.962411
INFO:robo.solver.bayesian_optimization:Start iteration 21 ... 
INFO:robo.solver.bayesian_optimization:Train model...
INFO:robo.solver.bayesian_optimization:Time to train the model: 0.005656
INFO:robo.solver.bayesian_optimization:Maximize acquisition function...
INFO:robo.solver.bayesian_optimization:Time to maximize the acquisition function: 0.150053
INFO:robo.solver.bayesian_optimization:Optimization overhead was 0.156118 seconds
INFO:robo.solver.bayesian_optimization:Next candidate [  5.22771079 102.82589398  86.17268973  29.52229734  88.17273062
  38.33247742   2.07588448  93.9772067   92.7816865 ]
INFO:robo.solver.bayesian_optimization:Configuration achieved a performance of 3.034686 
INFO:robo.solver.bayesian_optimization:Evaluation of this configuration took 0.000178 seconds
INFO:robo.solver.bayesian_optimization:Current incumbent [89.56302893 25.87601951 15.99434891  6.38448775 64.25954314 45.7782346
  6.77507418 39.22547423 97.08182222] with estimated performance -32324.962411
INFO:robo.solver.bayesian_optimization:Start iteration 22 ... 
INFO:robo.solver.bayesian_optimization:Train model...
INFO:robo.solver.bayesian_optimization:Time to train the model: 0.005683
INFO:robo.solver.bayesian_optimization:Maximize acquisition function...
INFO:robo.solver.bayesian_optimization:Time to maximize the acquisition function: 0.161924
INFO:robo.solver.bayesian_optimization:Optimization overhead was 0.167933 seconds
INFO:robo.solver.bayesian_optimization:Next candidate [ 46.98003818  88.97976777  93.01133223 101.84888313  32.77248172
 100.48985114  97.73424277  67.0049426   55.96229955]
INFO:robo.solver.bayesian_optimization:Configuration achieved a performance of 3768.072936 
INFO:robo.solver.bayesian_optimization:Evaluation of this configuration took 0.000175 seconds
INFO:robo.solver.bayesian_optimization:Current incumbent [89.56302893 25.87601951 15.99434891  6.38448775 64.25954314 45.7782346
  6.77507418 39.22547423 97.08182222] with estimated performance -32324.962411
INFO:robo.solver.bayesian_optimization:Start iteration 23 ... 
INFO:robo.solver.bayesian_optimization:Train model...
INFO:robo.solver.bayesian_optimization:Time to train the model: 0.005628
INFO:robo.solver.bayesian_optimization:Maximize acquisition function...
INFO:robo.solver.bayesian_optimization:Time to maximize the acquisition function: 0.156717
INFO:robo.solver.bayesian_optimization:Optimization overhead was 0.164652 seconds
INFO:robo.solver.bayesian_optimization:Next candidate [  7.68325936  32.53347497   2.56642234  77.94453098   7.10312267
  43.34150146  88.29529745   8.19631382 103.43872379]
INFO:robo.solver.bayesian_optimization:Configuration achieved a performance of -225.646852 
INFO:robo.solver.bayesian_optimization:Evaluation of this configuration took 0.000283 seconds
INFO:robo.solver.bayesian_optimization:Current incumbent [89.56302893 25.87601951 15.99434891  6.38448775 64.25954314 45.7782346
  6.77507418 39.22547423 97.08182222] with estimated performance -32324.962411
INFO:robo.solver.bayesian_optimization:Start iteration 24 ... 
INFO:robo.solver.bayesian_optimization:Train model...
INFO:robo.solver.bayesian_optimization:Time to train the model: 0.008708
INFO:robo.solver.bayesian_optimization:Maximize acquisition function...
INFO:robo.solver.bayesian_optimization:Time to maximize the acquisition function: 0.234056
INFO:robo.solver.bayesian_optimization:Optimization overhead was 0.243114 seconds
INFO:robo.solver.bayesian_optimization:Next candidate [29.12490138 44.03814899 15.86574808 75.78006369 92.44735047 94.13418116
 83.89445009 30.6034315   3.42816229]
INFO:robo.solver.bayesian_optimization:Configuration achieved a performance of -1947.800257 
INFO:robo.solver.bayesian_optimization:Evaluation of this configuration took 0.000985 seconds
INFO:robo.solver.bayesian_optimization:Current incumbent [89.56302893 25.87601951 15.99434891  6.38448775 64.25954314 45.7782346
  6.77507418 39.22547423 97.08182222] with estimated performance -32324.962411
INFO:robo.solver.bayesian_optimization:Start iteration 25 ... 
INFO:robo.solver.bayesian_optimization:Train model...
INFO:robo.solver.bayesian_optimization:Time to train the model: 0.007301
INFO:robo.solver.bayesian_optimization:Maximize acquisition function...
INFO:robo.solver.bayesian_optimization:Time to maximize the acquisition function: 0.162669
INFO:robo.solver.bayesian_optimization:Optimization overhead was 0.170320 seconds
INFO:robo.solver.bayesian_optimization:Next candidate [  2.01365641  21.57925071  25.88410648  27.67513364 104.49277743
 102.38046536  86.27978193   7.43831527  66.23956621]
INFO:robo.solver.bayesian_optimization:Configuration achieved a performance of -3.903364 
INFO:robo.solver.bayesian_optimization:Evaluation of this configuration took 0.000173 seconds
INFO:robo.solver.bayesian_optimization:Current incumbent [89.56302893 25.87601951 15.99434891  6.38448775 64.25954314 45.7782346
  6.77507418 39.22547423 97.08182222] with estimated performance -32324.962411
INFO:robo.solver.bayesian_optimization:Start iteration 26 ... 
INFO:robo.solver.bayesian_optimization:Train model...
INFO:robo.solver.bayesian_optimization:Time to train the model: 0.005610
INFO:robo.solver.bayesian_optimization:Maximize acquisition function...
INFO:robo.solver.bayesian_optimization:Time to maximize the acquisition function: 0.165437
INFO:robo.solver.bayesian_optimization:Optimization overhead was 0.171322 seconds
INFO:robo.solver.bayesian_optimization:Next candidate [ 58.84812177  10.8639259   26.76174467  17.14318388  48.74397085
  64.00547046  39.83589838  32.32450929 101.71830095]
INFO:robo.solver.bayesian_optimization:Configuration achieved a performance of 8125.491656 
INFO:robo.solver.bayesian_optimization:Evaluation of this configuration took 0.000197 seconds
INFO:robo.solver.bayesian_optimization:Current incumbent [89.56302893 25.87601951 15.99434891  6.38448775 64.25954314 45.7782346
  6.77507418 39.22547423 97.08182222] with estimated performance -32324.962411
INFO:robo.solver.bayesian_optimization:Start iteration 27 ... 
INFO:robo.solver.bayesian_optimization:Train model...
INFO:robo.solver.bayesian_optimization:Time to train the model: 0.006226
INFO:robo.solver.bayesian_optimization:Maximize acquisition function...
INFO:robo.solver.bayesian_optimization:Time to maximize the acquisition function: 0.152865
INFO:robo.solver.bayesian_optimization:Optimization overhead was 0.159408 seconds
INFO:robo.solver.bayesian_optimization:Next candidate [16.62239594 84.23915757 69.59138772 85.52118757 98.58014394 15.8987519
 96.3336742   3.55525263 19.03608935]
INFO:robo.solver.bayesian_optimization:Configuration achieved a performance of -451.339836 
INFO:robo.solver.bayesian_optimization:Evaluation of this configuration took 0.000174 seconds
INFO:robo.solver.bayesian_optimization:Current incumbent [89.56302893 25.87601951 15.99434891  6.38448775 64.25954314 45.7782346
  6.77507418 39.22547423 97.08182222] with estimated performance -32324.962411
INFO:robo.solver.bayesian_optimization:Start iteration 28 ... 
INFO:robo.solver.bayesian_optimization:Train model...
INFO:robo.solver.bayesian_optimization:Time to train the model: 0.005790
INFO:robo.solver.bayesian_optimization:Maximize acquisition function...
INFO:robo.solver.bayesian_optimization:Time to maximize the acquisition function: 0.168870
INFO:robo.solver.bayesian_optimization:Optimization overhead was 0.175152 seconds
INFO:robo.solver.bayesian_optimization:Next candidate [86.58678204 60.21464733 65.97075858  3.49372001 92.77807529 25.6097539
 79.13680282 22.98122791 86.64732778]
INFO:robo.solver.bayesian_optimization:Configuration achieved a performance of 25385.163409 
INFO:robo.solver.bayesian_optimization:Evaluation of this configuration took 0.000966 seconds
INFO:robo.solver.bayesian_optimization:Current incumbent [89.56302893 25.87601951 15.99434891  6.38448775 64.25954314 45.7782346
  6.77507418 39.22547423 97.08182222] with estimated performance -32324.962411
INFO:robo.solver.bayesian_optimization:Start iteration 29 ... 
INFO:robo.solver.bayesian_optimization:Train model...
INFO:robo.solver.bayesian_optimization:Time to train the model: 0.005792
INFO:robo.solver.bayesian_optimization:Maximize acquisition function...
INFO:robo.solver.bayesian_optimization:Time to maximize the acquisition function: 0.245702
INFO:robo.solver.bayesian_optimization:Optimization overhead was 0.251854 seconds
INFO:robo.solver.bayesian_optimization:Next candidate [20.18009757 32.35003502 76.21788938 12.19842625 79.06866484 78.54073209
 91.93648499 91.84582888 89.16930133]
INFO:robo.solver.bayesian_optimization:Configuration achieved a performance of -1278.464383 
INFO:robo.solver.bayesian_optimization:Evaluation of this configuration took 0.000201 seconds
INFO:robo.solver.bayesian_optimization:Current incumbent [89.56302893 25.87601951 15.99434891  6.38448775 64.25954314 45.7782346
  6.77507418 39.22547423 97.08182222] with estimated performance -32324.962411
INFO:robo.solver.bayesian_optimization:Start iteration 30 ... 
INFO:robo.solver.bayesian_optimization:Train model...
INFO:robo.solver.bayesian_optimization:Time to train the model: 0.006450
INFO:robo.solver.bayesian_optimization:Maximize acquisition function...
INFO:robo.solver.bayesian_optimization:Time to maximize the acquisition function: 0.153954
INFO:robo.solver.bayesian_optimization:Optimization overhead was 0.160746 seconds
INFO:robo.solver.bayesian_optimization:Next candidate [ 12.29104076  75.05651037  54.19599426  25.75158337  12.80303672
  49.44343443 103.25111057  13.96340966  78.45822508]
INFO:robo.solver.bayesian_optimization:Configuration achieved a performance of -474.541810 
INFO:robo.solver.bayesian_optimization:Evaluation of this configuration took 0.000176 seconds
INFO:robo.solver.bayesian_optimization:Current incumbent [89.56302893 25.87601951 15.99434891  6.38448775 64.25954314 45.7782346
  6.77507418 39.22547423 97.08182222] with estimated performance -32324.962411
INFO:robo.solver.bayesian_optimization:Start iteration 31 ... 
INFO:robo.solver.bayesian_optimization:Train model...
INFO:robo.solver.bayesian_optimization:Time to train the model: 0.005923
INFO:robo.solver.bayesian_optimization:Maximize acquisition function...
INFO:robo.solver.bayesian_optimization:Time to maximize the acquisition function: 0.141253
INFO:robo.solver.bayesian_optimization:Optimization overhead was 0.147559 seconds
INFO:robo.solver.bayesian_optimization:Next candidate [ 24.67451     95.06483035   7.80628709  90.62366199   2.21183941
  97.55395908 100.11723923  27.44834997  84.52169972]
INFO:robo.solver.bayesian_optimization:Configuration achieved a performance of -2477.608577 
INFO:robo.solver.bayesian_optimization:Evaluation of this configuration took 0.000316 seconds
INFO:robo.solver.bayesian_optimization:Current incumbent [89.56302893 25.87601951 15.99434891  6.38448775 64.25954314 45.7782346
  6.77507418 39.22547423 97.08182222] with estimated performance -32324.962411
INFO:robo.solver.bayesian_optimization:Start iteration 32 ... 
INFO:robo.solver.bayesian_optimization:Train model...
INFO:robo.solver.bayesian_optimization:Time to train the model: 0.006826
INFO:robo.solver.bayesian_optimization:Maximize acquisition function...
INFO:robo.solver.bayesian_optimization:Time to maximize the acquisition function: 0.142737
INFO:robo.solver.bayesian_optimization:Optimization overhead was 0.149905 seconds
INFO:robo.solver.bayesian_optimization:Next candidate [85.28240463 79.73480899 15.5905257  38.55771377 59.49897925 81.97118379
 19.01637046 14.424345   25.27137217]
INFO:robo.solver.bayesian_optimization:Configuration achieved a performance of -28881.474267 
INFO:robo.solver.bayesian_optimization:Evaluation of this configuration took 0.000174 seconds
INFO:robo.solver.bayesian_optimization:Current incumbent [89.56302893 25.87601951 15.99434891  6.38448775 64.25954314 45.7782346
  6.77507418 39.22547423 97.08182222] with estimated performance -32324.962411
INFO:robo.solver.bayesian_optimization:Start iteration 33 ... 
INFO:robo.solver.bayesian_optimization:Train model...
INFO:robo.solver.bayesian_optimization:Time to train the model: 0.012257
INFO:robo.solver.bayesian_optimization:Maximize acquisition function...
INFO:robo.solver.bayesian_optimization:Time to maximize the acquisition function: 0.152824
INFO:robo.solver.bayesian_optimization:Optimization overhead was 0.165415 seconds
INFO:robo.solver.bayesian_optimization:Next candidate [84.21663469 62.05122763  4.81091954 59.619299   76.61790997 30.00224861
  3.94875099  4.57745365 45.80233496]
INFO:robo.solver.bayesian_optimization:Configuration achieved a performance of 27818.459717 
INFO:robo.solver.bayesian_optimization:Evaluation of this configuration took 0.000176 seconds
INFO:robo.solver.bayesian_optimization:Current incumbent [89.56302893 25.87601951 15.99434891  6.38448775 64.25954314 45.7782346
  6.77507418 39.22547423 97.08182222] with estimated performance -32324.962411
INFO:robo.solver.bayesian_optimization:Start iteration 34 ... 
INFO:robo.solver.bayesian_optimization:Train model...
INFO:robo.solver.bayesian_optimization:Time to train the model: 0.005980
INFO:robo.solver.bayesian_optimization:Maximize acquisition function...
INFO:robo.solver.bayesian_optimization:Time to maximize the acquisition function: 0.148213
INFO:robo.solver.bayesian_optimization:Optimization overhead was 0.154478 seconds
INFO:robo.solver.bayesian_optimization:Next candidate [ 26.55746391  82.16633562  36.76074656  73.39407325  75.68560815
 100.07098842   1.30244261  41.47217909   1.19498054]
INFO:robo.solver.bayesian_optimization:Configuration achieved a performance of -2643.563093 
INFO:robo.solver.bayesian_optimization:Evaluation of this configuration took 0.000216 seconds
INFO:robo.solver.bayesian_optimization:Current incumbent [89.56302893 25.87601951 15.99434891  6.38448775 64.25954314 45.7782346
  6.77507418 39.22547423 97.08182222] with estimated performance -32324.962411
INFO:robo.solver.bayesian_optimization:Start iteration 35 ... 
INFO:robo.solver.bayesian_optimization:Train model...
INFO:robo.solver.bayesian_optimization:Time to train the model: 0.006046
INFO:robo.solver.bayesian_optimization:Maximize acquisition function...
INFO:robo.solver.bayesian_optimization:Time to maximize the acquisition function: 0.156302
INFO:robo.solver.bayesian_optimization:Optimization overhead was 0.162655 seconds
INFO:robo.solver.bayesian_optimization:Next candidate [71.36050063 64.35172107 17.6753163  48.61630122 26.33792672 88.49552086
 49.94359493 75.60882537  3.44167449]
INFO:robo.solver.bayesian_optimization:Configuration achieved a performance of 9040.087218 
INFO:robo.solver.bayesian_optimization:Evaluation of this configuration took 0.000176 seconds
INFO:robo.solver.bayesian_optimization:Current incumbent [89.56302893 25.87601951 15.99434891  6.38448775 64.25954314 45.7782346
  6.77507418 39.22547423 97.08182222] with estimated performance -32324.962411
INFO:robo.solver.bayesian_optimization:Start iteration 36 ... 
INFO:robo.solver.bayesian_optimization:Train model...
INFO:robo.solver.bayesian_optimization:Time to train the model: 0.008032
INFO:robo.solver.bayesian_optimization:Maximize acquisition function...
INFO:robo.solver.bayesian_optimization:Time to maximize the acquisition function: 0.146915
INFO:robo.solver.bayesian_optimization:Optimization overhead was 0.155284 seconds
INFO:robo.solver.bayesian_optimization:Next candidate [92.35729189 98.15603547 11.79938574 48.49330439 10.62599897 77.4725353
  1.74930479 50.6601413  50.60286966]
INFO:robo.solver.bayesian_optimization:Configuration achieved a performance of 19801.632287 
INFO:robo.solver.bayesian_optimization:Evaluation of this configuration took 0.000235 seconds
INFO:robo.solver.bayesian_optimization:Current incumbent [89.56302893 25.87601951 15.99434891  6.38448775 64.25954314 45.7782346
  6.77507418 39.22547423 97.08182222] with estimated performance -32324.962411
INFO:robo.solver.bayesian_optimization:Start iteration 37 ... 
INFO:robo.solver.bayesian_optimization:Train model...
INFO:robo.solver.bayesian_optimization:Time to train the model: 0.007063
INFO:robo.solver.bayesian_optimization:Maximize acquisition function...
INFO:robo.solver.bayesian_optimization:Time to maximize the acquisition function: 0.153402
INFO:robo.solver.bayesian_optimization:Optimization overhead was 0.160884 seconds
INFO:robo.solver.bayesian_optimization:Next candidate [ 25.61804475  95.20289862  72.39757948  97.42027871  28.95392641
 102.06459757  37.71935427   3.47463788  45.86260749]
INFO:robo.solver.bayesian_optimization:Configuration achieved a performance of 2701.681074 
INFO:robo.solver.bayesian_optimization:Evaluation of this configuration took 0.000177 seconds
INFO:robo.solver.bayesian_optimization:Current incumbent [89.56302893 25.87601951 15.99434891  6.38448775 64.25954314 45.7782346
  6.77507418 39.22547423 97.08182222] with estimated performance -32324.962411
INFO:robo.solver.bayesian_optimization:Start iteration 38 ... 
INFO:robo.solver.bayesian_optimization:Train model...
INFO:robo.solver.bayesian_optimization:Time to train the model: 0.006418
INFO:robo.solver.bayesian_optimization:Maximize acquisition function...
INFO:robo.solver.bayesian_optimization:Time to maximize the acquisition function: 0.147141
INFO:robo.solver.bayesian_optimization:Optimization overhead was 0.153865 seconds
INFO:robo.solver.bayesian_optimization:Next candidate [49.8576392  77.4523099   3.42618635  6.2215251  13.62154175 70.85261052
 51.90209491 16.63095316 63.88933484]
INFO:robo.solver.bayesian_optimization:Configuration achieved a performance of -9529.599493 
INFO:robo.solver.bayesian_optimization:Evaluation of this configuration took 0.000173 seconds
INFO:robo.solver.bayesian_optimization:Current incumbent [89.56302893 25.87601951 15.99434891  6.38448775 64.25954314 45.7782346
  6.77507418 39.22547423 97.08182222] with estimated performance -32324.962411
INFO:robo.solver.bayesian_optimization:Start iteration 39 ... 
INFO:robo.solver.bayesian_optimization:Train model...
INFO:robo.solver.bayesian_optimization:Time to train the model: 0.006821
INFO:robo.solver.bayesian_optimization:Maximize acquisition function...
INFO:robo.solver.bayesian_optimization:Time to maximize the acquisition function: 0.147985
INFO:robo.solver.bayesian_optimization:Optimization overhead was 0.155135 seconds
INFO:robo.solver.bayesian_optimization:Next candidate [74.11622136 35.13862249 26.00863954 80.34465516 99.0279238  98.2213003
  6.35521505 14.35405821  9.55924657]
INFO:robo.solver.bayesian_optimization:Configuration achieved a performance of 14416.157277 
INFO:robo.solver.bayesian_optimization:Evaluation of this configuration took 0.000176 seconds
INFO:robo.solver.bayesian_optimization:Current incumbent [89.56302893 25.87601951 15.99434891  6.38448775 64.25954314 45.7782346
  6.77507418 39.22547423 97.08182222] with estimated performance -32324.962411
INFO:robo.solver.bayesian_optimization:Start iteration 40 ... 
INFO:robo.solver.bayesian_optimization:Train model...
INFO:robo.solver.bayesian_optimization:Time to train the model: 0.007186
INFO:robo.solver.bayesian_optimization:Maximize acquisition function...
INFO:robo.solver.bayesian_optimization:Time to maximize the acquisition function: 0.149017
INFO:robo.solver.bayesian_optimization:Optimization overhead was 0.156536 seconds
INFO:robo.solver.bayesian_optimization:Next candidate [ 13.47477808  98.26594291   7.64006973  52.27763893  27.55599021
  47.97789235 103.03953022  13.58181522   8.14549251]
INFO:robo.solver.bayesian_optimization:Configuration achieved a performance of 312.302249 
INFO:robo.solver.bayesian_optimization:Evaluation of this configuration took 0.000180 seconds
INFO:robo.solver.bayesian_optimization:Current incumbent [89.56302893 25.87601951 15.99434891  6.38448775 64.25954314 45.7782346
  6.77507418 39.22547423 97.08182222] with estimated performance -32324.962411
INFO:robo.solver.bayesian_optimization:Start iteration 41 ... 
INFO:robo.solver.bayesian_optimization:Train model...
INFO:robo.solver.bayesian_optimization:Time to train the model: 0.006203
INFO:robo.solver.bayesian_optimization:Maximize acquisition function...
INFO:robo.solver.bayesian_optimization:Time to maximize the acquisition function: 0.152629
INFO:robo.solver.bayesian_optimization:Optimization overhead was 0.159185 seconds
INFO:robo.solver.bayesian_optimization:Next candidate [ 64.62399286  71.33676495  73.03590349  12.37739678 104.37287922
  76.4830212   15.96954163  21.67515299  76.5067822 ]
INFO:robo.solver.bayesian_optimization:Configuration achieved a performance of -13352.735630 
INFO:robo.solver.bayesian_optimization:Evaluation of this configuration took 0.000178 seconds
INFO:robo.solver.bayesian_optimization:Current incumbent [89.56302893 25.87601951 15.99434891  6.38448775 64.25954314 45.7782346
  6.77507418 39.22547423 97.08182222] with estimated performance -32324.962411
INFO:robo.solver.bayesian_optimization:Start iteration 42 ... 
INFO:robo.solver.bayesian_optimization:Train model...
INFO:robo.solver.bayesian_optimization:Time to train the model: 0.006598
INFO:robo.solver.bayesian_optimization:Maximize acquisition function...
INFO:robo.solver.bayesian_optimization:Time to maximize the acquisition function: 0.156335
INFO:robo.solver.bayesian_optimization:Optimization overhead was 0.163250 seconds
INFO:robo.solver.bayesian_optimization:Next candidate [ 72.46988711  60.00061719  38.24916244 101.90938755 104.37448743
  98.98299291 100.19445119  30.18708738  91.55357628]
INFO:robo.solver.bayesian_optimization:Configuration achieved a performance of -12709.984943 
INFO:robo.solver.bayesian_optimization:Evaluation of this configuration took 0.000178 seconds
INFO:robo.solver.bayesian_optimization:Current incumbent [89.56302893 25.87601951 15.99434891  6.38448775 64.25954314 45.7782346
  6.77507418 39.22547423 97.08182222] with estimated performance -32324.962411
INFO:robo.solver.bayesian_optimization:Start iteration 43 ... 
INFO:robo.solver.bayesian_optimization:Train model...
INFO:robo.solver.bayesian_optimization:Time to train the model: 0.008090
INFO:robo.solver.bayesian_optimization:Maximize acquisition function...
INFO:robo.solver.bayesian_optimization:Time to maximize the acquisition function: 0.164850
INFO:robo.solver.bayesian_optimization:Optimization overhead was 0.173321 seconds
INFO:robo.solver.bayesian_optimization:Next candidate [ 76.4160206   96.58203732  45.06357592   7.99241496 102.95684721
  96.86016864  21.77415115   3.10418356  69.95419889]
INFO:robo.solver.bayesian_optimization:Configuration achieved a performance of 2083.738114 
INFO:robo.solver.bayesian_optimization:Evaluation of this configuration took 0.000239 seconds
INFO:robo.solver.bayesian_optimization:Current incumbent [89.56302893 25.87601951 15.99434891  6.38448775 64.25954314 45.7782346
  6.77507418 39.22547423 97.08182222] with estimated performance -32324.962411
INFO:robo.solver.bayesian_optimization:Start iteration 44 ... 
INFO:robo.solver.bayesian_optimization:Train model...
INFO:robo.solver.bayesian_optimization:Time to train the model: 0.006475
INFO:robo.solver.bayesian_optimization:Maximize acquisition function...
INFO:robo.solver.bayesian_optimization:Time to maximize the acquisition function: 0.149922
INFO:robo.solver.bayesian_optimization:Optimization overhead was 0.156719 seconds
INFO:robo.solver.bayesian_optimization:Next candidate [ 74.85017483  46.70336792   8.6186331    6.04226953  63.41714149
  84.37423522 100.01053188  17.39058278  15.72813892]
INFO:robo.solver.bayesian_optimization:Configuration achieved a performance of -22640.552545 
INFO:robo.solver.bayesian_optimization:Evaluation of this configuration took 0.000176 seconds
INFO:robo.solver.bayesian_optimization:Current incumbent [89.56302893 25.87601951 15.99434891  6.38448775 64.25954314 45.7782346
  6.77507418 39.22547423 97.08182222] with estimated performance -32324.962411
INFO:robo.solver.bayesian_optimization:Start iteration 45 ... 
INFO:robo.solver.bayesian_optimization:Train model...
INFO:robo.solver.bayesian_optimization:Time to train the model: 0.006468
INFO:robo.solver.bayesian_optimization:Maximize acquisition function...
INFO:robo.solver.bayesian_optimization:Time to maximize the acquisition function: 0.151733
INFO:robo.solver.bayesian_optimization:Optimization overhead was 0.158499 seconds
INFO:robo.solver.bayesian_optimization:Next candidate [ 1.00232791 71.81523481  2.82322656 16.38638323 45.62290487 91.08739517
 31.10787093 48.52712511 40.8605194 ]
INFO:robo.solver.bayesian_optimization:Configuration achieved a performance of 0.003752 
INFO:robo.solver.bayesian_optimization:Evaluation of this configuration took 0.000177 seconds
INFO:robo.solver.bayesian_optimization:Current incumbent [89.56302893 25.87601951 15.99434891  6.38448775 64.25954314 45.7782346
  6.77507418 39.22547423 97.08182222] with estimated performance -32324.962411
INFO:robo.solver.bayesian_optimization:Start iteration 46 ... 
INFO:robo.solver.bayesian_optimization:Train model...
INFO:robo.solver.bayesian_optimization:Time to train the model: 0.006787
INFO:robo.solver.bayesian_optimization:Maximize acquisition function...
INFO:robo.solver.bayesian_optimization:Time to maximize the acquisition function: 0.162079
INFO:robo.solver.bayesian_optimization:Optimization overhead was 0.169159 seconds
INFO:robo.solver.bayesian_optimization:Next candidate [ 32.13618141  47.84662122  95.79588492   5.90524831  77.88206862
 101.62242079  20.45546758  76.38020628  98.14976739]
INFO:robo.solver.bayesian_optimization:Configuration achieved a performance of 3532.803774 
INFO:robo.solver.bayesian_optimization:Evaluation of this configuration took 0.000177 seconds
INFO:robo.solver.bayesian_optimization:Current incumbent [89.56302893 25.87601951 15.99434891  6.38448775 64.25954314 45.7782346
  6.77507418 39.22547423 97.08182222] with estimated performance -32324.962411
INFO:robo.solver.bayesian_optimization:Start iteration 47 ... 
INFO:robo.solver.bayesian_optimization:Train model...
INFO:robo.solver.bayesian_optimization:Time to train the model: 0.007074
INFO:robo.solver.bayesian_optimization:Maximize acquisition function...
INFO:robo.solver.bayesian_optimization:Time to maximize the acquisition function: 0.151172
INFO:robo.solver.bayesian_optimization:Optimization overhead was 0.158631 seconds
INFO:robo.solver.bayesian_optimization:Next candidate [ 85.33669443  39.2922061   95.41666308  10.24508915  99.26952228
  46.86033884  41.41536821 104.66467372  63.74678229]
INFO:robo.solver.bayesian_optimization:Configuration achieved a performance of -29449.743275 
INFO:robo.solver.bayesian_optimization:Evaluation of this configuration took 0.000198 seconds
INFO:robo.solver.bayesian_optimization:Current incumbent [89.56302893 25.87601951 15.99434891  6.38448775 64.25954314 45.7782346
  6.77507418 39.22547423 97.08182222] with estimated performance -32324.962411
INFO:robo.solver.bayesian_optimization:Start iteration 48 ... 
INFO:robo.solver.bayesian_optimization:Train model...
INFO:robo.solver.bayesian_optimization:Time to train the model: 0.006486
INFO:robo.solver.bayesian_optimization:Maximize acquisition function...
INFO:robo.solver.bayesian_optimization:Time to maximize the acquisition function: 0.147214
INFO:robo.solver.bayesian_optimization:Optimization overhead was 0.154001 seconds
INFO:robo.solver.bayesian_optimization:Next candidate [86.44914195 92.13376677  4.5348043  15.11207215 13.05177785 93.65061864
 67.11372124 45.63812152 15.8117407 ]
INFO:robo.solver.bayesian_optimization:Configuration achieved a performance of 29815.878133 
INFO:robo.solver.bayesian_optimization:Evaluation of this configuration took 0.000174 seconds
INFO:robo.solver.bayesian_optimization:Current incumbent [89.56302893 25.87601951 15.99434891  6.38448775 64.25954314 45.7782346
  6.77507418 39.22547423 97.08182222] with estimated performance -32324.962411
INFO:robo.solver.bayesian_optimization:Start iteration 49 ... 
INFO:robo.solver.bayesian_optimization:Train model...
INFO:robo.solver.bayesian_optimization:Time to train the model: 0.006647
INFO:robo.solver.bayesian_optimization:Maximize acquisition function...
INFO:robo.solver.bayesian_optimization:Time to maximize the acquisition function: 0.162382
INFO:robo.solver.bayesian_optimization:Optimization overhead was 0.169390 seconds
INFO:robo.solver.bayesian_optimization:Next candidate [ 10.45880788  92.81929642  11.03987049   3.84369051  78.72672277
 102.93308392  90.19706949  10.07328872  98.29377249]
INFO:robo.solver.bayesian_optimization:Configuration achieved a performance of -18.616101 
INFO:robo.solver.bayesian_optimization:Evaluation of this configuration took 0.000220 seconds
INFO:robo.solver.bayesian_optimization:Current incumbent [89.56302893 25.87601951 15.99434891  6.38448775 64.25954314 45.7782346
  6.77507418 39.22547423 97.08182222] with estimated performance -32324.962411
INFO:robo.solver.bayesian_optimization:Start iteration 50 ... 
INFO:robo.solver.bayesian_optimization:Train model...
INFO:robo.solver.bayesian_optimization:Time to train the model: 0.007477
INFO:robo.solver.bayesian_optimization:Maximize acquisition function...
INFO:robo.solver.bayesian_optimization:Time to maximize the acquisition function: 0.149664
INFO:robo.solver.bayesian_optimization:Optimization overhead was 0.157450 seconds
INFO:robo.solver.bayesian_optimization:Next candidate [ 83.27115484  23.84823382   6.2071203   89.51565014  96.20246742
  85.05165968 100.09652904  12.75849893  83.4153104 ]
INFO:robo.solver.bayesian_optimization:Configuration achieved a performance of -28016.093861 
INFO:robo.solver.bayesian_optimization:Evaluation of this configuration took 0.000177 seconds
INFO:robo.solver.bayesian_optimization:Current incumbent [89.56302893 25.87601951 15.99434891  6.38448775 64.25954314 45.7782346
  6.77507418 39.22547423 97.08182222] with estimated performance -32324.962411
INFO:robo.solver.bayesian_optimization:Start iteration 51 ... 
INFO:robo.solver.bayesian_optimization:Train model...
INFO:robo.solver.bayesian_optimization:Time to train the model: 0.007451
INFO:robo.solver.bayesian_optimization:Maximize acquisition function...
INFO:robo.solver.bayesian_optimization:Time to maximize the acquisition function: 0.155633
INFO:robo.solver.bayesian_optimization:Optimization overhead was 0.163398 seconds
INFO:robo.solver.bayesian_optimization:Next candidate [91.19612149 42.93826421 15.71512937 11.91192108 71.70828725 72.49628608
  5.43888378 24.71725033 85.02707396]
INFO:robo.solver.bayesian_optimization:Configuration achieved a performance of -8962.137771 
INFO:robo.solver.bayesian_optimization:Evaluation of this configuration took 0.000182 seconds
INFO:robo.solver.bayesian_optimization:Current incumbent [89.56302893 25.87601951 15.99434891  6.38448775 64.25954314 45.7782346
  6.77507418 39.22547423 97.08182222] with estimated performance -32324.962411
INFO:robo.solver.bayesian_optimization:Start iteration 52 ... 
INFO:robo.solver.bayesian_optimization:Train model...
INFO:robo.solver.bayesian_optimization:Time to train the model: 0.006964
INFO:robo.solver.bayesian_optimization:Maximize acquisition function...
INFO:robo.solver.bayesian_optimization:Time to maximize the acquisition function: 0.150829
INFO:robo.solver.bayesian_optimization:Optimization overhead was 0.158110 seconds
INFO:robo.solver.bayesian_optimization:Next candidate [79.45027925 68.08692259  6.71589673 78.34326397  4.85070664 36.47197997
 92.24292972  3.39563626 75.96324173]
INFO:robo.solver.bayesian_optimization:Configuration achieved a performance of -10192.910795 
INFO:robo.solver.bayesian_optimization:Evaluation of this configuration took 0.000217 seconds
INFO:robo.solver.bayesian_optimization:Current incumbent [89.56302893 25.87601951 15.99434891  6.38448775 64.25954314 45.7782346
  6.77507418 39.22547423 97.08182222] with estimated performance -32324.962411
INFO:robo.solver.bayesian_optimization:Start iteration 53 ... 
INFO:robo.solver.bayesian_optimization:Train model...
INFO:robo.solver.bayesian_optimization:Time to train the model: 0.007634
INFO:robo.solver.bayesian_optimization:Maximize acquisition function...
INFO:robo.solver.bayesian_optimization:Time to maximize the acquisition function: 0.146968
INFO:robo.solver.bayesian_optimization:Optimization overhead was 0.155093 seconds
INFO:robo.solver.bayesian_optimization:Next candidate [ 59.27662538  21.88860527  89.80988769 103.07094488  41.46237215
 100.25917389  95.76131477  65.16009667 102.15659809]
INFO:robo.solver.bayesian_optimization:Configuration achieved a performance of 13513.753145 
INFO:robo.solver.bayesian_optimization:Evaluation of this configuration took 0.000435 seconds
INFO:robo.solver.bayesian_optimization:Current incumbent [89.56302893 25.87601951 15.99434891  6.38448775 64.25954314 45.7782346
  6.77507418 39.22547423 97.08182222] with estimated performance -32324.962411
INFO:robo.solver.bayesian_optimization:Start iteration 54 ... 
INFO:robo.solver.bayesian_optimization:Train model...
INFO:robo.solver.bayesian_optimization:Time to train the model: 0.006601
INFO:robo.solver.bayesian_optimization:Maximize acquisition function...
INFO:robo.solver.bayesian_optimization:Time to maximize the acquisition function: 0.149496
INFO:robo.solver.bayesian_optimization:Optimization overhead was 0.156410 seconds
INFO:robo.solver.bayesian_optimization:Next candidate [ 51.42146582  83.96587969  79.82287919   9.85055276  74.55480649
  14.04365886  39.69258915 104.40760989  30.6061362 ]
INFO:robo.solver.bayesian_optimization:Configuration achieved a performance of -3454.202658 
INFO:robo.solver.bayesian_optimization:Evaluation of this configuration took 0.000175 seconds
INFO:robo.solver.bayesian_optimization:Current incumbent [89.56302893 25.87601951 15.99434891  6.38448775 64.25954314 45.7782346
  6.77507418 39.22547423 97.08182222] with estimated performance -32324.962411
INFO:robo.solver.bayesian_optimization:Start iteration 55 ... 
INFO:robo.solver.bayesian_optimization:Train model...
INFO:robo.solver.bayesian_optimization:Time to train the model: 0.007898
INFO:robo.solver.bayesian_optimization:Maximize acquisition function...
INFO:robo.solver.bayesian_optimization:Time to maximize the acquisition function: 0.148069
INFO:robo.solver.bayesian_optimization:Optimization overhead was 0.156563 seconds
INFO:robo.solver.bayesian_optimization:Next candidate [92.53116227 62.72498802 94.85068249 76.64567953 83.48496854 99.40451536
 83.89726344  4.59217348  9.43992736]
INFO:robo.solver.bayesian_optimization:Configuration achieved a performance of 31350.924332 
INFO:robo.solver.bayesian_optimization:Evaluation of this configuration took 0.000194 seconds
INFO:robo.solver.bayesian_optimization:Current incumbent [89.56302893 25.87601951 15.99434891  6.38448775 64.25954314 45.7782346
  6.77507418 39.22547423 97.08182222] with estimated performance -32324.962411
INFO:robo.solver.bayesian_optimization:Start iteration 56 ... 
INFO:robo.solver.bayesian_optimization:Train model...
INFO:robo.solver.bayesian_optimization:Time to train the model: 0.006825
INFO:robo.solver.bayesian_optimization:Maximize acquisition function...
INFO:robo.solver.bayesian_optimization:Time to maximize the acquisition function: 0.156503
INFO:robo.solver.bayesian_optimization:Optimization overhead was 0.163721 seconds
INFO:robo.solver.bayesian_optimization:Next candidate [ 56.04241767  85.68302041  55.87878485  21.33604538 101.79694264
  66.35275546  50.50936283  84.69462757   5.83753127]
INFO:robo.solver.bayesian_optimization:Configuration achieved a performance of -12761.875827 
INFO:robo.solver.bayesian_optimization:Evaluation of this configuration took 0.000250 seconds
INFO:robo.solver.bayesian_optimization:Current incumbent [89.56302893 25.87601951 15.99434891  6.38448775 64.25954314 45.7782346
  6.77507418 39.22547423 97.08182222] with estimated performance -32324.962411
INFO:robo.solver.bayesian_optimization:Start iteration 57 ... 
INFO:robo.solver.bayesian_optimization:Train model...
INFO:robo.solver.bayesian_optimization:Time to train the model: 0.006804
INFO:robo.solver.bayesian_optimization:Maximize acquisition function...
INFO:robo.solver.bayesian_optimization:Time to maximize the acquisition function: 0.149033
INFO:robo.solver.bayesian_optimization:Optimization overhead was 0.156141 seconds
INFO:robo.solver.bayesian_optimization:Next candidate [16.39085138 95.21805926 30.71920043 17.73606221 88.62785357 53.77814039
 27.41225429 37.79016544  2.29723424]
INFO:robo.solver.bayesian_optimization:Configuration achieved a performance of -1005.371078 
INFO:robo.solver.bayesian_optimization:Evaluation of this configuration took 0.000240 seconds
INFO:robo.solver.bayesian_optimization:Current incumbent [89.56302893 25.87601951 15.99434891  6.38448775 64.25954314 45.7782346
  6.77507418 39.22547423 97.08182222] with estimated performance -32324.962411
INFO:robo.solver.bayesian_optimization:Start iteration 58 ... 
INFO:robo.solver.bayesian_optimization:Train model...
INFO:robo.solver.bayesian_optimization:Time to train the model: 0.006953
INFO:robo.solver.bayesian_optimization:Maximize acquisition function...
INFO:robo.solver.bayesian_optimization:Time to maximize the acquisition function: 0.149071
INFO:robo.solver.bayesian_optimization:Optimization overhead was 0.156397 seconds
INFO:robo.solver.bayesian_optimization:Next candidate [46.09722702 90.86612097 13.11264221  6.20091249 97.94844845 92.04519503
  9.99904245 26.9572136  32.38634686]
INFO:robo.solver.bayesian_optimization:Configuration achieved a performance of 534.153620 
INFO:robo.solver.bayesian_optimization:Evaluation of this configuration took 0.000218 seconds
INFO:robo.solver.bayesian_optimization:Current incumbent [89.56302893 25.87601951 15.99434891  6.38448775 64.25954314 45.7782346
  6.77507418 39.22547423 97.08182222] with estimated performance -32324.962411
INFO:robo.solver.bayesian_optimization:Start iteration 59 ... 
INFO:robo.solver.bayesian_optimization:Train model...
INFO:robo.solver.bayesian_optimization:Time to train the model: 0.007187
INFO:robo.solver.bayesian_optimization:Maximize acquisition function...
INFO:robo.solver.bayesian_optimization:Time to maximize the acquisition function: 0.167412
INFO:robo.solver.bayesian_optimization:Optimization overhead was 0.174966 seconds
INFO:robo.solver.bayesian_optimization:Next candidate [93.92681323 65.67392253  6.20144671 86.22957842 71.70577902 77.32025813
 83.74267137  9.26979009 22.95644333]
INFO:robo.solver.bayesian_optimization:Configuration achieved a performance of -29268.825316 
INFO:robo.solver.bayesian_optimization:Evaluation of this configuration took 0.000202 seconds
INFO:robo.solver.bayesian_optimization:Current incumbent [89.56302893 25.87601951 15.99434891  6.38448775 64.25954314 45.7782346
  6.77507418 39.22547423 97.08182222] with estimated performance -32324.962411
INFO:robo.solver.bayesian_optimization:Start iteration 60 ... 
INFO:robo.solver.bayesian_optimization:Train model...
INFO:robo.solver.bayesian_optimization:Time to train the model: 0.007541
INFO:robo.solver.bayesian_optimization:Maximize acquisition function...
INFO:robo.solver.bayesian_optimization:Time to maximize the acquisition function: 0.164210
INFO:robo.solver.bayesian_optimization:Optimization overhead was 0.172085 seconds
INFO:robo.solver.bayesian_optimization:Next candidate [72.81886513 89.15445484 30.87858852 61.28604143 73.44920041 82.0835126
 40.96741768 25.65876076 34.4629091 ]
INFO:robo.solver.bayesian_optimization:Configuration achieved a performance of -21349.410727 
INFO:robo.solver.bayesian_optimization:Evaluation of this configuration took 0.000175 seconds
INFO:robo.solver.bayesian_optimization:Current incumbent [89.56302893 25.87601951 15.99434891  6.38448775 64.25954314 45.7782346
  6.77507418 39.22547423 97.08182222] with estimated performance -32324.962411
INFO:robo.solver.bayesian_optimization:Start iteration 61 ... 
INFO:robo.solver.bayesian_optimization:Train model...
INFO:robo.solver.bayesian_optimization:Time to train the model: 0.007007
INFO:robo.solver.bayesian_optimization:Maximize acquisition function...
INFO:robo.solver.bayesian_optimization:Time to maximize the acquisition function: 0.156522
INFO:robo.solver.bayesian_optimization:Optimization overhead was 0.163832 seconds
INFO:robo.solver.bayesian_optimization:Next candidate [93.49463089 60.16198655 21.31079929 15.48735532 91.79109547 80.90009788
 82.65485383 28.17116154 37.37077757]
INFO:robo.solver.bayesian_optimization:Configuration achieved a performance of -27279.203904 
INFO:robo.solver.bayesian_optimization:Evaluation of this configuration took 0.000175 seconds
INFO:robo.solver.bayesian_optimization:Current incumbent [89.56302893 25.87601951 15.99434891  6.38448775 64.25954314 45.7782346
  6.77507418 39.22547423 97.08182222] with estimated performance -32324.962411
INFO:robo.solver.bayesian_optimization:Start iteration 62 ... 
INFO:robo.solver.bayesian_optimization:Train model...
INFO:robo.solver.bayesian_optimization:Time to train the model: 0.008056
INFO:robo.solver.bayesian_optimization:Maximize acquisition function...
INFO:robo.solver.bayesian_optimization:Time to maximize the acquisition function: 0.151416
INFO:robo.solver.bayesian_optimization:Optimization overhead was 0.160442 seconds
INFO:robo.solver.bayesian_optimization:Next candidate [ 19.50720416  73.92047455  95.85150077  82.47169116  34.81947849
  17.79781231 102.28255451  54.3306653   83.86890907]
INFO:robo.solver.bayesian_optimization:Configuration achieved a performance of 1465.134500 
INFO:robo.solver.bayesian_optimization:Evaluation of this configuration took 0.000209 seconds
INFO:robo.solver.bayesian_optimization:Current incumbent [89.56302893 25.87601951 15.99434891  6.38448775 64.25954314 45.7782346
  6.77507418 39.22547423 97.08182222] with estimated performance -32324.962411
INFO:robo.solver.bayesian_optimization:Start iteration 63 ... 
INFO:robo.solver.bayesian_optimization:Train model...
INFO:robo.solver.bayesian_optimization:Time to train the model: 0.007573
INFO:robo.solver.bayesian_optimization:Maximize acquisition function...
INFO:robo.solver.bayesian_optimization:Time to maximize the acquisition function: 0.149939
INFO:robo.solver.bayesian_optimization:Optimization overhead was 0.157829 seconds
INFO:robo.solver.bayesian_optimization:Next candidate [ 63.84898885  45.9663793   22.40983166  31.39600507 103.05633668
  73.28554212  88.83000323  21.44054636  26.41333392]
INFO:robo.solver.bayesian_optimization:Configuration achieved a performance of 1490.920321 
INFO:robo.solver.bayesian_optimization:Evaluation of this configuration took 0.000176 seconds
INFO:robo.solver.bayesian_optimization:Current incumbent [89.56302893 25.87601951 15.99434891  6.38448775 64.25954314 45.7782346
  6.77507418 39.22547423 97.08182222] with estimated performance -32324.962411
INFO:robo.solver.bayesian_optimization:Start iteration 64 ... 
INFO:robo.solver.bayesian_optimization:Train model...
INFO:robo.solver.bayesian_optimization:Time to train the model: 0.007281
INFO:robo.solver.bayesian_optimization:Maximize acquisition function...
INFO:robo.solver.bayesian_optimization:Time to maximize the acquisition function: 0.149542
INFO:robo.solver.bayesian_optimization:Optimization overhead was 0.157112 seconds
INFO:robo.solver.bayesian_optimization:Next candidate [ 64.03380714  79.21306818  18.79133002  36.87397277  35.64891564
  67.28349211  86.71499948  21.26095112 102.84294195]
INFO:robo.solver.bayesian_optimization:Configuration achieved a performance of -7455.120503 
INFO:robo.solver.bayesian_optimization:Evaluation of this configuration took 0.000252 seconds
INFO:robo.solver.bayesian_optimization:Current incumbent [89.56302893 25.87601951 15.99434891  6.38448775 64.25954314 45.7782346
  6.77507418 39.22547423 97.08182222] with estimated performance -32324.962411
INFO:robo.solver.bayesian_optimization:Start iteration 65 ... 
INFO:robo.solver.bayesian_optimization:Train model...
INFO:robo.solver.bayesian_optimization:Time to train the model: 0.008372
INFO:robo.solver.bayesian_optimization:Maximize acquisition function...
INFO:robo.solver.bayesian_optimization:Time to maximize the acquisition function: 0.151817
INFO:robo.solver.bayesian_optimization:Optimization overhead was 0.160555 seconds
INFO:robo.solver.bayesian_optimization:Next candidate [79.15152551 55.05165629  1.52393196 42.02803943 94.77587787 87.48401046
 95.88952998 89.71142145 25.27608279]
INFO:robo.solver.bayesian_optimization:Configuration achieved a performance of -24487.350827 
INFO:robo.solver.bayesian_optimization:Evaluation of this configuration took 0.000175 seconds
INFO:robo.solver.bayesian_optimization:Current incumbent [89.56302893 25.87601951 15.99434891  6.38448775 64.25954314 45.7782346
  6.77507418 39.22547423 97.08182222] with estimated performance -32324.962411
INFO:robo.solver.bayesian_optimization:Start iteration 66 ... 
INFO:robo.solver.bayesian_optimization:Train model...
INFO:robo.solver.bayesian_optimization:Time to train the model: 0.007776
INFO:robo.solver.bayesian_optimization:Maximize acquisition function...
INFO:robo.solver.bayesian_optimization:Time to maximize the acquisition function: 0.157964
INFO:robo.solver.bayesian_optimization:Optimization overhead was 0.166036 seconds
INFO:robo.solver.bayesian_optimization:Next candidate [80.06405885 70.41871223  1.40768378 66.72575609 42.95551496 79.87155384
 45.45006945 24.79975597 45.33716933]
INFO:robo.solver.bayesian_optimization:Configuration achieved a performance of 25700.568020 
INFO:robo.solver.bayesian_optimization:Evaluation of this configuration took 0.000177 seconds
INFO:robo.solver.bayesian_optimization:Current incumbent [89.56302893 25.87601951 15.99434891  6.38448775 64.25954314 45.7782346
  6.77507418 39.22547423 97.08182222] with estimated performance -32324.962411
INFO:robo.solver.bayesian_optimization:Start iteration 67 ... 
INFO:robo.solver.bayesian_optimization:Train model...
INFO:robo.solver.bayesian_optimization:Time to train the model: 0.007596
INFO:robo.solver.bayesian_optimization:Maximize acquisition function...
INFO:robo.solver.bayesian_optimization:Time to maximize the acquisition function: 0.155613
INFO:robo.solver.bayesian_optimization:Optimization overhead was 0.163558 seconds
INFO:robo.solver.bayesian_optimization:Next candidate [75.80449535 63.7199761  77.42846959  4.13145    45.23937271 84.33452828
 24.53809153 49.12384842 30.77249401]
INFO:robo.solver.bayesian_optimization:Configuration achieved a performance of 21853.210628 
INFO:robo.solver.bayesian_optimization:Evaluation of this configuration took 0.000175 seconds
INFO:robo.solver.bayesian_optimization:Current incumbent [89.56302893 25.87601951 15.99434891  6.38448775 64.25954314 45.7782346
  6.77507418 39.22547423 97.08182222] with estimated performance -32324.962411
INFO:robo.solver.bayesian_optimization:Start iteration 68 ... 
INFO:robo.solver.bayesian_optimization:Train model...
INFO:robo.solver.bayesian_optimization:Time to train the model: 0.007525
INFO:robo.solver.bayesian_optimization:Maximize acquisition function...
INFO:robo.solver.bayesian_optimization:Time to maximize the acquisition function: 0.148505
INFO:robo.solver.bayesian_optimization:Optimization overhead was 0.156342 seconds
INFO:robo.solver.bayesian_optimization:Next candidate [51.22833677 98.06612123 38.35967302 69.48849383 68.07023228 76.57041682
 88.43021563 89.69255962 10.98738496]
INFO:robo.solver.bayesian_optimization:Configuration achieved a performance of 2677.189166 
INFO:robo.solver.bayesian_optimization:Evaluation of this configuration took 0.000174 seconds
INFO:robo.solver.bayesian_optimization:Current incumbent [89.56302893 25.87601951 15.99434891  6.38448775 64.25954314 45.7782346
  6.77507418 39.22547423 97.08182222] with estimated performance -32324.962411
INFO:robo.solver.bayesian_optimization:Start iteration 69 ... 
INFO:robo.solver.bayesian_optimization:Train model...
INFO:robo.solver.bayesian_optimization:Time to train the model: 0.008138
INFO:robo.solver.bayesian_optimization:Maximize acquisition function...
INFO:robo.solver.bayesian_optimization:Time to maximize the acquisition function: 0.160248
INFO:robo.solver.bayesian_optimization:Optimization overhead was 0.168752 seconds
INFO:robo.solver.bayesian_optimization:Next candidate [86.01644969 60.49512828 18.57830369 24.28036737 94.11599259 91.79865237
 30.70799473 69.25128773 31.05402372]
INFO:robo.solver.bayesian_optimization:Configuration achieved a performance of 12715.137539 
INFO:robo.solver.bayesian_optimization:Evaluation of this configuration took 0.000175 seconds
INFO:robo.solver.bayesian_optimization:Current incumbent [89.56302893 25.87601951 15.99434891  6.38448775 64.25954314 45.7782346
  6.77507418 39.22547423 97.08182222] with estimated performance -32324.962411
INFO:robo.solver.bayesian_optimization:Start iteration 70 ... 
INFO:robo.solver.bayesian_optimization:Train model...
INFO:robo.solver.bayesian_optimization:Time to train the model: 0.007885
INFO:robo.solver.bayesian_optimization:Maximize acquisition function...
INFO:robo.solver.bayesian_optimization:Time to maximize the acquisition function: 0.151784
INFO:robo.solver.bayesian_optimization:Optimization overhead was 0.159982 seconds
INFO:robo.solver.bayesian_optimization:Next candidate [80.3299749  88.04404888 22.21600387 67.78176642 95.36737222 80.74501614
 76.6837595  14.48033107 33.24481927]
INFO:robo.solver.bayesian_optimization:Configuration achieved a performance of 20669.107971 
INFO:robo.solver.bayesian_optimization:Evaluation of this configuration took 0.000174 seconds
INFO:robo.solver.bayesian_optimization:Current incumbent [89.56302893 25.87601951 15.99434891  6.38448775 64.25954314 45.7782346
  6.77507418 39.22547423 97.08182222] with estimated performance -32324.962411
INFO:robo.solver.bayesian_optimization:Start iteration 71 ... 
INFO:robo.solver.bayesian_optimization:Train model...
INFO:robo.solver.bayesian_optimization:Time to train the model: 0.007848
INFO:robo.solver.bayesian_optimization:Maximize acquisition function...
INFO:robo.solver.bayesian_optimization:Time to maximize the acquisition function: 0.150051
INFO:robo.solver.bayesian_optimization:Optimization overhead was 0.158254 seconds
INFO:robo.solver.bayesian_optimization:Next candidate [90.97771524 60.48512115 15.89459068 91.75622485 29.60769615 74.59971445
 89.10375591 12.51880002 16.8117694 ]
INFO:robo.solver.bayesian_optimization:Configuration achieved a performance of 12580.468751 
INFO:robo.solver.bayesian_optimization:Evaluation of this configuration took 0.000177 seconds
INFO:robo.solver.bayesian_optimization:Current incumbent [89.56302893 25.87601951 15.99434891  6.38448775 64.25954314 45.7782346
  6.77507418 39.22547423 97.08182222] with estimated performance -32324.962411
INFO:robo.solver.bayesian_optimization:Start iteration 72 ... 
INFO:robo.solver.bayesian_optimization:Train model...
INFO:robo.solver.bayesian_optimization:Time to train the model: 0.007764
INFO:robo.solver.bayesian_optimization:Maximize acquisition function...
