DEBUG:robo.models.gaussian_process:GP Hyperparameters: [-1.5040774   0.          0.          0.          0.          0.
  0.          0.          0.          0.         -6.90775528]
INFO:robo.solver.bayesian_optimization:Evaluate: [ 18.44409682 102.1272797   56.38515001  51.53440031   8.30101276
  59.34017258  91.08902928  29.50799435  72.68623295]
DEBUG:robo.models.gaussian_process:GP Hyperparameters: [-1.5040774   2.91474436  4.62621988  4.03220583  3.94224955  2.11637753
  4.08328652  4.51183737  3.38466122  4.286152   -6.90775528]
DEBUG:objective_function:F-score: 0.20534188034188033
INFO:robo.solver.bayesian_optimization:Configuration achieved a performance of 0.205342 in 0.017607 seconds
INFO:robo.solver.bayesian_optimization:Evaluate: [ 74.52371498  28.6167808   88.68746746 100.04843329  48.1422717
   9.81735022  11.87041213  85.71635581  33.79397562]
DEBUG:robo.models.gaussian_process:GP Hyperparameters: [-1.5040774   4.3111174   3.35399329  4.48511859  4.6056544   3.87416062
  2.28415125  2.47404893  4.45104366  3.52028255 -6.90775528]
DEBUG:objective_function:F-score: 0.18716409640779386
INFO:robo.solver.bayesian_optimization:Configuration achieved a performance of 0.187164 in 0.025933 seconds
INFO:robo.solver.bayesian_optimization:Evaluate: [54.67386262 37.54425336 17.61924301 31.43996159 75.44082061 77.39955788
 35.88498309 49.11704805 44.36342022]
DEBUG:robo.models.gaussian_process:GP Hyperparameters: [-1.5040774   4.00138576  3.62552033  2.86899166  3.44807975  4.32334852
  4.34898107  3.58031891  3.89420619  3.79241526 -6.90775528]
DEBUG:objective_function:F-score: 0.21850740296118445
INFO:robo.solver.bayesian_optimization:Configuration achieved a performance of 0.218507 in 0.025422 seconds
INFO:robo.solver.bayesian_optimization:Start iteration 3 ... 
INFO:robo.solver.bayesian_optimization:Train model...
DEBUG:robo.models.gaussian_process:GP Hyperparameters: [-1.5040774   0.          0.          0.          0.          0.
  0.          0.          0.          0.         -6.90775528]
INFO:robo.solver.bayesian_optimization:Time to train the model: 0.007901
INFO:robo.solver.bayesian_optimization:Maximize acquisition function...
INFO:robo.solver.bayesian_optimization:Time to maximize the acquisition function: 0.151629
INFO:robo.solver.bayesian_optimization:Optimization overhead was 0.159987 seconds
INFO:robo.solver.bayesian_optimization:Next candidate [  3.82341558   4.09980143  92.25638824  91.67848127  21.09849988
 100.20245877 100.66262486 102.85663445  74.93492246]
DEBUG:robo.models.gaussian_process:GP Hyperparameters: [-1.5040774   1.34114415  1.41093854  4.52457153  4.51828769  3.04920194
  4.60719273  4.61177458  4.63333612  4.31662004 -6.90775528]
DEBUG:objective_function:F-score: 0.13020833333333331
INFO:robo.solver.bayesian_optimization:Configuration achieved a performance of 0.130208 
INFO:robo.solver.bayesian_optimization:Evaluation of this configuration took 0.010925 seconds
INFO:robo.solver.bayesian_optimization:Current incumbent [  3.82341558   4.09980143  92.25638824  91.67848127  21.09849988
 100.20245877 100.66262486 102.85663445  74.93492246] with estimated performance 0.130208
INFO:robo.solver.bayesian_optimization:Start iteration 4 ... 
INFO:robo.solver.bayesian_optimization:Train model...
DEBUG:robo.models.gaussian_process:GP Hyperparameters: [-1.5040774   0.          0.          0.          0.          0.
  0.          0.          0.          0.         -6.90775528]
INFO:robo.solver.bayesian_optimization:Time to train the model: 0.005578
INFO:robo.solver.bayesian_optimization:Maximize acquisition function...
INFO:robo.solver.bayesian_optimization:Time to maximize the acquisition function: 0.142348
INFO:robo.solver.bayesian_optimization:Optimization overhead was 0.148184 seconds
INFO:robo.solver.bayesian_optimization:Next candidate [ 10.17985662  48.47452679  16.48905561  59.61471542 103.20193166
   8.58560126 102.37652577  96.9208967    4.60409249]
DEBUG:robo.models.gaussian_process:GP Hyperparameters: [-1.5040774   2.32041093  3.88103844  2.80269686  4.08790245  4.63668757
  2.15008653  4.62865745  4.57389515  1.52694558 -6.90775528]
DEBUG:objective_function:F-score: 0.2297662654805512
INFO:robo.solver.bayesian_optimization:Configuration achieved a performance of 0.229766 
INFO:robo.solver.bayesian_optimization:Evaluation of this configuration took 0.011731 seconds
INFO:robo.solver.bayesian_optimization:Current incumbent [  3.82341558   4.09980143  92.25638824  91.67848127  21.09849988
 100.20245877 100.66262486 102.85663445  74.93492246] with estimated performance 0.130208
INFO:robo.solver.bayesian_optimization:Start iteration 5 ... 
INFO:robo.solver.bayesian_optimization:Train model...
DEBUG:robo.models.gaussian_process:GP Hyperparameters: [-1.5040774   0.          0.          0.          0.          0.
  0.          0.          0.          0.         -6.90775528]
INFO:robo.solver.bayesian_optimization:Time to train the model: 0.006335
INFO:robo.solver.bayesian_optimization:Maximize acquisition function...
INFO:robo.solver.bayesian_optimization:Time to maximize the acquisition function: 0.159852
INFO:robo.solver.bayesian_optimization:Optimization overhead was 0.166500 seconds
INFO:robo.solver.bayesian_optimization:Next candidate [ 92.39281508  68.64164285  21.92798951 101.18531564  20.53591959
   3.05952829  97.77464561  52.57326383 103.4646775 ]
DEBUG:robo.models.gaussian_process:GP Hyperparameters: [-1.5040774   4.52604922  4.22889939  3.08776388  4.61695364  3.02217553
  1.11826075  4.5826653   3.9622077   4.63923027 -6.90775528]
DEBUG:objective_function:F-score: 0.10885824701614176
INFO:robo.solver.bayesian_optimization:Configuration achieved a performance of 0.108858 
INFO:robo.solver.bayesian_optimization:Evaluation of this configuration took 0.056139 seconds
INFO:robo.solver.bayesian_optimization:Current incumbent [ 92.39281508  68.64164285  21.92798951 101.18531564  20.53591959
   3.05952829  97.77464561  52.57326383 103.4646775 ] with estimated performance 0.108858
INFO:robo.solver.bayesian_optimization:Start iteration 6 ... 
INFO:robo.solver.bayesian_optimization:Train model...
DEBUG:robo.models.gaussian_process:GP Hyperparameters: [-1.5040774   0.          0.          0.          0.          0.
  0.          0.          0.          0.         -6.90775528]
INFO:robo.solver.bayesian_optimization:Time to train the model: 0.007024
INFO:robo.solver.bayesian_optimization:Maximize acquisition function...
INFO:robo.solver.bayesian_optimization:Time to maximize the acquisition function: 0.148792
INFO:robo.solver.bayesian_optimization:Optimization overhead was 0.156085 seconds
INFO:robo.solver.bayesian_optimization:Next candidate [30.34866093 13.25835824 82.770746    2.48591387 27.16057346 13.81657096
  6.8207964  16.02276566 76.52431502]
DEBUG:robo.models.gaussian_process:GP Hyperparameters: [-1.5040774   3.4127524   2.58462816  4.41607469  0.91064035  3.30176642
  2.62586867  1.91997624  2.77401056  4.33760853 -6.90775528]
DEBUG:objective_function:F-score: 0.17675070028011206
INFO:robo.solver.bayesian_optimization:Configuration achieved a performance of 0.176751 
INFO:robo.solver.bayesian_optimization:Evaluation of this configuration took 0.009784 seconds
INFO:robo.solver.bayesian_optimization:Current incumbent [ 92.39281508  68.64164285  21.92798951 101.18531564  20.53591959
   3.05952829  97.77464561  52.57326383 103.4646775 ] with estimated performance 0.108858
INFO:robo.solver.bayesian_optimization:Start iteration 7 ... 
INFO:robo.solver.bayesian_optimization:Train model...
DEBUG:robo.models.gaussian_process:GP Hyperparameters: [-1.5040774   0.          0.          0.          0.          0.
  0.          0.          0.          0.         -6.90775528]
INFO:robo.solver.bayesian_optimization:Time to train the model: 0.006492
INFO:robo.solver.bayesian_optimization:Maximize acquisition function...
INFO:robo.solver.bayesian_optimization:Time to maximize the acquisition function: 0.146543
INFO:robo.solver.bayesian_optimization:Optimization overhead was 0.153297 seconds
INFO:robo.solver.bayesian_optimization:Next candidate [ 55.17854582  97.53557431  27.49052044  94.86400861 104.81163265
 100.11064039 101.24952213 104.79623683  99.13982257]
DEBUG:robo.models.gaussian_process:GP Hyperparameters: [-1.5040774   4.01057422  4.58021718  3.31384123  4.55244438  4.65216476
  4.60627598  4.61758799  4.65201786  4.5965312  -6.90775528]
DEBUG:objective_function:F-score: 0.2650386650386651
INFO:robo.solver.bayesian_optimization:Configuration achieved a performance of 0.265039 
INFO:robo.solver.bayesian_optimization:Evaluation of this configuration took 0.011969 seconds
INFO:robo.solver.bayesian_optimization:Current incumbent [ 92.39281508  68.64164285  21.92798951 101.18531564  20.53591959
   3.05952829  97.77464561  52.57326383 103.4646775 ] with estimated performance 0.108858
INFO:robo.solver.bayesian_optimization:Start iteration 8 ... 
INFO:robo.solver.bayesian_optimization:Train model...
DEBUG:robo.models.gaussian_process:GP Hyperparameters: [-1.5040774   0.          0.          0.          0.          0.
  0.          0.          0.          0.         -6.90775528]
INFO:robo.solver.bayesian_optimization:Time to train the model: 0.005889
INFO:robo.solver.bayesian_optimization:Maximize acquisition function...
INFO:robo.solver.bayesian_optimization:Time to maximize the acquisition function: 0.148382
INFO:robo.solver.bayesian_optimization:Optimization overhead was 0.154525 seconds
INFO:robo.solver.bayesian_optimization:Next candidate [ 92.47721416   3.10940895  67.25696587  74.31051359  33.47794922
  89.05845345 103.80322441   2.18969752  86.77705   ]
DEBUG:robo.models.gaussian_process:GP Hyperparameters: [-1.5040774   4.52696228  1.13443266  4.20852059  4.30825244  3.51088699
  4.48929293  4.64249703  0.78376341  4.46334219 -6.90775528]
DEBUG:objective_function:F-score: 0.23930905695611576
INFO:robo.solver.bayesian_optimization:Configuration achieved a performance of 0.239309 
INFO:robo.solver.bayesian_optimization:Evaluation of this configuration took 0.009710 seconds
INFO:robo.solver.bayesian_optimization:Current incumbent [ 92.39281508  68.64164285  21.92798951 101.18531564  20.53591959
   3.05952829  97.77464561  52.57326383 103.4646775 ] with estimated performance 0.108858
INFO:robo.solver.bayesian_optimization:Start iteration 9 ... 
INFO:robo.solver.bayesian_optimization:Train model...
DEBUG:robo.models.gaussian_process:GP Hyperparameters: [-1.5040774   0.          0.          0.          0.          0.
  0.          0.          0.          0.         -6.90775528]
INFO:robo.solver.bayesian_optimization:Time to train the model: 0.006560
INFO:robo.solver.bayesian_optimization:Maximize acquisition function...
INFO:robo.solver.bayesian_optimization:Time to maximize the acquisition function: 0.147503
INFO:robo.solver.bayesian_optimization:Optimization overhead was 0.154314 seconds
INFO:robo.solver.bayesian_optimization:Next candidate [89.68930002 94.75020281 12.95006241 29.82767649 13.8656506   3.17925214
 17.6514339  21.46724284 21.88129588]
DEBUG:robo.models.gaussian_process:GP Hyperparameters: [-1.5040774   4.49635148  4.55124398  2.56110061  3.3954367   2.6294146
  1.15664599  2.87081702  3.06652818  3.0856322  -6.90775528]
DEBUG:objective_function:F-score: 0.20753968253968255
INFO:robo.solver.bayesian_optimization:Configuration achieved a performance of 0.207540 
INFO:robo.solver.bayesian_optimization:Evaluation of this configuration took 0.009785 seconds
INFO:robo.solver.bayesian_optimization:Current incumbent [ 92.39281508  68.64164285  21.92798951 101.18531564  20.53591959
   3.05952829  97.77464561  52.57326383 103.4646775 ] with estimated performance 0.108858
INFO:robo.solver.bayesian_optimization:Start iteration 10 ... 
INFO:robo.solver.bayesian_optimization:Train model...
DEBUG:robo.models.gaussian_process:GP Hyperparameters: [-1.5040774   0.          0.          0.          0.          0.
  0.          0.          0.          0.         -6.90775528]
INFO:robo.solver.bayesian_optimization:Time to train the model: 0.006408
INFO:robo.solver.bayesian_optimization:Maximize acquisition function...
INFO:robo.solver.bayesian_optimization:Time to maximize the acquisition function: 0.147501
INFO:robo.solver.bayesian_optimization:Optimization overhead was 0.154183 seconds
INFO:robo.solver.bayesian_optimization:Next candidate [93.56545635 42.79894445 83.00637497  3.75173037  7.57278    93.51305883
 78.20738416  2.2758026   2.92963534]
DEBUG:robo.models.gaussian_process:GP Hyperparameters: [-1.5040774   4.53866126  3.75651344  4.41891741  1.32221717  2.02456024
  4.53810109  4.35936407  0.82233278  1.07487796 -6.90775528]
DEBUG:objective_function:F-score: 0.143703007518797
INFO:robo.solver.bayesian_optimization:Configuration achieved a performance of 0.143703 
INFO:robo.solver.bayesian_optimization:Evaluation of this configuration took 0.010151 seconds
INFO:robo.solver.bayesian_optimization:Current incumbent [ 92.39281508  68.64164285  21.92798951 101.18531564  20.53591959
   3.05952829  97.77464561  52.57326383 103.4646775 ] with estimated performance 0.108858
INFO:robo.solver.bayesian_optimization:Start iteration 11 ... 
INFO:robo.solver.bayesian_optimization:Train model...
DEBUG:robo.models.gaussian_process:GP Hyperparameters: [-1.5040774   0.          0.          0.          0.          0.
  0.          0.          0.          0.         -6.90775528]
INFO:robo.solver.bayesian_optimization:Time to train the model: 0.005885
INFO:robo.solver.bayesian_optimization:Maximize acquisition function...
INFO:robo.solver.bayesian_optimization:Time to maximize the acquisition function: 0.152114
INFO:robo.solver.bayesian_optimization:Optimization overhead was 0.158245 seconds
INFO:robo.solver.bayesian_optimization:Next candidate [ 16.58692839 101.97745239  91.02626566 101.28983809  50.9520799
 103.8465688    6.54025109  95.66216981  25.59974423]
DEBUG:robo.models.gaussian_process:GP Hyperparameters: [-1.5040774   2.80861494  4.62475173  4.5111481   4.61798609  3.93088558
  4.64291451  1.87797556  4.56082292  3.24258236 -6.90775528]
DEBUG:objective_function:F-score: 0.1430387944651545
INFO:robo.solver.bayesian_optimization:Configuration achieved a performance of 0.143039 
INFO:robo.solver.bayesian_optimization:Evaluation of this configuration took 0.009974 seconds
INFO:robo.solver.bayesian_optimization:Current incumbent [ 92.39281508  68.64164285  21.92798951 101.18531564  20.53591959
   3.05952829  97.77464561  52.57326383 103.4646775 ] with estimated performance 0.108858
INFO:robo.solver.bayesian_optimization:Start iteration 12 ... 
INFO:robo.solver.bayesian_optimization:Train model...
DEBUG:robo.models.gaussian_process:GP Hyperparameters: [-1.5040774   0.          0.          0.          0.          0.
  0.          0.          0.          0.         -6.90775528]
INFO:robo.solver.bayesian_optimization:Time to train the model: 0.007717
INFO:robo.solver.bayesian_optimization:Maximize acquisition function...
INFO:robo.solver.bayesian_optimization:Time to maximize the acquisition function: 0.214555
INFO:robo.solver.bayesian_optimization:Optimization overhead was 0.222573 seconds
INFO:robo.solver.bayesian_optimization:Next candidate [93.1157218  42.9784373  91.95137148  7.12956861 50.98926137 82.77506378
  6.67619873 89.5157468  90.34729156]
DEBUG:robo.models.gaussian_process:GP Hyperparameters: [-1.5040774   4.53384304  3.76069853  4.52125987  1.96425073  3.93161505
  4.41612685  1.89854877  4.49441455  4.50366104 -6.90775528]
DEBUG:objective_function:F-score: 0.10987425273139559
INFO:robo.solver.bayesian_optimization:Configuration achieved a performance of 0.109874 
INFO:robo.solver.bayesian_optimization:Evaluation of this configuration took 0.015795 seconds
INFO:robo.solver.bayesian_optimization:Current incumbent [ 92.39281508  68.64164285  21.92798951 101.18531564  20.53591959
   3.05952829  97.77464561  52.57326383 103.4646775 ] with estimated performance 0.108858
INFO:robo.solver.bayesian_optimization:Start iteration 13 ... 
INFO:robo.solver.bayesian_optimization:Train model...
DEBUG:robo.models.gaussian_process:GP Hyperparameters: [-1.5040774   0.          0.          0.          0.          0.
  0.          0.          0.          0.         -6.90775528]
INFO:robo.solver.bayesian_optimization:Time to train the model: 0.005955
INFO:robo.solver.bayesian_optimization:Maximize acquisition function...
INFO:robo.solver.bayesian_optimization:Time to maximize the acquisition function: 0.180352
INFO:robo.solver.bayesian_optimization:Optimization overhead was 0.186657 seconds
INFO:robo.solver.bayesian_optimization:Next candidate [ 94.60591856  66.88607786  41.26719474 102.22209652   7.70827033
  97.3884875    4.2703757   76.25361547  84.05358624]
DEBUG:robo.models.gaussian_process:GP Hyperparameters: [-1.5040774   4.54972004  4.20299084  3.72006787  4.62714786  2.04229382
  4.57870801  1.45170181  4.33406483  4.43145453 -6.90775528]
DEBUG:objective_function:F-score: 0.1387160633484163
INFO:robo.solver.bayesian_optimization:Configuration achieved a performance of 0.138716 
INFO:robo.solver.bayesian_optimization:Evaluation of this configuration took 0.016441 seconds
INFO:robo.solver.bayesian_optimization:Current incumbent [ 92.39281508  68.64164285  21.92798951 101.18531564  20.53591959
   3.05952829  97.77464561  52.57326383 103.4646775 ] with estimated performance 0.108858
INFO:robo.solver.bayesian_optimization:Start iteration 14 ... 
INFO:robo.solver.bayesian_optimization:Train model...
DEBUG:robo.models.gaussian_process:GP Hyperparameters: [-1.5040774   0.          0.          0.          0.          0.
  0.          0.          0.          0.         -6.90775528]
INFO:robo.solver.bayesian_optimization:Time to train the model: 0.008657
INFO:robo.solver.bayesian_optimization:Maximize acquisition function...
INFO:robo.solver.bayesian_optimization:Time to maximize the acquisition function: 0.169082
INFO:robo.solver.bayesian_optimization:Optimization overhead was 0.178083 seconds
INFO:robo.solver.bayesian_optimization:Next candidate [89.80837118 96.96494685 93.26163188  2.55397159 74.24365469 14.60412141
 92.67856054 33.08594924 89.06879496]
DEBUG:robo.models.gaussian_process:GP Hyperparameters: [-1.5040774   4.49767819  4.57434954  4.53540879  0.93764963  4.30735232
  2.68130378  4.52913717  3.4991087   4.48940905 -6.90775528]
DEBUG:objective_function:F-score: 0.09808286951144095
INFO:robo.solver.bayesian_optimization:Configuration achieved a performance of 0.098083 
INFO:robo.solver.bayesian_optimization:Evaluation of this configuration took 0.011946 seconds
INFO:robo.solver.bayesian_optimization:Current incumbent [89.80837118 96.96494685 93.26163188  2.55397159 74.24365469 14.60412141
 92.67856054 33.08594924 89.06879496] with estimated performance 0.098083
INFO:robo.solver.bayesian_optimization:Start iteration 15 ... 
INFO:robo.solver.bayesian_optimization:Train model...
DEBUG:robo.models.gaussian_process:GP Hyperparameters: [-1.5040774   0.          0.          0.          0.          0.
  0.          0.          0.          0.         -6.90775528]
INFO:robo.solver.bayesian_optimization:Time to train the model: 0.006708
INFO:robo.solver.bayesian_optimization:Maximize acquisition function...
INFO:robo.solver.bayesian_optimization:Time to maximize the acquisition function: 0.151435
INFO:robo.solver.bayesian_optimization:Optimization overhead was 0.158407 seconds
INFO:robo.solver.bayesian_optimization:Next candidate [ 65.0638526    5.68630407  18.37884459   3.08002017  97.3410286
   8.00814721  84.09256806 104.96103507  91.58406431]
DEBUG:robo.models.gaussian_process:GP Hyperparameters: [-1.5040774   4.17536914  1.73806049  2.91120025  1.12493615  4.57822057
  2.08045942  4.43191819  4.65358919  4.51725729 -6.90775528]
DEBUG:objective_function:F-score: 0.28192294461644307
INFO:robo.solver.bayesian_optimization:Configuration achieved a performance of 0.281923 
INFO:robo.solver.bayesian_optimization:Evaluation of this configuration took 0.010840 seconds
INFO:robo.solver.bayesian_optimization:Current incumbent [89.80837118 96.96494685 93.26163188  2.55397159 74.24365469 14.60412141
 92.67856054 33.08594924 89.06879496] with estimated performance 0.098083
INFO:robo.solver.bayesian_optimization:Start iteration 16 ... 
INFO:robo.solver.bayesian_optimization:Train model...
DEBUG:robo.models.gaussian_process:GP Hyperparameters: [-1.5040774   0.          0.          0.          0.          0.
  0.          0.          0.          0.         -6.90775528]
INFO:robo.solver.bayesian_optimization:Time to train the model: 0.006083
INFO:robo.solver.bayesian_optimization:Maximize acquisition function...
INFO:robo.solver.bayesian_optimization:Time to maximize the acquisition function: 0.162024
INFO:robo.solver.bayesian_optimization:Optimization overhead was 0.168354 seconds
INFO:robo.solver.bayesian_optimization:Next candidate [81.42581227 39.33354399 93.60434057 99.44242155 93.35200656 98.02612001
  2.74996261 34.01176809 86.43953416]
DEBUG:robo.models.gaussian_process:GP Hyperparameters: [-1.5040774   4.39969233  3.67207769  4.53907676  4.5995788   4.53637736
  4.58523397  1.01158732  3.52670658  4.45944514 -6.90775528]
DEBUG:objective_function:F-score: 0.17946024563671623
INFO:robo.solver.bayesian_optimization:Configuration achieved a performance of 0.179460 
INFO:robo.solver.bayesian_optimization:Evaluation of this configuration took 0.011262 seconds
INFO:robo.solver.bayesian_optimization:Current incumbent [89.80837118 96.96494685 93.26163188  2.55397159 74.24365469 14.60412141
 92.67856054 33.08594924 89.06879496] with estimated performance 0.098083
INFO:robo.solver.bayesian_optimization:Start iteration 17 ... 
INFO:robo.solver.bayesian_optimization:Train model...
DEBUG:robo.models.gaussian_process:GP Hyperparameters: [-1.5040774   0.          0.          0.          0.          0.
  0.          0.          0.          0.         -6.90775528]
INFO:robo.solver.bayesian_optimization:Time to train the model: 0.009221
INFO:robo.solver.bayesian_optimization:Maximize acquisition function...
INFO:robo.solver.bayesian_optimization:Time to maximize the acquisition function: 0.159493
INFO:robo.solver.bayesian_optimization:Optimization overhead was 0.169002 seconds
INFO:robo.solver.bayesian_optimization:Next candidate [  4.25413964 102.72843121  83.28288827   5.6447207   47.62155852
  16.70004105  36.66967999  82.69934716   2.29047834]
DEBUG:robo.models.gaussian_process:GP Hyperparameters: [-1.5040774   1.44789254  4.63208892  4.42224311  1.73072072  3.86328557
  2.81541118  3.60195026  4.41521171  0.82876068 -6.90775528]
DEBUG:objective_function:F-score: 0.11877909058360185
INFO:robo.solver.bayesian_optimization:Configuration achieved a performance of 0.118779 
INFO:robo.solver.bayesian_optimization:Evaluation of this configuration took 0.009909 seconds
INFO:robo.solver.bayesian_optimization:Current incumbent [89.80837118 96.96494685 93.26163188  2.55397159 74.24365469 14.60412141
 92.67856054 33.08594924 89.06879496] with estimated performance 0.098083
INFO:robo.solver.bayesian_optimization:Start iteration 18 ... 
INFO:robo.solver.bayesian_optimization:Train model...
DEBUG:robo.models.gaussian_process:GP Hyperparameters: [-1.5040774   0.          0.          0.          0.          0.
  0.          0.          0.          0.         -6.90775528]
INFO:robo.solver.bayesian_optimization:Time to train the model: 0.005895
INFO:robo.solver.bayesian_optimization:Maximize acquisition function...
INFO:robo.solver.bayesian_optimization:Time to maximize the acquisition function: 0.152223
INFO:robo.solver.bayesian_optimization:Optimization overhead was 0.158404 seconds
INFO:robo.solver.bayesian_optimization:Next candidate [  8.40739755  18.581417    87.56974238 101.16221139  91.72310522
  65.51663866  79.10129772   3.0592162    4.5556036 ]
DEBUG:robo.models.gaussian_process:GP Hyperparameters: [-1.5040774   2.12911198  2.922162    4.47243553  4.61672528  4.51877431
  4.18230414  4.37072928  1.11815874  1.51635804 -6.90775528]
DEBUG:objective_function:F-score: 0.23001867413632118
INFO:robo.solver.bayesian_optimization:Configuration achieved a performance of 0.230019 
INFO:robo.solver.bayesian_optimization:Evaluation of this configuration took 0.010422 seconds
INFO:robo.solver.bayesian_optimization:Current incumbent [89.80837118 96.96494685 93.26163188  2.55397159 74.24365469 14.60412141
 92.67856054 33.08594924 89.06879496] with estimated performance 0.098083
INFO:robo.solver.bayesian_optimization:Start iteration 19 ... 
INFO:robo.solver.bayesian_optimization:Train model...
DEBUG:robo.models.gaussian_process:GP Hyperparameters: [-1.5040774   0.          0.          0.          0.          0.
  0.          0.          0.          0.         -6.90775528]
INFO:robo.solver.bayesian_optimization:Time to train the model: 0.005838
INFO:robo.solver.bayesian_optimization:Maximize acquisition function...
INFO:robo.solver.bayesian_optimization:Time to maximize the acquisition function: 0.151886
INFO:robo.solver.bayesian_optimization:Optimization overhead was 0.158029 seconds
INFO:robo.solver.bayesian_optimization:Next candidate [  7.65244997  76.29553211   6.03287905   5.96811327  60.97615622
  94.0215756    1.60730454 103.39388296  93.34018195]
DEBUG:robo.models.gaussian_process:GP Hyperparameters: [-1.5040774   2.03502585  4.33461438  1.79722435  1.78643084  4.11048291
  4.54352428  0.47455858  4.6385458   4.53625069 -6.90775528]
DEBUG:objective_function:F-score: 0.17251984126984127
INFO:robo.solver.bayesian_optimization:Configuration achieved a performance of 0.172520 
INFO:robo.solver.bayesian_optimization:Evaluation of this configuration took 0.010983 seconds
INFO:robo.solver.bayesian_optimization:Current incumbent [89.80837118 96.96494685 93.26163188  2.55397159 74.24365469 14.60412141
 92.67856054 33.08594924 89.06879496] with estimated performance 0.098083
INFO:robo.solver.bayesian_optimization:Start iteration 20 ... 
INFO:robo.solver.bayesian_optimization:Train model...
DEBUG:robo.models.gaussian_process:GP Hyperparameters: [-1.5040774   0.          0.          0.          0.          0.
  0.          0.          0.          0.         -6.90775528]
INFO:robo.solver.bayesian_optimization:Time to train the model: 0.005639
INFO:robo.solver.bayesian_optimization:Maximize acquisition function...
INFO:robo.solver.bayesian_optimization:Time to maximize the acquisition function: 0.146950
INFO:robo.solver.bayesian_optimization:Optimization overhead was 0.152826 seconds
INFO:robo.solver.bayesian_optimization:Next candidate [17.59539508 15.61791276 30.86082408 96.10437925  3.34444721 98.56594705
  1.8423169  58.07029539 18.02022972]
DEBUG:robo.models.gaussian_process:GP Hyperparameters: [-1.5040774   2.86763722  2.74841851  3.42948755  4.56543488  1.20730142
  4.59072584  0.61102396  4.06165427  2.891495   -6.90775528]
DEBUG:objective_function:F-score: 0.1875022444875386
INFO:robo.solver.bayesian_optimization:Configuration achieved a performance of 0.187502 
INFO:robo.solver.bayesian_optimization:Evaluation of this configuration took 0.010634 seconds
INFO:robo.solver.bayesian_optimization:Current incumbent [89.80837118 96.96494685 93.26163188  2.55397159 74.24365469 14.60412141
 92.67856054 33.08594924 89.06879496] with estimated performance 0.098083
INFO:robo.solver.bayesian_optimization:Start iteration 21 ... 
INFO:robo.solver.bayesian_optimization:Train model...
DEBUG:robo.models.gaussian_process:GP Hyperparameters: [-1.5040774   0.          0.          0.          0.          0.
  0.          0.          0.          0.         -6.90775528]
INFO:robo.solver.bayesian_optimization:Time to train the model: 0.005782
INFO:robo.solver.bayesian_optimization:Maximize acquisition function...
INFO:robo.solver.bayesian_optimization:Time to maximize the acquisition function: 0.148405
INFO:robo.solver.bayesian_optimization:Optimization overhead was 0.154894 seconds
INFO:robo.solver.bayesian_optimization:Next candidate [  2.59010128 100.64725275  32.67697012 101.13091049   5.32278344
  14.16130558  40.41013561  90.8971201   97.60761448]
DEBUG:robo.models.gaussian_process:GP Hyperparameters: [-1.5040774   0.95169698  4.61162186  3.48667055  4.61641582  1.67199637
  2.65051329  3.69908063  4.50972832  4.58095551 -6.90775528]
DEBUG:objective_function:F-score: 0.20084706959706958
INFO:robo.solver.bayesian_optimization:Configuration achieved a performance of 0.200847 
INFO:robo.solver.bayesian_optimization:Evaluation of this configuration took 0.010405 seconds
INFO:robo.solver.bayesian_optimization:Current incumbent [89.80837118 96.96494685 93.26163188  2.55397159 74.24365469 14.60412141
 92.67856054 33.08594924 89.06879496] with estimated performance 0.098083
INFO:robo.solver.bayesian_optimization:Start iteration 22 ... 
INFO:robo.solver.bayesian_optimization:Train model...
DEBUG:robo.models.gaussian_process:GP Hyperparameters: [-1.5040774   0.          0.          0.          0.          0.
  0.          0.          0.          0.         -6.90775528]
INFO:robo.solver.bayesian_optimization:Time to train the model: 0.006475
INFO:robo.solver.bayesian_optimization:Maximize acquisition function...
INFO:robo.solver.bayesian_optimization:Time to maximize the acquisition function: 0.151576
INFO:robo.solver.bayesian_optimization:Optimization overhead was 0.158394 seconds
INFO:robo.solver.bayesian_optimization:Next candidate [ 43.71550364  80.77209866  95.07165833  27.67938863  77.55127972
 102.36287167  84.94097335  92.03677461   1.04883169]
DEBUG:robo.models.gaussian_process:GP Hyperparameters: [-1.5040774   3.77770281  4.39163159  4.55463091  3.32068804  4.35093939
  4.62852407  4.44195658  4.52218822  0.04767687 -6.90775528]
DEBUG:objective_function:F-score: 0.19188523894406248
INFO:robo.solver.bayesian_optimization:Configuration achieved a performance of 0.191885 
INFO:robo.solver.bayesian_optimization:Evaluation of this configuration took 0.011433 seconds
INFO:robo.solver.bayesian_optimization:Current incumbent [89.80837118 96.96494685 93.26163188  2.55397159 74.24365469 14.60412141
 92.67856054 33.08594924 89.06879496] with estimated performance 0.098083
INFO:robo.solver.bayesian_optimization:Start iteration 23 ... 
INFO:robo.solver.bayesian_optimization:Train model...
DEBUG:robo.models.gaussian_process:GP Hyperparameters: [-1.5040774   0.          0.          0.          0.          0.
  0.          0.          0.          0.         -6.90775528]
INFO:robo.solver.bayesian_optimization:Time to train the model: 0.005981
INFO:robo.solver.bayesian_optimization:Maximize acquisition function...
INFO:robo.solver.bayesian_optimization:Time to maximize the acquisition function: 0.146136
INFO:robo.solver.bayesian_optimization:Optimization overhead was 0.152428 seconds
INFO:robo.solver.bayesian_optimization:Next candidate [ 8.55472882 98.30654565 10.82573235 72.97653289 73.38791391 44.76599736
  2.79470875  5.79663457 76.84740843]
DEBUG:robo.models.gaussian_process:GP Hyperparameters: [-1.5040774   2.14648421  4.58809061  2.38192593  4.29013792  4.29575926
  3.80144886  1.0277279   1.7572775   4.34182175 -6.90775528]
DEBUG:objective_function:F-score: 0.14704326174914412
INFO:robo.solver.bayesian_optimization:Configuration achieved a performance of 0.147043 
INFO:robo.solver.bayesian_optimization:Evaluation of this configuration took 0.010890 seconds
INFO:robo.solver.bayesian_optimization:Current incumbent [89.80837118 96.96494685 93.26163188  2.55397159 74.24365469 14.60412141
 92.67856054 33.08594924 89.06879496] with estimated performance 0.098083
INFO:robo.solver.bayesian_optimization:Start iteration 24 ... 
INFO:robo.solver.bayesian_optimization:Train model...
DEBUG:robo.models.gaussian_process:GP Hyperparameters: [-1.5040774   0.          0.          0.          0.          0.
  0.          0.          0.          0.         -6.90775528]
INFO:robo.solver.bayesian_optimization:Time to train the model: 0.005941
INFO:robo.solver.bayesian_optimization:Maximize acquisition function...
INFO:robo.solver.bayesian_optimization:Time to maximize the acquisition function: 0.151636
INFO:robo.solver.bayesian_optimization:Optimization overhead was 0.157863 seconds
INFO:robo.solver.bayesian_optimization:Next candidate [53.68161387 99.47836766 20.05209632 98.20582697 94.07381882  4.73255621
 98.07154574  4.17578668 11.59996969]
DEBUG:robo.models.gaussian_process:GP Hyperparameters: [-1.5040774   3.98307056  4.59994021  2.9983337   4.58706555  4.54407978
  1.55446548  4.58569727  1.42930277  2.45100249 -6.90775528]
DEBUG:objective_function:F-score: 0.22223462811698105
INFO:robo.solver.bayesian_optimization:Configuration achieved a performance of 0.222235 
INFO:robo.solver.bayesian_optimization:Evaluation of this configuration took 0.010982 seconds
INFO:robo.solver.bayesian_optimization:Current incumbent [89.80837118 96.96494685 93.26163188  2.55397159 74.24365469 14.60412141
 92.67856054 33.08594924 89.06879496] with estimated performance 0.098083
INFO:robo.solver.bayesian_optimization:Start iteration 25 ... 
INFO:robo.solver.bayesian_optimization:Train model...
DEBUG:robo.models.gaussian_process:GP Hyperparameters: [-1.5040774   0.          0.          0.          0.          0.
  0.          0.          0.          0.         -6.90775528]
INFO:robo.solver.bayesian_optimization:Time to train the model: 0.006398
INFO:robo.solver.bayesian_optimization:Maximize acquisition function...
INFO:robo.solver.bayesian_optimization:Time to maximize the acquisition function: 0.149312
INFO:robo.solver.bayesian_optimization:Optimization overhead was 0.156055 seconds
INFO:robo.solver.bayesian_optimization:Next candidate [ 20.35978907   4.24297977   4.2276322   79.62176067  61.75102118
  18.20178696   9.51225049  43.07036036 104.2601566 ]
DEBUG:robo.models.gaussian_process:GP Hyperparameters: [-1.5040774   3.01356183  1.4452658   1.44164207  4.37728743  4.12311051
  2.90151977  2.25258049  3.76283507  4.64688928 -6.90775528]
DEBUG:objective_function:F-score: 0.34761904761904755
INFO:robo.solver.bayesian_optimization:Configuration achieved a performance of 0.347619 
INFO:robo.solver.bayesian_optimization:Evaluation of this configuration took 0.011246 seconds
INFO:robo.solver.bayesian_optimization:Current incumbent [89.80837118 96.96494685 93.26163188  2.55397159 74.24365469 14.60412141
 92.67856054 33.08594924 89.06879496] with estimated performance 0.098083
INFO:robo.solver.bayesian_optimization:Start iteration 26 ... 
INFO:robo.solver.bayesian_optimization:Train model...
DEBUG:robo.models.gaussian_process:GP Hyperparameters: [-1.5040774   0.          0.          0.          0.          0.
  0.          0.          0.          0.         -6.90775528]
INFO:robo.solver.bayesian_optimization:Time to train the model: 0.006051
INFO:robo.solver.bayesian_optimization:Maximize acquisition function...
INFO:robo.solver.bayesian_optimization:Time to maximize the acquisition function: 0.152683
INFO:robo.solver.bayesian_optimization:Optimization overhead was 0.159068 seconds
INFO:robo.solver.bayesian_optimization:Next candidate [51.50865705 10.47832519  3.62629353  2.70025297 19.77100988 93.8291141
 95.54034642 99.27074984 14.18971199]
DEBUG:robo.models.gaussian_process:GP Hyperparameters: [-1.5040774   3.94174989  2.34930886  1.28821106  0.99334546  2.98421672
  4.54147519  4.55954863  4.59785096  2.65251719 -6.90775528]
DEBUG:objective_function:F-score: 0.16150793650793652
INFO:robo.solver.bayesian_optimization:Configuration achieved a performance of 0.161508 
INFO:robo.solver.bayesian_optimization:Evaluation of this configuration took 0.010909 seconds
INFO:robo.solver.bayesian_optimization:Current incumbent [89.80837118 96.96494685 93.26163188  2.55397159 74.24365469 14.60412141
 92.67856054 33.08594924 89.06879496] with estimated performance 0.098083
INFO:robo.solver.bayesian_optimization:Start iteration 27 ... 
INFO:robo.solver.bayesian_optimization:Train model...
DEBUG:robo.models.gaussian_process:GP Hyperparameters: [-1.5040774   0.          0.          0.          0.          0.
  0.          0.          0.          0.         -6.90775528]
INFO:robo.solver.bayesian_optimization:Time to train the model: 0.005875
INFO:robo.solver.bayesian_optimization:Maximize acquisition function...
INFO:robo.solver.bayesian_optimization:Time to maximize the acquisition function: 0.163530
INFO:robo.solver.bayesian_optimization:Optimization overhead was 0.169731 seconds
INFO:robo.solver.bayesian_optimization:Next candidate [ 90.77060251  92.03716555   5.86320806 102.84038146   8.08503937
  73.65411421  98.98667163  96.22561314  47.01871496]
DEBUG:robo.models.gaussian_process:GP Hyperparameters: [-1.5040774   4.50833547  4.52219247  1.7686969   4.63317809  2.09001536
  4.29938     4.59498521  4.56669557  3.85054571 -6.90775528]
DEBUG:objective_function:F-score: 0.2241730025343471
INFO:robo.solver.bayesian_optimization:Configuration achieved a performance of 0.224173 
INFO:robo.solver.bayesian_optimization:Evaluation of this configuration took 0.010679 seconds
INFO:robo.solver.bayesian_optimization:Current incumbent [89.80837118 96.96494685 93.26163188  2.55397159 74.24365469 14.60412141
 92.67856054 33.08594924 89.06879496] with estimated performance 0.098083
INFO:robo.solver.bayesian_optimization:Start iteration 28 ... 
INFO:robo.solver.bayesian_optimization:Train model...
DEBUG:robo.models.gaussian_process:GP Hyperparameters: [-1.5040774   0.          0.          0.          0.          0.
  0.          0.          0.          0.         -6.90775528]
INFO:robo.solver.bayesian_optimization:Time to train the model: 0.006761
INFO:robo.solver.bayesian_optimization:Maximize acquisition function...
INFO:robo.solver.bayesian_optimization:Time to maximize the acquisition function: 0.165895
INFO:robo.solver.bayesian_optimization:Optimization overhead was 0.172944 seconds
INFO:robo.solver.bayesian_optimization:Next candidate [ 4.8435138  24.53580829 80.84731876  9.98295171  9.50251097 95.05910912
 16.5975369   9.32645697 92.6698567 ]
DEBUG:robo.models.gaussian_process:GP Hyperparameters: [-1.5040774   1.57764045  3.20013361  4.39256242  2.30087881  2.25155608
  4.5544989   2.80925431  2.2328552   4.52904325 -6.90775528]
DEBUG:objective_function:F-score: 0.17410714285714285
INFO:robo.solver.bayesian_optimization:Configuration achieved a performance of 0.174107 
INFO:robo.solver.bayesian_optimization:Evaluation of this configuration took 0.009934 seconds
INFO:robo.solver.bayesian_optimization:Current incumbent [89.80837118 96.96494685 93.26163188  2.55397159 74.24365469 14.60412141
 92.67856054 33.08594924 89.06879496] with estimated performance 0.098083
INFO:robo.solver.bayesian_optimization:Start iteration 29 ... 
INFO:robo.solver.bayesian_optimization:Train model...
DEBUG:robo.models.gaussian_process:GP Hyperparameters: [-1.5040774   0.          0.          0.          0.          0.
  0.          0.          0.          0.         -6.90775528]
INFO:robo.solver.bayesian_optimization:Time to train the model: 0.006230
INFO:robo.solver.bayesian_optimization:Maximize acquisition function...
INFO:robo.solver.bayesian_optimization:Time to maximize the acquisition function: 0.150905
INFO:robo.solver.bayesian_optimization:Optimization overhead was 0.157437 seconds
INFO:robo.solver.bayesian_optimization:Next candidate [ 28.9084027  102.28568911  14.53794045  69.05954004  98.2991637
  50.65474672   7.3944812   97.13598098   1.26623986]
DEBUG:robo.models.gaussian_process:GP Hyperparameters: [-1.5040774   3.3641323   4.62776977  2.67676181  4.23496903  4.58801552
  3.92503294  2.00073394  4.57611186  0.23605177 -6.90775528]
DEBUG:objective_function:F-score: 0.19935563969177414
INFO:robo.solver.bayesian_optimization:Configuration achieved a performance of 0.199356 
INFO:robo.solver.bayesian_optimization:Evaluation of this configuration took 0.010055 seconds
INFO:robo.solver.bayesian_optimization:Current incumbent [89.80837118 96.96494685 93.26163188  2.55397159 74.24365469 14.60412141
 92.67856054 33.08594924 89.06879496] with estimated performance 0.098083
INFO:robo.solver.bayesian_optimization:Return [89.80837117603606, 96.96494685130592, 93.2616318802029, 2.553971591707194, 74.24365469119859, 14.604121412326226, 92.67856053538586, 33.08594923708674, 89.06879495745122] as incumbent with error 0.098083 
