DEBUG:robo.models.gaussian_process:GP Hyperparameters: [-1.5040774   0.          0.          0.          0.          0.
  0.          0.          0.          0.         -6.90775528]
INFO:robo.solver.bayesian_optimization:Evaluate: [35.05693537 78.94544928 89.21446588 48.04994798 18.11770876 63.69047708
 28.64111518 18.1830842   6.70495984]
DEBUG:robo.models.gaussian_process:GP Hyperparameters: [-1.5040774   3.55697346  4.3687571   4.4910432   3.87224105  2.89688984
  4.15403505  3.35484328  2.90049172  1.90284753 -6.90775528]
DEBUG:objective_function:F-score: 0.22752242597443834
INFO:robo.solver.bayesian_optimization:Configuration achieved a performance of 0.772478 in 0.022525 seconds
INFO:robo.solver.bayesian_optimization:Evaluate: [79.22941574  9.01546765 53.57498233 94.82159077 47.95113954 24.55263258
 78.50683656 95.26167358 38.27741628]
DEBUG:robo.models.gaussian_process:GP Hyperparameters: [-1.5040774   4.37234764  2.19894173  3.98108221  4.55199713  3.87018257
  3.20081908  4.36318571  4.55662756  3.64486007 -6.90775528]
DEBUG:objective_function:F-score: 0.2637884776042671
INFO:robo.solver.bayesian_optimization:Configuration achieved a performance of 0.736212 in 0.009830 seconds
INFO:robo.solver.bayesian_optimization:Evaluate: [ 27.33755009  57.49386229  11.10798523   7.38469847 103.56370816
  90.50831754  51.91913152  65.77979186  78.92612043]
DEBUG:robo.models.gaussian_process:GP Hyperparameters: [-1.5040774   3.30826122  4.0516782   2.40766424  1.99941009  4.64018696
  4.50544175  3.94968734  4.18631268  4.36851223 -6.90775528]
DEBUG:objective_function:F-score: 0.16224489795918368
INFO:robo.solver.bayesian_optimization:Configuration achieved a performance of 0.837755 in 0.009831 seconds
INFO:robo.solver.bayesian_optimization:Start iteration 3 ... 
INFO:robo.solver.bayesian_optimization:Train model...
DEBUG:robo.models.gaussian_process:GP Hyperparameters: [-1.5040774   0.          0.          0.          0.          0.
  0.          0.          0.          0.         -6.90775528]
INFO:robo.solver.bayesian_optimization:Time to train the model: 0.005574
INFO:robo.solver.bayesian_optimization:Maximize acquisition function...
INFO:robo.solver.bayesian_optimization:Time to maximize the acquisition function: 0.146883
INFO:robo.solver.bayesian_optimization:Optimization overhead was 0.152773 seconds
INFO:robo.solver.bayesian_optimization:Next candidate [88.23762471 69.79032908 86.48524723  3.7111283  83.99355339 16.92320233
 99.67333909  2.17245221 18.92998794]
DEBUG:robo.models.gaussian_process:GP Hyperparameters: [-1.5040774   4.48003346  4.24549545  4.45997385  1.31133595  4.43074005
  2.8286856   4.60189823  0.77585658  2.94074733 -6.90775528]
DEBUG:objective_function:F-score: 0.13874064531959268
INFO:robo.solver.bayesian_optimization:Configuration achieved a performance of 0.861259 
INFO:robo.solver.bayesian_optimization:Evaluation of this configuration took 0.009302 seconds
INFO:robo.solver.bayesian_optimization:Current incumbent [79.22941574  9.01546765 53.57498233 94.82159077 47.95113954 24.55263258
 78.50683656 95.26167358 38.27741628] with estimated performance 0.736212
INFO:robo.solver.bayesian_optimization:Start iteration 4 ... 
INFO:robo.solver.bayesian_optimization:Train model...
DEBUG:robo.models.gaussian_process:GP Hyperparameters: [-1.5040774   0.          0.          0.          0.          0.
  0.          0.          0.          0.         -6.90775528]
INFO:robo.solver.bayesian_optimization:Time to train the model: 0.005350
INFO:robo.solver.bayesian_optimization:Maximize acquisition function...
INFO:robo.solver.bayesian_optimization:Time to maximize the acquisition function: 0.140838
INFO:robo.solver.bayesian_optimization:Optimization overhead was 0.146482 seconds
INFO:robo.solver.bayesian_optimization:Next candidate [19.3512838  88.89409067 10.50019828 98.08631681 23.46919032  7.5239673
 19.82496156 16.5935534  73.95937966]
DEBUG:robo.models.gaussian_process:GP Hyperparameters: [-1.5040774   2.96275876  4.48744567  2.35139414  4.58584787  3.15568851
  2.01809357  2.98694183  2.80901427  4.30351602 -6.90775528]
DEBUG:objective_function:F-score: 0.25961974533403104
INFO:robo.solver.bayesian_optimization:Configuration achieved a performance of 0.740380 
INFO:robo.solver.bayesian_optimization:Evaluation of this configuration took 0.008952 seconds
INFO:robo.solver.bayesian_optimization:Current incumbent [79.22941574  9.01546765 53.57498233 94.82159077 47.95113954 24.55263258
 78.50683656 95.26167358 38.27741628] with estimated performance 0.736212
INFO:robo.solver.bayesian_optimization:Start iteration 5 ... 
INFO:robo.solver.bayesian_optimization:Train model...
DEBUG:robo.models.gaussian_process:GP Hyperparameters: [-1.5040774   0.          0.          0.          0.          0.
  0.          0.          0.          0.         -6.90775528]
INFO:robo.solver.bayesian_optimization:Time to train the model: 0.006205
INFO:robo.solver.bayesian_optimization:Maximize acquisition function...
INFO:robo.solver.bayesian_optimization:Time to maximize the acquisition function: 0.139040
INFO:robo.solver.bayesian_optimization:Optimization overhead was 0.145494 seconds
INFO:robo.solver.bayesian_optimization:Next candidate [ 85.63006618   4.49872721   2.45924368  11.25246381  36.28051133
  11.10484032   6.69938895 101.68824237  62.65200024]
DEBUG:robo.models.gaussian_process:GP Hyperparameters: [-1.5040774   4.45003646  1.50379451  0.89985385  2.42058711  3.59128072
  2.40738108  1.90201632  4.62191169  4.13759561 -6.90775528]
DEBUG:objective_function:F-score: 0.20076030412164864
INFO:robo.solver.bayesian_optimization:Configuration achieved a performance of 0.799240 
INFO:robo.solver.bayesian_optimization:Evaluation of this configuration took 0.010056 seconds
INFO:robo.solver.bayesian_optimization:Current incumbent [79.22941574  9.01546765 53.57498233 94.82159077 47.95113954 24.55263258
 78.50683656 95.26167358 38.27741628] with estimated performance 0.736212
INFO:robo.solver.bayesian_optimization:Start iteration 6 ... 
INFO:robo.solver.bayesian_optimization:Train model...
DEBUG:robo.models.gaussian_process:GP Hyperparameters: [-1.5040774   0.          0.          0.          0.          0.
  0.          0.          0.          0.         -6.90775528]
INFO:robo.solver.bayesian_optimization:Time to train the model: 0.005392
INFO:robo.solver.bayesian_optimization:Maximize acquisition function...
INFO:robo.solver.bayesian_optimization:Time to maximize the acquisition function: 0.139712
INFO:robo.solver.bayesian_optimization:Optimization overhead was 0.145399 seconds
INFO:robo.solver.bayesian_optimization:Next candidate [  4.32744245 100.12280119   4.27151772 103.03402685  49.28575015
  75.72957363  33.24577749  97.29285733  12.17100142]
DEBUG:robo.models.gaussian_process:GP Hyperparameters: [-1.5040774   1.46497671  4.60639744  1.4519692   4.63505929  3.897635
  4.32716875  3.50392777  4.57772558  2.49905619 -6.90775528]
DEBUG:objective_function:F-score: 0.2544620412267471
INFO:robo.solver.bayesian_optimization:Configuration achieved a performance of 0.745538 
INFO:robo.solver.bayesian_optimization:Evaluation of this configuration took 0.010315 seconds
INFO:robo.solver.bayesian_optimization:Current incumbent [79.22941574  9.01546765 53.57498233 94.82159077 47.95113954 24.55263258
 78.50683656 95.26167358 38.27741628] with estimated performance 0.736212
INFO:robo.solver.bayesian_optimization:Start iteration 7 ... 
INFO:robo.solver.bayesian_optimization:Train model...
DEBUG:robo.models.gaussian_process:GP Hyperparameters: [-1.5040774   0.          0.          0.          0.          0.
  0.          0.          0.          0.         -6.90775528]
INFO:robo.solver.bayesian_optimization:Time to train the model: 0.005507
INFO:robo.solver.bayesian_optimization:Maximize acquisition function...
INFO:robo.solver.bayesian_optimization:Time to maximize the acquisition function: 0.141332
INFO:robo.solver.bayesian_optimization:Optimization overhead was 0.147111 seconds
INFO:robo.solver.bayesian_optimization:Next candidate [ 64.027261    92.52038953  92.23033707  17.73104201   7.34459224
  65.6118397   53.04005542 102.78396815 102.85598387]
DEBUG:robo.models.gaussian_process:GP Hyperparameters: [-1.5040774   4.15930895  4.52742905  4.52428911  2.87531689  1.99396429
  4.18375616  3.97104739  4.63262939  4.63332979 -6.90775528]
DEBUG:objective_function:F-score: 0.18767592057065738
INFO:robo.solver.bayesian_optimization:Configuration achieved a performance of 0.812324 
INFO:robo.solver.bayesian_optimization:Evaluation of this configuration took 0.009091 seconds
INFO:robo.solver.bayesian_optimization:Current incumbent [79.22941574  9.01546765 53.57498233 94.82159077 47.95113954 24.55263258
 78.50683656 95.26167358 38.27741628] with estimated performance 0.736212
INFO:robo.solver.bayesian_optimization:Start iteration 8 ... 
INFO:robo.solver.bayesian_optimization:Train model...
DEBUG:robo.models.gaussian_process:GP Hyperparameters: [-1.5040774   0.          0.          0.          0.          0.
  0.          0.          0.          0.         -6.90775528]
INFO:robo.solver.bayesian_optimization:Time to train the model: 0.006154
INFO:robo.solver.bayesian_optimization:Maximize acquisition function...
INFO:robo.solver.bayesian_optimization:Time to maximize the acquisition function: 0.145570
INFO:robo.solver.bayesian_optimization:Optimization overhead was 0.151966 seconds
INFO:robo.solver.bayesian_optimization:Next candidate [  6.13657351  22.47754594  30.67604866  83.80844826   9.61410597
  84.5982531  101.51230837  26.91542622  94.51571628]
DEBUG:robo.models.gaussian_process:GP Hyperparameters: [-1.5040774   1.81426653  3.11251685  3.42348218  4.42853382  2.26323139
  4.43791362  4.62018006  3.29269959  4.54876613 -6.90775528]
DEBUG:objective_function:F-score: 0.18020833333333333
INFO:robo.solver.bayesian_optimization:Configuration achieved a performance of 0.819792 
INFO:robo.solver.bayesian_optimization:Evaluation of this configuration took 0.009282 seconds
INFO:robo.solver.bayesian_optimization:Current incumbent [79.22941574  9.01546765 53.57498233 94.82159077 47.95113954 24.55263258
 78.50683656 95.26167358 38.27741628] with estimated performance 0.736212
INFO:robo.solver.bayesian_optimization:Start iteration 9 ... 
INFO:robo.solver.bayesian_optimization:Train model...
DEBUG:robo.models.gaussian_process:GP Hyperparameters: [-1.5040774   0.          0.          0.          0.          0.
  0.          0.          0.          0.         -6.90775528]
INFO:robo.solver.bayesian_optimization:Time to train the model: 0.005488
INFO:robo.solver.bayesian_optimization:Maximize acquisition function...
INFO:robo.solver.bayesian_optimization:Time to maximize the acquisition function: 0.148031
INFO:robo.solver.bayesian_optimization:Optimization overhead was 0.153781 seconds
INFO:robo.solver.bayesian_optimization:Next candidate [ 9.29843641  4.28160516 15.8616751  10.29391433 24.02388662 10.40544146
  3.4579483   3.73119119  7.73560163]
DEBUG:robo.models.gaussian_process:GP Hyperparameters: [-1.5040774   2.22984626  1.45432798  2.76390583  2.33155288  3.17904861
  2.34232889  1.24067544  1.31672754  2.04583326 -6.90775528]
DEBUG:objective_function:F-score: 0.11137218045112783
INFO:robo.solver.bayesian_optimization:Configuration achieved a performance of 0.888628 
INFO:robo.solver.bayesian_optimization:Evaluation of this configuration took 0.009686 seconds
INFO:robo.solver.bayesian_optimization:Current incumbent [79.22941574  9.01546765 53.57498233 94.82159077 47.95113954 24.55263258
 78.50683656 95.26167358 38.27741628] with estimated performance 0.736212
INFO:robo.solver.bayesian_optimization:Start iteration 10 ... 
INFO:robo.solver.bayesian_optimization:Train model...
DEBUG:robo.models.gaussian_process:GP Hyperparameters: [-1.5040774   0.          0.          0.          0.          0.
  0.          0.          0.          0.         -6.90775528]
INFO:robo.solver.bayesian_optimization:Time to train the model: 0.006778
INFO:robo.solver.bayesian_optimization:Maximize acquisition function...
INFO:robo.solver.bayesian_optimization:Time to maximize the acquisition function: 0.148078
INFO:robo.solver.bayesian_optimization:Optimization overhead was 0.155159 seconds
INFO:robo.solver.bayesian_optimization:Next candidate [78.89676823 92.31260495 17.58954065 99.5727029  78.69715876 99.4737279
 22.92479725 49.08548004 90.81655499]
DEBUG:robo.models.gaussian_process:GP Hyperparameters: [-1.5040774   4.36814027  4.5251807   2.86730444  4.60088806  4.36560705
  4.59989357  3.13221917  3.89356327  4.50884159 -6.90775528]
DEBUG:objective_function:F-score: 0.14806922769107642
INFO:robo.solver.bayesian_optimization:Configuration achieved a performance of 0.851931 
INFO:robo.solver.bayesian_optimization:Evaluation of this configuration took 0.008882 seconds
INFO:robo.solver.bayesian_optimization:Current incumbent [79.22941574  9.01546765 53.57498233 94.82159077 47.95113954 24.55263258
 78.50683656 95.26167358 38.27741628] with estimated performance 0.736212
INFO:robo.solver.bayesian_optimization:Start iteration 11 ... 
INFO:robo.solver.bayesian_optimization:Train model...
DEBUG:robo.models.gaussian_process:GP Hyperparameters: [-1.5040774   0.          0.          0.          0.          0.
  0.          0.          0.          0.         -6.90775528]
INFO:robo.solver.bayesian_optimization:Time to train the model: 0.005549
INFO:robo.solver.bayesian_optimization:Maximize acquisition function...
INFO:robo.solver.bayesian_optimization:Time to maximize the acquisition function: 0.139376
INFO:robo.solver.bayesian_optimization:Optimization overhead was 0.145171 seconds
INFO:robo.solver.bayesian_optimization:Next candidate [ 24.22277063   3.38533059  94.17069772  79.81793154  62.35880295
  76.61699383  30.45257164 101.35926335 104.38046318]
DEBUG:robo.models.gaussian_process:GP Hyperparameters: [-1.5040774   3.18729313  1.21945156  4.54510907  4.37974819  4.13290485
  4.3388189   3.41617045  4.61867127  4.64804252 -6.90775528]
DEBUG:objective_function:F-score: 0.18735494197679076
INFO:robo.solver.bayesian_optimization:Configuration achieved a performance of 0.812645 
INFO:robo.solver.bayesian_optimization:Evaluation of this configuration took 0.009136 seconds
INFO:robo.solver.bayesian_optimization:Current incumbent [79.22941574  9.01546765 53.57498233 94.82159077 47.95113954 24.55263258
 78.50683656 95.26167358 38.27741628] with estimated performance 0.736212
INFO:robo.solver.bayesian_optimization:Start iteration 12 ... 
INFO:robo.solver.bayesian_optimization:Train model...
DEBUG:robo.models.gaussian_process:GP Hyperparameters: [-1.5040774   0.          0.          0.          0.          0.
  0.          0.          0.          0.         -6.90775528]
INFO:robo.solver.bayesian_optimization:Time to train the model: 0.005360
INFO:robo.solver.bayesian_optimization:Maximize acquisition function...
INFO:robo.solver.bayesian_optimization:Time to maximize the acquisition function: 0.138426
INFO:robo.solver.bayesian_optimization:Optimization overhead was 0.144050 seconds
INFO:robo.solver.bayesian_optimization:Next candidate [  4.9341207    6.56986242  89.92154699  78.97434067  74.40226765
   8.43994309 102.09009484  25.98934361  13.45628875]
DEBUG:robo.models.gaussian_process:GP Hyperparameters: [-1.5040774   1.59617448  1.88249289  4.49893759  4.369123    4.30948642
  2.13297557  4.62585571  3.25768659  2.59944656 -6.90775528]
DEBUG:objective_function:F-score: 0.19368063014679554
INFO:robo.solver.bayesian_optimization:Configuration achieved a performance of 0.806319 
INFO:robo.solver.bayesian_optimization:Evaluation of this configuration took 0.010479 seconds
INFO:robo.solver.bayesian_optimization:Current incumbent [79.22941574  9.01546765 53.57498233 94.82159077 47.95113954 24.55263258
 78.50683656 95.26167358 38.27741628] with estimated performance 0.736212
INFO:robo.solver.bayesian_optimization:Start iteration 13 ... 
INFO:robo.solver.bayesian_optimization:Train model...
DEBUG:robo.models.gaussian_process:GP Hyperparameters: [-1.5040774   0.          0.          0.          0.          0.
  0.          0.          0.          0.         -6.90775528]
INFO:robo.solver.bayesian_optimization:Time to train the model: 0.005560
INFO:robo.solver.bayesian_optimization:Maximize acquisition function...
INFO:robo.solver.bayesian_optimization:Time to maximize the acquisition function: 0.144274
INFO:robo.solver.bayesian_optimization:Optimization overhead was 0.150127 seconds
INFO:robo.solver.bayesian_optimization:Next candidate [ 40.82205985  80.83399239  85.89369293  99.36981348 103.53626482
  10.90209058  13.15741012  64.70218804  13.74476082]
DEBUG:robo.models.gaussian_process:GP Hyperparameters: [-1.5040774   3.70922262  4.39239757  4.4531104   4.59884838  4.63992194
  2.38895457  2.57698511  4.16979502  2.62065772 -6.90775528]
DEBUG:objective_function:F-score: 0.20935040682939846
INFO:robo.solver.bayesian_optimization:Configuration achieved a performance of 0.790650 
INFO:robo.solver.bayesian_optimization:Evaluation of this configuration took 0.009349 seconds
INFO:robo.solver.bayesian_optimization:Current incumbent [79.22941574  9.01546765 53.57498233 94.82159077 47.95113954 24.55263258
 78.50683656 95.26167358 38.27741628] with estimated performance 0.736212
INFO:robo.solver.bayesian_optimization:Start iteration 14 ... 
INFO:robo.solver.bayesian_optimization:Train model...
DEBUG:robo.models.gaussian_process:GP Hyperparameters: [-1.5040774   0.          0.          0.          0.          0.
  0.          0.          0.          0.         -6.90775528]
INFO:robo.solver.bayesian_optimization:Time to train the model: 0.005817
INFO:robo.solver.bayesian_optimization:Maximize acquisition function...
INFO:robo.solver.bayesian_optimization:Time to maximize the acquisition function: 0.141327
INFO:robo.solver.bayesian_optimization:Optimization overhead was 0.147419 seconds
INFO:robo.solver.bayesian_optimization:Next candidate [  5.03607625  98.66324494  88.7952379   31.35342232  87.31655372
  14.04495298  84.45238573 101.69726834  83.17958845]
DEBUG:robo.models.gaussian_process:GP Hyperparameters: [-1.5040774   1.61662726  4.59171249  4.48633302  3.44532343  4.46954006
  2.64226311  4.43618789  4.62200044  4.42100199 -6.90775528]
DEBUG:objective_function:F-score: 0.20138888888888887
INFO:robo.solver.bayesian_optimization:Configuration achieved a performance of 0.798611 
INFO:robo.solver.bayesian_optimization:Evaluation of this configuration took 0.008866 seconds
INFO:robo.solver.bayesian_optimization:Current incumbent [79.22941574  9.01546765 53.57498233 94.82159077 47.95113954 24.55263258
 78.50683656 95.26167358 38.27741628] with estimated performance 0.736212
INFO:robo.solver.bayesian_optimization:Start iteration 15 ... 
INFO:robo.solver.bayesian_optimization:Train model...
DEBUG:robo.models.gaussian_process:GP Hyperparameters: [-1.5040774   0.          0.          0.          0.          0.
  0.          0.          0.          0.         -6.90775528]
INFO:robo.solver.bayesian_optimization:Time to train the model: 0.005764
INFO:robo.solver.bayesian_optimization:Maximize acquisition function...
INFO:robo.solver.bayesian_optimization:Time to maximize the acquisition function: 0.141298
INFO:robo.solver.bayesian_optimization:Optimization overhead was 0.147308 seconds
INFO:robo.solver.bayesian_optimization:Next candidate [ 85.75056886  10.9358478    3.11805064  86.73473527  16.50827454
 102.51599904  52.41019865   3.20983327   5.20050365]
DEBUG:robo.models.gaussian_process:GP Hyperparameters: [-1.5040774   4.45144272  2.39204618  1.13720801  4.46285444  2.80386174
  4.63001887  3.9591012   1.16621899  1.64875548 -6.90775528]
DEBUG:objective_function:F-score: 0.18513839102074395
INFO:robo.solver.bayesian_optimization:Configuration achieved a performance of 0.814862 
INFO:robo.solver.bayesian_optimization:Evaluation of this configuration took 0.009034 seconds
INFO:robo.solver.bayesian_optimization:Current incumbent [79.22941574  9.01546765 53.57498233 94.82159077 47.95113954 24.55263258
 78.50683656 95.26167358 38.27741628] with estimated performance 0.736212
INFO:robo.solver.bayesian_optimization:Start iteration 16 ... 
INFO:robo.solver.bayesian_optimization:Train model...
DEBUG:robo.models.gaussian_process:GP Hyperparameters: [-1.5040774   0.          0.          0.          0.          0.
  0.          0.          0.          0.         -6.90775528]
INFO:robo.solver.bayesian_optimization:Time to train the model: 0.005667
INFO:robo.solver.bayesian_optimization:Maximize acquisition function...
INFO:robo.solver.bayesian_optimization:Time to maximize the acquisition function: 0.140068
INFO:robo.solver.bayesian_optimization:Optimization overhead was 0.145996 seconds
INFO:robo.solver.bayesian_optimization:Next candidate [  1.90017628  73.77990835  79.14922124  19.50461198  98.6305996
  27.16257674   5.87506743   7.98932936 103.04215928]
DEBUG:robo.models.gaussian_process:GP Hyperparameters: [-1.5040774   0.64194666  4.30108645  4.37133495  2.97065095  4.59138155
  3.30184017  1.77071754  2.07810682  4.63513822 -6.90775528]
DEBUG:objective_function:F-score: 0.2758376077703809
INFO:robo.solver.bayesian_optimization:Configuration achieved a performance of 0.724162 
INFO:robo.solver.bayesian_optimization:Evaluation of this configuration took 0.010676 seconds
INFO:robo.solver.bayesian_optimization:Current incumbent [  1.90017628  73.77990835  79.14922124  19.50461198  98.6305996
  27.16257674   5.87506743   7.98932936 103.04215928] with estimated performance 0.724162
INFO:robo.solver.bayesian_optimization:Start iteration 17 ... 
INFO:robo.solver.bayesian_optimization:Train model...
DEBUG:robo.models.gaussian_process:GP Hyperparameters: [-1.5040774   0.          0.          0.          0.          0.
  0.          0.          0.          0.         -6.90775528]
INFO:robo.solver.bayesian_optimization:Time to train the model: 0.005698
INFO:robo.solver.bayesian_optimization:Maximize acquisition function...
INFO:robo.solver.bayesian_optimization:Time to maximize the acquisition function: 0.157029
INFO:robo.solver.bayesian_optimization:Optimization overhead was 0.163025 seconds
INFO:robo.solver.bayesian_optimization:Next candidate [ 84.72831737  89.84569801  13.83610641   7.16302325  16.6883224
   6.06948224 101.37914864  43.92824985  50.24077438]
DEBUG:robo.models.gaussian_process:GP Hyperparameters: [-1.5040774   4.43944987  4.49809373  2.62728158  1.96893213  2.81470922
  1.8032733   4.61886744  3.78255762  3.91682694 -6.90775528]
DEBUG:objective_function:F-score: 0.1528050896471949
INFO:robo.solver.bayesian_optimization:Configuration achieved a performance of 0.847195 
INFO:robo.solver.bayesian_optimization:Evaluation of this configuration took 0.012608 seconds
INFO:robo.solver.bayesian_optimization:Current incumbent [  1.90017628  73.77990835  79.14922124  19.50461198  98.6305996
  27.16257674   5.87506743   7.98932936 103.04215928] with estimated performance 0.724162
INFO:robo.solver.bayesian_optimization:Start iteration 18 ... 
INFO:robo.solver.bayesian_optimization:Train model...
DEBUG:robo.models.gaussian_process:GP Hyperparameters: [-1.5040774   0.          0.          0.          0.          0.
  0.          0.          0.          0.         -6.90775528]
INFO:robo.solver.bayesian_optimization:Time to train the model: 0.006646
INFO:robo.solver.bayesian_optimization:Maximize acquisition function...
INFO:robo.solver.bayesian_optimization:Time to maximize the acquisition function: 0.162745
INFO:robo.solver.bayesian_optimization:Optimization overhead was 0.169897 seconds
INFO:robo.solver.bayesian_optimization:Next candidate [ 10.69866024   5.326999    72.36866696 102.19369357  12.96605821
  49.05334848  11.77140449  97.33432907  16.47161414]
DEBUG:robo.models.gaussian_process:GP Hyperparameters: [-1.5040774   2.37011852  1.67278804  4.28177343  4.62686997  2.56233504
  3.89290845  2.46567324  4.57815174  2.80163854 -6.90775528]
DEBUG:objective_function:F-score: 0.17462121212121212
INFO:robo.solver.bayesian_optimization:Configuration achieved a performance of 0.825379 
INFO:robo.solver.bayesian_optimization:Evaluation of this configuration took 0.009068 seconds
INFO:robo.solver.bayesian_optimization:Current incumbent [  1.90017628  73.77990835  79.14922124  19.50461198  98.6305996
  27.16257674   5.87506743   7.98932936 103.04215928] with estimated performance 0.724162
INFO:robo.solver.bayesian_optimization:Start iteration 19 ... 
INFO:robo.solver.bayesian_optimization:Train model...
DEBUG:robo.models.gaussian_process:GP Hyperparameters: [-1.5040774   0.          0.          0.          0.          0.
  0.          0.          0.          0.         -6.90775528]
INFO:robo.solver.bayesian_optimization:Time to train the model: 0.006919
INFO:robo.solver.bayesian_optimization:Maximize acquisition function...
INFO:robo.solver.bayesian_optimization:Time to maximize the acquisition function: 0.151850
INFO:robo.solver.bayesian_optimization:Optimization overhead was 0.159129 seconds
INFO:robo.solver.bayesian_optimization:Next candidate [ 93.59784892   4.35163225  57.75344435  73.28324268 102.35728265
  29.03887467   1.52619878  16.13299977  77.19153276]
DEBUG:robo.models.gaussian_process:GP Hyperparameters: [-1.5040774   4.5390074   1.470551    4.05618299  4.29433197  4.62846946
  3.36863544  0.42278019  2.78086685  4.34628977 -6.90775528]
DEBUG:objective_function:F-score: 0.22602887308769665
INFO:robo.solver.bayesian_optimization:Configuration achieved a performance of 0.773971 
INFO:robo.solver.bayesian_optimization:Evaluation of this configuration took 0.010044 seconds
INFO:robo.solver.bayesian_optimization:Current incumbent [  1.90017628  73.77990835  79.14922124  19.50461198  98.6305996
  27.16257674   5.87506743   7.98932936 103.04215928] with estimated performance 0.724162
INFO:robo.solver.bayesian_optimization:Start iteration 20 ... 
INFO:robo.solver.bayesian_optimization:Train model...
DEBUG:robo.models.gaussian_process:GP Hyperparameters: [-1.5040774   0.          0.          0.          0.          0.
  0.          0.          0.          0.         -6.90775528]
INFO:robo.solver.bayesian_optimization:Time to train the model: 0.005734
INFO:robo.solver.bayesian_optimization:Maximize acquisition function...
INFO:robo.solver.bayesian_optimization:Time to maximize the acquisition function: 0.152103
INFO:robo.solver.bayesian_optimization:Optimization overhead was 0.158085 seconds
INFO:robo.solver.bayesian_optimization:Next candidate [ 18.80878278  98.8983339   95.14504164  92.38102397  79.13152282
 100.42654755  80.89862201  99.939597    24.38436472]
DEBUG:robo.models.gaussian_process:GP Hyperparameters: [-1.5040774   2.93432393  4.59409239  4.55540248  4.52592159  4.37111131
  4.60942659  4.39319679  4.60456597  3.19394214 -6.90775528]
DEBUG:objective_function:F-score: 0.18055222088835535
INFO:robo.solver.bayesian_optimization:Configuration achieved a performance of 0.819448 
INFO:robo.solver.bayesian_optimization:Evaluation of this configuration took 0.009784 seconds
INFO:robo.solver.bayesian_optimization:Current incumbent [  1.90017628  73.77990835  79.14922124  19.50461198  98.6305996
  27.16257674   5.87506743   7.98932936 103.04215928] with estimated performance 0.724162
INFO:robo.solver.bayesian_optimization:Start iteration 21 ... 
INFO:robo.solver.bayesian_optimization:Train model...
DEBUG:robo.models.gaussian_process:GP Hyperparameters: [-1.5040774   0.          0.          0.          0.          0.
  0.          0.          0.          0.         -6.90775528]
INFO:robo.solver.bayesian_optimization:Time to train the model: 0.005598
INFO:robo.solver.bayesian_optimization:Maximize acquisition function...
INFO:robo.solver.bayesian_optimization:Time to maximize the acquisition function: 0.143866
INFO:robo.solver.bayesian_optimization:Optimization overhead was 0.150063 seconds
INFO:robo.solver.bayesian_optimization:Next candidate [ 17.44568371 100.3644106   11.09034096  82.5759534   97.42217855
   5.75230568  82.94115378  52.11027668  99.67170765]
DEBUG:robo.models.gaussian_process:GP Hyperparameters: [-1.5040774   2.85909227  4.60880767  2.40607455  4.41371852  4.57905389
  1.74960076  4.41813137  3.95336218  4.60188186 -6.90775528]
DEBUG:objective_function:F-score: 0.23780718765238892
INFO:robo.solver.bayesian_optimization:Configuration achieved a performance of 0.762193 
INFO:robo.solver.bayesian_optimization:Evaluation of this configuration took 0.008933 seconds
INFO:robo.solver.bayesian_optimization:Current incumbent [  1.90017628  73.77990835  79.14922124  19.50461198  98.6305996
  27.16257674   5.87506743   7.98932936 103.04215928] with estimated performance 0.724162
INFO:robo.solver.bayesian_optimization:Start iteration 22 ... 
INFO:robo.solver.bayesian_optimization:Train model...
DEBUG:robo.models.gaussian_process:GP Hyperparameters: [-1.5040774   0.          0.          0.          0.          0.
  0.          0.          0.          0.         -6.90775528]
INFO:robo.solver.bayesian_optimization:Time to train the model: 0.007063
INFO:robo.solver.bayesian_optimization:Maximize acquisition function...
INFO:robo.solver.bayesian_optimization:Time to maximize the acquisition function: 0.141630
INFO:robo.solver.bayesian_optimization:Optimization overhead was 0.149016 seconds
INFO:robo.solver.bayesian_optimization:Next candidate [ 89.12545434 102.03846164  20.7159972   87.77251354   2.96465202
  93.9883744    6.0699851   70.69254359   6.6333852 ]
DEBUG:robo.models.gaussian_process:GP Hyperparameters: [-1.5040774   4.49004498  4.62534982  3.03090621  4.47474839  1.08675966
  4.5431711   1.80335615  4.2583401   1.89211526 -6.90775528]
DEBUG:objective_function:F-score: 0.11818910256410257
INFO:robo.solver.bayesian_optimization:Configuration achieved a performance of 0.881811 
INFO:robo.solver.bayesian_optimization:Evaluation of this configuration took 0.008846 seconds
INFO:robo.solver.bayesian_optimization:Current incumbent [  1.90017628  73.77990835  79.14922124  19.50461198  98.6305996
  27.16257674   5.87506743   7.98932936 103.04215928] with estimated performance 0.724162
INFO:robo.solver.bayesian_optimization:Start iteration 23 ... 
INFO:robo.solver.bayesian_optimization:Train model...
DEBUG:robo.models.gaussian_process:GP Hyperparameters: [-1.5040774   0.          0.          0.          0.          0.
  0.          0.          0.          0.         -6.90775528]
INFO:robo.solver.bayesian_optimization:Time to train the model: 0.005801
INFO:robo.solver.bayesian_optimization:Maximize acquisition function...
INFO:robo.solver.bayesian_optimization:Time to maximize the acquisition function: 0.143951
INFO:robo.solver.bayesian_optimization:Optimization overhead was 0.150032 seconds
INFO:robo.solver.bayesian_optimization:Next candidate [  1.60818794  75.87046218  89.1504251  103.71772204  13.02202458
  94.78397555  40.23148475   2.90986514  83.80863348]
DEBUG:robo.models.gaussian_process:GP Hyperparameters: [-1.5040774   0.47510804  4.32902744  4.49032511  4.641673    2.56664212
  4.55160036  3.69464989  1.06810674  4.42853603 -6.90775528]
DEBUG:objective_function:F-score: 0.18519254867939078
INFO:robo.solver.bayesian_optimization:Configuration achieved a performance of 0.814807 
INFO:robo.solver.bayesian_optimization:Evaluation of this configuration took 0.008965 seconds
INFO:robo.solver.bayesian_optimization:Current incumbent [  1.90017628  73.77990835  79.14922124  19.50461198  98.6305996
  27.16257674   5.87506743   7.98932936 103.04215928] with estimated performance 0.724162
INFO:robo.solver.bayesian_optimization:Start iteration 24 ... 
INFO:robo.solver.bayesian_optimization:Train model...
DEBUG:robo.models.gaussian_process:GP Hyperparameters: [-1.5040774   0.          0.          0.          0.          0.
  0.          0.          0.          0.         -6.90775528]
INFO:robo.solver.bayesian_optimization:Time to train the model: 0.005669
INFO:robo.solver.bayesian_optimization:Maximize acquisition function...
INFO:robo.solver.bayesian_optimization:Time to maximize the acquisition function: 0.140853
INFO:robo.solver.bayesian_optimization:Optimization overhead was 0.146814 seconds
INFO:robo.solver.bayesian_optimization:Next candidate [  9.48581223  84.0807961    6.8144126    7.83576128   5.07438098
  80.00036594 102.0397528   96.71849373  20.86169723]
DEBUG:robo.models.gaussian_process:GP Hyperparameters: [-1.5040774   2.24979723  4.43177819  1.91903987  2.05869803  1.62420454
  4.38203121  4.62536247  4.57180463  3.03791481 -6.90775528]
DEBUG:objective_function:F-score: 0.14299068986568986
INFO:robo.solver.bayesian_optimization:Configuration achieved a performance of 0.857009 
INFO:robo.solver.bayesian_optimization:Evaluation of this configuration took 0.009856 seconds
INFO:robo.solver.bayesian_optimization:Current incumbent [  1.90017628  73.77990835  79.14922124  19.50461198  98.6305996
  27.16257674   5.87506743   7.98932936 103.04215928] with estimated performance 0.724162
INFO:robo.solver.bayesian_optimization:Start iteration 25 ... 
INFO:robo.solver.bayesian_optimization:Train model...
DEBUG:robo.models.gaussian_process:GP Hyperparameters: [-1.5040774   0.          0.          0.          0.          0.
  0.          0.          0.          0.         -6.90775528]
INFO:robo.solver.bayesian_optimization:Time to train the model: 0.005790
INFO:robo.solver.bayesian_optimization:Maximize acquisition function...
INFO:robo.solver.bayesian_optimization:Time to maximize the acquisition function: 0.146153
INFO:robo.solver.bayesian_optimization:Optimization overhead was 0.152217 seconds
INFO:robo.solver.bayesian_optimization:Next candidate [ 72.88820802  89.73500244  92.79361122  90.10845682   5.08219123
  10.73233682  82.5356942   16.70715134 102.16675102]
DEBUG:robo.models.gaussian_process:GP Hyperparameters: [-1.5040774   4.28892687  4.49686091  4.53037779  4.50101402  1.62574251
  2.37326132  4.41323086  2.81583685  4.62660629 -6.90775528]
DEBUG:objective_function:F-score: 0.13707264957264956
INFO:robo.solver.bayesian_optimization:Configuration achieved a performance of 0.862927 
INFO:robo.solver.bayesian_optimization:Evaluation of this configuration took 0.010514 seconds
INFO:robo.solver.bayesian_optimization:Current incumbent [  1.90017628  73.77990835  79.14922124  19.50461198  98.6305996
  27.16257674   5.87506743   7.98932936 103.04215928] with estimated performance 0.724162
INFO:robo.solver.bayesian_optimization:Start iteration 26 ... 
INFO:robo.solver.bayesian_optimization:Train model...
DEBUG:robo.models.gaussian_process:GP Hyperparameters: [-1.5040774   0.          0.          0.          0.          0.
  0.          0.          0.          0.         -6.90775528]
INFO:robo.solver.bayesian_optimization:Time to train the model: 0.005750
INFO:robo.solver.bayesian_optimization:Maximize acquisition function...
INFO:robo.solver.bayesian_optimization:Time to maximize the acquisition function: 0.139996
INFO:robo.solver.bayesian_optimization:Optimization overhead was 0.146034 seconds
INFO:robo.solver.bayesian_optimization:Next candidate [83.88631438 11.11563564 91.99069022 11.0552774  42.01463798 89.22180181
 28.97437055 26.81734812 40.88082673]
DEBUG:robo.models.gaussian_process:GP Hyperparameters: [-1.5040774   4.42946248  2.40835273  4.52168738  2.40290791  3.73801808
  4.49112542  3.36641167  3.289049    3.71066117 -6.90775528]
DEBUG:objective_function:F-score: 0.1841628959276018
INFO:robo.solver.bayesian_optimization:Configuration achieved a performance of 0.815837 
INFO:robo.solver.bayesian_optimization:Evaluation of this configuration took 0.009571 seconds
INFO:robo.solver.bayesian_optimization:Current incumbent [  1.90017628  73.77990835  79.14922124  19.50461198  98.6305996
  27.16257674   5.87506743   7.98932936 103.04215928] with estimated performance 0.724162
INFO:robo.solver.bayesian_optimization:Start iteration 27 ... 
INFO:robo.solver.bayesian_optimization:Train model...
DEBUG:robo.models.gaussian_process:GP Hyperparameters: [-1.5040774   0.          0.          0.          0.          0.
  0.          0.          0.          0.         -6.90775528]
INFO:robo.solver.bayesian_optimization:Time to train the model: 0.006540
INFO:robo.solver.bayesian_optimization:Maximize acquisition function...
INFO:robo.solver.bayesian_optimization:Time to maximize the acquisition function: 0.144184
INFO:robo.solver.bayesian_optimization:Optimization overhead was 0.150996 seconds
INFO:robo.solver.bayesian_optimization:Next candidate [ 41.86367092   8.12617415  10.3425695   44.87611824 104.54425091
  22.66802463 102.82534462  16.65017133   6.55865277]
DEBUG:robo.models.gaussian_process:GP Hyperparameters: [-1.5040774   3.73441841  2.09509023  2.33626834  3.80390577  4.64961044
  3.12095533  4.63303187  2.81242051  1.88078521 -6.90775528]
DEBUG:objective_function:F-score: 0.3305027274067522
INFO:robo.solver.bayesian_optimization:Configuration achieved a performance of 0.669497 
INFO:robo.solver.bayesian_optimization:Evaluation of this configuration took 0.009472 seconds
INFO:robo.solver.bayesian_optimization:Current incumbent [ 41.86367092   8.12617415  10.3425695   44.87611824 104.54425091
  22.66802463 102.82534462  16.65017133   6.55865277] with estimated performance 0.669497
INFO:robo.solver.bayesian_optimization:Start iteration 28 ... 
INFO:robo.solver.bayesian_optimization:Train model...
DEBUG:robo.models.gaussian_process:GP Hyperparameters: [-1.5040774   0.          0.          0.          0.          0.
  0.          0.          0.          0.         -6.90775528]
INFO:robo.solver.bayesian_optimization:Time to train the model: 0.005629
INFO:robo.solver.bayesian_optimization:Maximize acquisition function...
INFO:robo.solver.bayesian_optimization:Time to maximize the acquisition function: 0.149426
INFO:robo.solver.bayesian_optimization:Optimization overhead was 0.155317 seconds
INFO:robo.solver.bayesian_optimization:Next candidate [ 81.46675531   5.88329118  69.76279481   8.48864793 103.69660134
  55.06477062  99.7005672   39.08269907  99.94539957]
DEBUG:robo.models.gaussian_process:GP Hyperparameters: [-1.5040774   4.40019503  1.77211633  4.24510084  2.13872973  4.64146934
  4.00851014  4.60217137  3.66567989  4.60462403 -6.90775528]
DEBUG:objective_function:F-score: 0.21993720565149136
INFO:robo.solver.bayesian_optimization:Configuration achieved a performance of 0.780063 
INFO:robo.solver.bayesian_optimization:Evaluation of this configuration took 0.008937 seconds
INFO:robo.solver.bayesian_optimization:Current incumbent [ 41.86367092   8.12617415  10.3425695   44.87611824 104.54425091
  22.66802463 102.82534462  16.65017133   6.55865277] with estimated performance 0.669497
INFO:robo.solver.bayesian_optimization:Start iteration 29 ... 
INFO:robo.solver.bayesian_optimization:Train model...
DEBUG:robo.models.gaussian_process:GP Hyperparameters: [-1.5040774   0.          0.          0.          0.          0.
  0.          0.          0.          0.         -6.90775528]
INFO:robo.solver.bayesian_optimization:Time to train the model: 0.005790
INFO:robo.solver.bayesian_optimization:Maximize acquisition function...
INFO:robo.solver.bayesian_optimization:Time to maximize the acquisition function: 0.143892
INFO:robo.solver.bayesian_optimization:Optimization overhead was 0.149942 seconds
INFO:robo.solver.bayesian_optimization:Next candidate [ 14.30640816   2.89847606  24.36986269  98.98454796 102.62139172
  77.71599732  18.12813242  46.23347343  44.46253025]
DEBUG:robo.models.gaussian_process:GP Hyperparameters: [-1.5040774   2.66070756  1.0641851   3.19334723  4.59496376  4.63104641
  4.35306112  2.89746501  3.83370407  3.79464682 -6.90775528]
DEBUG:objective_function:F-score: 0.28664709473533007
INFO:robo.solver.bayesian_optimization:Configuration achieved a performance of 0.713353 
INFO:robo.solver.bayesian_optimization:Evaluation of this configuration took 0.009168 seconds
INFO:robo.solver.bayesian_optimization:Current incumbent [ 41.86367092   8.12617415  10.3425695   44.87611824 104.54425091
  22.66802463 102.82534462  16.65017133   6.55865277] with estimated performance 0.669497
INFO:robo.solver.bayesian_optimization:Return [41.86367091862655, 8.126174149980953, 10.342569499228915, 44.87611823994366, 104.54425090704005, 22.668024633526873, 102.82534462490189, 16.6501713313811, 6.55865276672481] as incumbent with error 0.669497 
